Removed Pin From Net: NetName=VDD_EXT Pin=C55-1
Removed Pin From Net: NetName=VDD_EXT Pin=C57-1
Removed Pin From Net: NetName=USIM_GND Pin=C58-2
Removed Pin From Net: NetName=USIM_GND Pin=Q10-2
Removed Pin From Net: NetName=VDD_EXT Pin=R46-2
Removed Pin From Net: NetName=VDD_EXT Pin=R49-2
Removed Pin From Net: NetName=VCC Pin=R52-2
Removed Pin From Net: NetName=VDD_EXT Pin=R54-2
Removed Pin From Net: NetName=USIM_GND Pin=R61-1
Removed Pin From Net: NetName=E_INT Pin=U2-8
Removed Pin From Net: NetName=DIGITAL_INPUT1 Pin=U2-72
Removed Pin From Net: NetName=DIGITAL_INPUT2 Pin=U2-76
Removed Member From Class: ClassName=ANT Member=C18
Removed Member From Class: ClassName=ANT Member=C20
Removed Member From Class: ClassName=ANT Member=C33
Removed Member From Class: ClassName=SIM CARD Member=C55
Removed Member From Class: ClassName=SIM CARD Member=C60
Removed Member From Class: ClassName=SIM CARD Member=C61
Removed Member From Class: ClassName=ANT Member=L3
Removed Member From Class: ClassName=Peripherals Member=P4
Removed Member From Class: ClassName=SIM CARD Member=Q8
Removed Member From Class: ClassName=SIM CARD Member=Q9
Removed Member From Class: ClassName=SIM CARD Member=Q10
Removed Member From Class: ClassName=SIM CARD Member=R52
Removed Member From Class: ClassName=SIM CARD Member=R54
Removed Member From Class: ClassName=SIM CARD Member=R55
Removed Member From Class: ClassName=SIM CARD Member=R56
Removed Member From Class: ClassName=SIM CARD Member=R57
Removed Member From Class: ClassName=SIM CARD Member=R58
Removed Member From Class: ClassName=SIM CARD Member=R60
Removed Member From Class: ClassName=SIM CARD Member=R61
Removed Member From Class: ClassName=SIM CARD Member=R62
Change Component Footprint: Designator=R8 Old Footprint=FP-CRG0805-IPC_A New Footprint=FP-CRG0805-IPC_A
Change Component Footprint: Designator=R9 Old Footprint=FP-CRG0805-IPC_A New Footprint=FP-CRG0805-IPC_A
Change Component Footprint: Designator=R14 Old Footprint=FP-CRG0805-IPC_A New Footprint=FP-CRG0805-IPC_A
Change Component Footprint: Designator=R54 Old Footprint=FP-CRG0805-IPC_A New Footprint=FP-ESR10-IPC_A
Change Component Footprint: Designator=R56 Old Footprint=FP-CRG0805-IPC_A New Footprint=FP-ESR10-IPC_A
Change Component Footprint: Designator=R60 Old Footprint=FP-CRG0805-IPC_A New Footprint=FP-ESR10-IPC_A
Change Component Footprint: Designator=R52 Old Footprint=RESC2013X60X35NL10T20 New Footprint=FP-AC0603-IPC_A
Change Component Footprint: Designator=R58 Old Footprint=RESC2013X60X35NL10T20 New Footprint=FP-CRGCQ0603-IPC_C
Change Component Footprint: Designator=R61 Old Footprint=RESC2013X60X35NL10T20 New Footprint=FP-ESR10-IPC_A
Change Component Comment : Designator=R56 Old Comment=CRG0805F1K0 New Comment=4K
Change Component Comment : Designator=R54 Old Comment=CRG0805F1K0 New Comment=DNP
Change Component Comment : Designator=R60 Old Comment=CRG0805F1K0 New Comment=DNP
Change Component Comment : Designator=R61 Old Comment=RC0805FR-0710KL New Comment=4K
Change Component Comment : Designator=R52 Old Comment=RC0805FR-0710KL New Comment=AC0603JR-0710ML
Change Component Comment : Designator=R58 Old Comment=RC0805FR-0710KL New Comment=CRGCQ0603F1K2
Change Component Designator: OldDesignator=C17 NewDesignator=C18
Change Component Designator: OldDesignator=C18 NewDesignator=C19
Change Component Designator: OldDesignator=C19 NewDesignator=C20
Change Component Designator: OldDesignator=C20 NewDesignator=C21
Change Component Designator: OldDesignator=C21 NewDesignator=C22
Change Component Designator: OldDesignator=C22 NewDesignator=C23
Change Component Designator: OldDesignator=C23 NewDesignator=C24
Change Component Designator: OldDesignator=C24 NewDesignator=C25
Change Component Designator: OldDesignator=C25 NewDesignator=C26
Change Component Designator: OldDesignator=C26 NewDesignator=C27
Change Component Designator: OldDesignator=C27 NewDesignator=C28
Change Component Designator: OldDesignator=C28 NewDesignator=C29
Change Component Designator: OldDesignator=C29 NewDesignator=C30
Change Component Designator: OldDesignator=C30 NewDesignator=C31
Change Component Designator: OldDesignator=C31 NewDesignator=C32
Change Component Designator: OldDesignator=C32 NewDesignator=C33
Change Component Designator: OldDesignator=C33 NewDesignator=C34
Change Component Designator: OldDesignator=C34 NewDesignator=C35
Change Component Designator: OldDesignator=C35 NewDesignator=C36
Change Component Designator: OldDesignator=C36 NewDesignator=C37
Change Component Designator: OldDesignator=C37 NewDesignator=C38
Change Component Designator: OldDesignator=C38 NewDesignator=C39
Change Component Designator: OldDesignator=C39 NewDesignator=C40
Change Component Designator: OldDesignator=C40 NewDesignator=C41
Change Component Designator: OldDesignator=C41 NewDesignator=C42
Change Component Designator: OldDesignator=C42 NewDesignator=C43
Change Component Designator: OldDesignator=C43 NewDesignator=C44
Change Component Designator: OldDesignator=C44 NewDesignator=C45
Change Component Designator: OldDesignator=C45 NewDesignator=C46
Change Component Designator: OldDesignator=C46 NewDesignator=C47
Change Component Designator: OldDesignator=C47 NewDesignator=C48
Change Component Designator: OldDesignator=C48 NewDesignator=C49
Change Component Designator: OldDesignator=C49 NewDesignator=C50
Change Component Designator: OldDesignator=C50 NewDesignator=C51
Change Component Designator: OldDesignator=C51 NewDesignator=C52
Change Component Designator: OldDesignator=C52 NewDesignator=C53
Change Component Designator: OldDesignator=C53 NewDesignator=C54
Change Component Designator: OldDesignator=C54 NewDesignator=C55
Change Component Designator: OldDesignator=C59 NewDesignator=C57
Change Component Designator: OldDesignator=C60 NewDesignator=C58
Change Component Designator: OldDesignator=C61 NewDesignator=C59
Change Component Designator: OldDesignator=J3 NewDesignator=J4
Change Component Designator: OldDesignator=J4 NewDesignator=J5
Change Component Designator: OldDesignator=P4 NewDesignator=P5
Change Component Designator: OldDesignator=P5 NewDesignator=P6
Change Component Designator: OldDesignator=P6 NewDesignator=P7
Change Component Designator: OldDesignator=Q6 NewDesignator=Q5
Change Component Designator: OldDesignator=Q7 NewDesignator=Q6
Change Component Designator: OldDesignator=Q9 NewDesignator=Q7
Change Component Designator: OldDesignator=R4 NewDesignator=R1
Change Component Designator: OldDesignator=R5 NewDesignator=R2
Change Component Designator: OldDesignator=R6 NewDesignator=R3
Change Component Designator: OldDesignator=R7 NewDesignator=R4
Change Component Designator: OldDesignator=R8 NewDesignator=R5
Change Component Designator: OldDesignator=R9 NewDesignator=R6
Change Component Designator: OldDesignator=R10 NewDesignator=R7
Change Component Designator: OldDesignator=R11 NewDesignator=R8
Change Component Designator: OldDesignator=R12 NewDesignator=R9
Change Component Designator: OldDesignator=R13 NewDesignator=R10
Change Component Designator: OldDesignator=R14 NewDesignator=R11
Change Component Designator: OldDesignator=R15 NewDesignator=R12
Change Component Designator: OldDesignator=R16 NewDesignator=R13
Change Component Designator: OldDesignator=R17 NewDesignator=R14
Change Component Designator: OldDesignator=R18 NewDesignator=R15
Change Component Designator: OldDesignator=R19 NewDesignator=R16
Change Component Designator: OldDesignator=R20 NewDesignator=R17
Change Component Designator: OldDesignator=R21 NewDesignator=R18
Change Component Designator: OldDesignator=R22 NewDesignator=R19
Change Component Designator: OldDesignator=R23 NewDesignator=R20
Change Component Designator: OldDesignator=R24 NewDesignator=R21
Change Component Designator: OldDesignator=R25 NewDesignator=R22
Change Component Designator: OldDesignator=R26 NewDesignator=R24
Change Component Designator: OldDesignator=R27 NewDesignator=R25
Change Component Designator: OldDesignator=R28 NewDesignator=R26
Change Component Designator: OldDesignator=R29 NewDesignator=R27
Change Component Designator: OldDesignator=R30 NewDesignator=R28
Change Component Designator: OldDesignator=R31 NewDesignator=R29
Change Component Designator: OldDesignator=R32 NewDesignator=R30
Change Component Designator: OldDesignator=R33 NewDesignator=R31
Change Component Designator: OldDesignator=R34 NewDesignator=R32
Change Component Designator: OldDesignator=R35 NewDesignator=R33
Change Component Designator: OldDesignator=R36 NewDesignator=R34
Change Component Designator: OldDesignator=R37 NewDesignator=R35
Change Component Designator: OldDesignator=R38 NewDesignator=R36
Change Component Designator: OldDesignator=R39 NewDesignator=R37
Change Component Designator: OldDesignator=R40 NewDesignator=R38
Change Component Designator: OldDesignator=R41 NewDesignator=R39
Change Component Designator: OldDesignator=R42 NewDesignator=R40
Change Component Designator: OldDesignator=R43 NewDesignator=R41
Change Component Designator: OldDesignator=R45 NewDesignator=R42
Change Component Designator: OldDesignator=R47 NewDesignator=R43
Change Component Designator: OldDesignator=R48 NewDesignator=R44
Change Component Designator: OldDesignator=R50 NewDesignator=R45
Change Component Designator: OldDesignator=R51 NewDesignator=R46
Change Component Designator: OldDesignator=R53 NewDesignator=R47
Change Component Designator: OldDesignator=R55 NewDesignator=R48
Change Component Designator: OldDesignator=R57 NewDesignator=R49
Change Component Designator: OldDesignator=R59 NewDesignator=R50
Change Component Designator: OldDesignator=R62 NewDesignator=R51
Change Component Designator: OldDesignator=U6 NewDesignator=U7
Change Component Designator: OldDesignator=U7 NewDesignator=U8
Change Component Designator: OldDesignator=U8 NewDesignator=U9
Change Component Designator: OldDesignator=U9 NewDesignator=U10
Change Component Designator: OldDesignator=U10 NewDesignator=U11
Change Managed Component Library Link : Designator=R52 Old VaultGUID=B7D15EC3-160A-466F-A46C-7801FE6295A7 New VaultGUID=B7D15EC3-160A-466F-A46C-7801FE6295A7 Old ItemGUID=D2BB4EBD-434C-4A0A-87C3-92BF88F0847C New ItemGUID=D1B2D42B-E743-4203-832A-23A03845FDF4 Old RevisionGUID=E93F9D83-9F5D-47E9-B6A2-6EB4829C9051 New RevisionGUID=6DD1BEF0-8E37-41AB-975A-78A091A8B6A6
Change Managed Component Library Link : Designator=R54 Old VaultGUID=B7D15EC3-160A-466F-A46C-7801FE6295A7 New VaultGUID=B7D15EC3-160A-466F-A46C-7801FE6295A7 Old ItemGUID=898AFC8D-F483-42B8-8FB4-BE2DF5890F2D New ItemGUID=B950F522-FAE4-4E99-99C2-44B41E343A95 Old RevisionGUID=D540F67E-0B63-4006-B737-0B33EA3E93EA New RevisionGUID=000008AD-378F-4908-A010-B88D2B641D26
Change Managed Component Library Link : Designator=R56 Old VaultGUID=B7D15EC3-160A-466F-A46C-7801FE6295A7 New VaultGUID=B7D15EC3-160A-466F-A46C-7801FE6295A7 Old ItemGUID=898AFC8D-F483-42B8-8FB4-BE2DF5890F2D New ItemGUID=B950F522-FAE4-4E99-99C2-44B41E343A95 Old RevisionGUID=D540F67E-0B63-4006-B737-0B33EA3E93EA New RevisionGUID=000008AD-378F-4908-A010-B88D2B641D26
Change Managed Component Library Link : Designator=R58 Old VaultGUID=B7D15EC3-160A-466F-A46C-7801FE6295A7 New VaultGUID=B7D15EC3-160A-466F-A46C-7801FE6295A7 Old ItemGUID=D2BB4EBD-434C-4A0A-87C3-92BF88F0847C New ItemGUID=27E6423A-EF00-47CD-87B7-D77EA966A5FB Old RevisionGUID=E93F9D83-9F5D-47E9-B6A2-6EB4829C9051 New RevisionGUID=187CDD95-3C13-45B1-A17C-0B1C145790E4
Change Managed Component Library Link : Designator=R60 Old VaultGUID=B7D15EC3-160A-466F-A46C-7801FE6295A7 New VaultGUID=B7D15EC3-160A-466F-A46C-7801FE6295A7 Old ItemGUID=898AFC8D-F483-42B8-8FB4-BE2DF5890F2D New ItemGUID=B950F522-FAE4-4E99-99C2-44B41E343A95 Old RevisionGUID=D540F67E-0B63-4006-B737-0B33EA3E93EA New RevisionGUID=000008AD-378F-4908-A010-B88D2B641D26
Change Managed Component Library Link : Designator=R61 Old VaultGUID=B7D15EC3-160A-466F-A46C-7801FE6295A7 New VaultGUID=B7D15EC3-160A-466F-A46C-7801FE6295A7 Old ItemGUID=D2BB4EBD-434C-4A0A-87C3-92BF88F0847C New ItemGUID=B950F522-FAE4-4E99-99C2-44B41E343A95 Old RevisionGUID=E93F9D83-9F5D-47E9-B6A2-6EB4829C9051 New RevisionGUID=000008AD-378F-4908-A010-B88D2B641D26
Change component parameters: Designator = "R52" ("R52"); Footprint = "RESC2013X60X35NL10T20"; UniqueID = "\PAVASNDZ" ("\PAVASNDZ")
Change component parameters (AddParameter): Name = "Case Code (Imperial)"; Value = "0603"; VariantName = "[No Variations]"
Change component parameters (AddParameter): Name = "Case Code (Metric)"; Value = "1608"; VariantName = "[No Variations]"
Change component parameters (AddParameter): Name = "Case/Package"; Value = "0603"; VariantName = "[No Variations]"
Change component parameters (AddParameter): Name = "Features"; Value = "Moisture Resistant"; VariantName = "[No Variations]"
Change component parameters (AddParameter): Name = "Height"; Value = "0.45mm"; VariantName = "[No Variations]"
Change component parameters (AddParameter): Name = "Length"; Value = "1.6mm"; VariantName = "[No Variations]"
Change component parameters (AddParameter): Name = "Max Operating Temperature"; Value = "155°C"; VariantName = "[No Variations]"
Change component parameters (AddParameter): Name = "Max Power Dissipation"; Value = "100mW"; VariantName = "[No Variations]"
Change component parameters (AddParameter): Name = "Min Operating Temperature"; Value = "-55°C"; VariantName = "[No Variations]"
Change component parameters (AddParameter): Name = "Number of Terminations"; Value = "2"; VariantName = "[No Variations]"
Change component parameters (AddParameter): Name = "Packaging"; Value = "Tape and Reel"; VariantName = "[No Variations]"
Change component parameters (AddParameter): Name = "Power Rating"; Value = "100mW"; VariantName = "[No Variations]"
Change component parameters (AddParameter): Name = "Ratings"; Value = "AEC-Q200"; VariantName = "[No Variations]"
Change component parameters (AddParameter): Name = "Resistance"; Value = "10MR"; VariantName = "[No Variations]"
Change component parameters (AddParameter): Name = "Resistor Type"; Value = "Thick Film"; VariantName = "[No Variations]"
Change component parameters (AddParameter): Name = "RoHS Compliant"; Value = "Yes"; VariantName = "[No Variations]"
Change component parameters (AddParameter): Name = "Series"; Value = "AC"; VariantName = "[No Variations]"
Change component parameters (AddParameter): Name = "Temperature Coefficient"; Value = "100ppm/°C"; VariantName = "[No Variations]"
Change component parameters (AddParameter): Name = "Termination"; Value = "SMD/SMT"; VariantName = "[No Variations]"
Change component parameters (AddParameter): Name = "Tolerance"; Value = "5%"; VariantName = "[No Variations]"
Change component parameters (AddParameter): Name = "Voltage Rating"; Value = "50V"; VariantName = "[No Variations]"
Change component parameters (AddParameter): Name = "Weight"; Value = "7.1E-05oz"; VariantName = "[No Variations]"
Change component parameters (AddParameter): Name = "Width"; Value = "0.8mm"; VariantName = "[No Variations]"
Change component parameters: Designator = "R54" ("R54"); Footprint = "FP-CRG0805-IPC_A"; UniqueID = "\XONZTULT" ("\XONZTULT")
Change component parameters (AddParameter): Name = "Case/Package"; Value = "0805"; VariantName = "[No Variations]"
Change component parameters (AddParameter): Name = "Features"; Value = "Automotive AEC-Q200"; VariantName = "[No Variations]"
Change component parameters (AddParameter): Name = "Height"; Value = "0.026inch"; VariantName = "[No Variations]"
Change component parameters (AddParameter): Name = "Length"; Value = "0.079inch"; VariantName = "[No Variations]"
Change component parameters (AddParameter): Name = "Max Operating Temperature"; Value = "155°C"; VariantName = "[No Variations]"
Change component parameters (AddParameter): Name = "Max Power Dissipation"; Value = "400mW"; VariantName = "[No Variations]"
Change component parameters (AddParameter): Name = "Min Operating Temperature"; Value = "-55°C"; VariantName = "[No Variations]"
Change component parameters (AddParameter): Name = "Number of Terminations"; Value = "2"; VariantName = "[No Variations]"
Change component parameters (AddParameter): Name = "Package Quantity"; Value = "5000"; VariantName = "[No Variations]"
Change component parameters (AddParameter): Name = "Packaging"; Value = "Tape and Reel"; VariantName = "[No Variations]"
Change component parameters (AddParameter): Name = "Resistance"; Value = "35.7R"; VariantName = "[No Variations]"
Change component parameters (AddParameter): Name = "Resistor Type"; Value = "Thick Film"; VariantName = "[No Variations]"
Change component parameters (AddParameter): Name = "RoHS Compliant"; Value = "Yes"; VariantName = "[No Variations]"
Change component parameters (AddParameter): Name = "Series"; Value = "ESR10"; VariantName = "[No Variations]"
Change component parameters (AddParameter): Name = "Temperature Coefficient"; Value = "100ppm/°C"; VariantName = "[No Variations]"
Change component parameters (AddParameter): Name = "Tolerance"; Value = "1%"; VariantName = "[No Variations]"
Change component parameters (AddParameter): Name = "Width"; Value = "0.049inch"; VariantName = "[No Variations]"
Change component parameters: Designator = "R56" ("R56"); Footprint = "FP-CRG0805-IPC_A"; UniqueID = "\OUBZGWRU" ("\OUBZGWRU")
Change component parameters (AddParameter): Name = "Case/Package"; Value = "0805"; VariantName = "[No Variations]"
Change component parameters (AddParameter): Name = "Features"; Value = "Automotive AEC-Q200"; VariantName = "[No Variations]"
Change component parameters (AddParameter): Name = "Height"; Value = "0.026inch"; VariantName = "[No Variations]"
Change component parameters (AddParameter): Name = "Length"; Value = "0.079inch"; VariantName = "[No Variations]"
Change component parameters (AddParameter): Name = "Max Operating Temperature"; Value = "155°C"; VariantName = "[No Variations]"
Change component parameters (AddParameter): Name = "Max Power Dissipation"; Value = "400mW"; VariantName = "[No Variations]"
Change component parameters (AddParameter): Name = "Min Operating Temperature"; Value = "-55°C"; VariantName = "[No Variations]"
Change component parameters (AddParameter): Name = "Number of Terminations"; Value = "2"; VariantName = "[No Variations]"
Change component parameters (AddParameter): Name = "Package Quantity"; Value = "5000"; VariantName = "[No Variations]"
Change component parameters (AddParameter): Name = "Packaging"; Value = "Tape and Reel"; VariantName = "[No Variations]"
Change component parameters (AddParameter): Name = "Resistance"; Value = "35.7R"; VariantName = "[No Variations]"
Change component parameters (AddParameter): Name = "Resistor Type"; Value = "Thick Film"; VariantName = "[No Variations]"
Change component parameters (AddParameter): Name = "RoHS Compliant"; Value = "Yes"; VariantName = "[No Variations]"
Change component parameters (AddParameter): Name = "Series"; Value = "ESR10"; VariantName = "[No Variations]"
Change component parameters (AddParameter): Name = "Temperature Coefficient"; Value = "100ppm/°C"; VariantName = "[No Variations]"
Change component parameters (AddParameter): Name = "Tolerance"; Value = "1%"; VariantName = "[No Variations]"
Change component parameters (AddParameter): Name = "Width"; Value = "0.049inch"; VariantName = "[No Variations]"
Change component parameters: Designator = "R58" ("R58"); Footprint = "RESC2013X60X35NL10T20"; UniqueID = "\WRJEUTZS" ("\WRJEUTZS")
Change component parameters (AddParameter): Name = "Ambient Temperature Range High"; Value = "+70°C"; VariantName = "[No Variations]"
Change component parameters (AddParameter): Name = "Category"; Value = "Res"; VariantName = "[No Variations]"
Change component parameters (AddParameter): Name = "ComponentLink2Description"; Value = "Datasheet"; VariantName = "[No Variations]"
Change component parameters (AddParameter): Name = "ComponentLink2URL"; Value = "https://www.te.com/commerce/DocumentDelivery/DDEController?Action=showdoc&DocId=Data+Sheet%7F1773204-3%7F1%7Fpdf%7FEnglish%7FENG_DS_1773204-3_1.pdf%7F4-2176339-710"; VariantName = "[No Variations]"
Change component parameters (AddParameter): Name = "Composition"; Value = "Thick Film"; VariantName = "[No Variations]"
Change component parameters (AddParameter): Name = "Device Class L1"; Value = "Passive Components"; VariantName = "[No Variations]"
Change component parameters (AddParameter): Name = "Device Class L2"; Value = "Resistors"; VariantName = "[No Variations]"
Change component parameters (AddParameter): Name = "Device Class L3"; Value = "Chip SMD Resistors"; VariantName = "[No Variations]"
Change component parameters (AddParameter): Name = "Digikey Description"; Value = "CRGCQ 0603 1K2 1%"; VariantName = "[No Variations]"
Change component parameters (AddParameter): Name = "Height"; Value = "0.55mm"; VariantName = "[No Variations]"
Change component parameters (AddParameter): Name = "Ipc Land Pattern Name"; Value = "RESC16080X45"; VariantName = "[No Variations]"
Change component parameters (AddParameter): Name = "Lead Free"; Value = "Yes"; VariantName = "[No Variations]"
Change component parameters (AddParameter): Name = "Manufacturer"; Value = "TE Connectivity"; VariantName = "[No Variations]"
Change component parameters (AddParameter): Name = "Manufacturer Part Number"; Value = "CRGCQ0603F1K2"; VariantName = "[No Variations]"
Change component parameters (AddParameter): Name = "Octopart"; Value = "https://octopart.com/crgcq0603f1k2-te+connectivity-91018051"; VariantName = "[No Variations]"
Change component parameters (AddParameter): Name = "Package"; Value = "CRGCQ0603"; VariantName = "[No Variations]"
Change component parameters (AddParameter): Name = "Power Rating"; Value = "0.1W"; VariantName = "[No Variations]"
Change component parameters (AddParameter): Name = "Resistance"; Value = "1.2KO"; VariantName = "[No Variations]"
Change component parameters (AddParameter): Name = "RoHS"; Value = "TRUE"; VariantName = "[No Variations]"
Change component parameters (AddParameter): Name = "Series"; Value = "CRGCQ"; VariantName = "[No Variations]"
Change component parameters (AddParameter): Name = "Temperature"; Value = "-55°C to +155°C"; VariantName = "[No Variations]"
Change component parameters (AddParameter): Name = "Temperature Coefficient"; Value = "±100ppm/°C"; VariantName = "[No Variations]"
Change component parameters (AddParameter): Name = "Temperature Range High"; Value = "+155°C"; VariantName = "[No Variations]"
Change component parameters (AddParameter): Name = "Temperature Range Low"; Value = "-55°C"; VariantName = "[No Variations]"
Change component parameters (AddParameter): Name = "Tolerance"; Value = "0.01"; VariantName = "[No Variations]"
Change component parameters (AddParameter): Name = "Value"; Value = "1.2KO"; VariantName = "[No Variations]"
Change component parameters (AddParameter): Name = "Voltage Rating"; Value = "75V"; VariantName = "[No Variations]"
Change component parameters: Designator = "R60" ("R60"); Footprint = "FP-CRG0805-IPC_A"; UniqueID = "\VFRXALUJ" ("\VFRXALUJ")
Change component parameters (AddParameter): Name = "Case/Package"; Value = "0805"; VariantName = "[No Variations]"
Change component parameters (AddParameter): Name = "Features"; Value = "Automotive AEC-Q200"; VariantName = "[No Variations]"
Change component parameters (AddParameter): Name = "Height"; Value = "0.026inch"; VariantName = "[No Variations]"
Change component parameters (AddParameter): Name = "Length"; Value = "0.079inch"; VariantName = "[No Variations]"
Change component parameters (AddParameter): Name = "Max Operating Temperature"; Value = "155°C"; VariantName = "[No Variations]"
Change component parameters (AddParameter): Name = "Max Power Dissipation"; Value = "400mW"; VariantName = "[No Variations]"
Change component parameters (AddParameter): Name = "Min Operating Temperature"; Value = "-55°C"; VariantName = "[No Variations]"
Change component parameters (AddParameter): Name = "Number of Terminations"; Value = "2"; VariantName = "[No Variations]"
Change component parameters (AddParameter): Name = "Package Quantity"; Value = "5000"; VariantName = "[No Variations]"
Change component parameters (AddParameter): Name = "Packaging"; Value = "Tape and Reel"; VariantName = "[No Variations]"
Change component parameters (AddParameter): Name = "Resistance"; Value = "35.7R"; VariantName = "[No Variations]"
Change component parameters (AddParameter): Name = "Resistor Type"; Value = "Thick Film"; VariantName = "[No Variations]"
Change component parameters (AddParameter): Name = "RoHS Compliant"; Value = "Yes"; VariantName = "[No Variations]"
Change component parameters (AddParameter): Name = "Series"; Value = "ESR10"; VariantName = "[No Variations]"
Change component parameters (AddParameter): Name = "Temperature Coefficient"; Value = "100ppm/°C"; VariantName = "[No Variations]"
Change component parameters (AddParameter): Name = "Tolerance"; Value = "1%"; VariantName = "[No Variations]"
Change component parameters (AddParameter): Name = "Width"; Value = "0.049inch"; VariantName = "[No Variations]"
Change component parameters: Designator = "R61" ("R61"); Footprint = "RESC2013X60X35NL10T20"; UniqueID = "\SESYPYSD" ("\SESYPYSD")
Change component parameters (AddParameter): Name = "Case/Package"; Value = "0805"; VariantName = "[No Variations]"
Change component parameters (AddParameter): Name = "Features"; Value = "Automotive AEC-Q200"; VariantName = "[No Variations]"
Change component parameters (AddParameter): Name = "Height"; Value = "0.026inch"; VariantName = "[No Variations]"
Change component parameters (AddParameter): Name = "Length"; Value = "0.079inch"; VariantName = "[No Variations]"
Change component parameters (AddParameter): Name = "Max Operating Temperature"; Value = "155°C"; VariantName = "[No Variations]"
Change component parameters (AddParameter): Name = "Max Power Dissipation"; Value = "400mW"; VariantName = "[No Variations]"
Change component parameters (AddParameter): Name = "Min Operating Temperature"; Value = "-55°C"; VariantName = "[No Variations]"
Change component parameters (AddParameter): Name = "Number of Terminations"; Value = "2"; VariantName = "[No Variations]"
Change component parameters (AddParameter): Name = "Package Quantity"; Value = "5000"; VariantName = "[No Variations]"
Change component parameters (AddParameter): Name = "Packaging"; Value = "Tape and Reel"; VariantName = "[No Variations]"
Change component parameters (AddParameter): Name = "Resistance"; Value = "35.7R"; VariantName = "[No Variations]"
Change component parameters (AddParameter): Name = "Resistor Type"; Value = "Thick Film"; VariantName = "[No Variations]"
Change component parameters (AddParameter): Name = "RoHS Compliant"; Value = "Yes"; VariantName = "[No Variations]"
Change component parameters (AddParameter): Name = "Series"; Value = "ESR10"; VariantName = "[No Variations]"
Change component parameters (AddParameter): Name = "Temperature Coefficient"; Value = "100ppm/°C"; VariantName = "[No Variations]"
Change component parameters (AddParameter): Name = "Tolerance"; Value = "1%"; VariantName = "[No Variations]"
Change component parameters (AddParameter): Name = "Width"; Value = "0.049inch"; VariantName = "[No Variations]"
Added Component: Designator=C17(CAPC1608X92X38ML15T08)
Add component (AddParameter): Name = "Manufacturer"; Value = "Vitramon"; VariantName = "[No Variations]"
Add component (AddParameter): Name = "Part Number"; Value = "VJ0603Y104KXJAP"; VariantName = "[No Variations]"
Added Component: Designator=C60(CAPC1608X92X38ML15T08)
Add component (AddParameter): Name = "Manufacturer"; Value = "Vitramon"; VariantName = "[No Variations]"
Add component (AddParameter): Name = "Part Number"; Value = "VJ0603Y104KXJAP"; VariantName = "[No Variations]"
Added Component: Designator=C61(CAPC1608X92X38ML15T08)
Add component (AddParameter): Name = "Manufacturer"; Value = "Vitramon"; VariantName = "[No Variations]"
Add component (AddParameter): Name = "Part Number"; Value = "VJ0603Y104KXJAP"; VariantName = "[No Variations]"
Added Component: Designator=C62(CAPC1608X92X38ML15T08)
Add component (AddParameter): Name = "Manufacturer"; Value = "Vitramon"; VariantName = "[No Variations]"
Add component (AddParameter): Name = "Part Number"; Value = "VJ0603Y104KXJAP"; VariantName = "[No Variations]"
Added Component: Designator=C63(CAPC1608X92X38ML15T08)
Add component (AddParameter): Name = "Manufacturer"; Value = "Vitramon"; VariantName = "[No Variations]"
Add component (AddParameter): Name = "Part Number"; Value = "VJ0603Y104KXJAP"; VariantName = "[No Variations]"
Added Component: Designator=C64(CAPC1608X92X38ML15T08)
Add component (AddParameter): Name = "Manufacturer"; Value = "Vitramon"; VariantName = "[No Variations]"
Add component (AddParameter): Name = "Part Number"; Value = "VJ0603Y104KXJAP"; VariantName = "[No Variations]"
Added Component: Designator=C65(CAPC1608X92X38ML15T08)
Add component (AddParameter): Name = "Manufacturer"; Value = "Vitramon"; VariantName = "[No Variations]"
Add component (AddParameter): Name = "Part Number"; Value = "VJ0603Y104KXJAP"; VariantName = "[No Variations]"
Added Component: Designator=C66(CAPC1608X92X38ML15T08)
Add component (AddParameter): Name = "Manufacturer"; Value = "Vitramon"; VariantName = "[No Variations]"
Add component (AddParameter): Name = "Part Number"; Value = "VJ0603A180JXAAC"; VariantName = "[No Variations]"
Added Component: Designator=C67(CAPC1608X92X38ML15T08)
Add component (AddParameter): Name = "Manufacturer"; Value = "Vitramon"; VariantName = "[No Variations]"
Add component (AddParameter): Name = "Part Number"; Value = "VJ0603A180JXAAC"; VariantName = "[No Variations]"
Added Component: Designator=C68(FP-C0603C-CF-MFG)
Add component (AddParameter): Name = "Automotive"; Value = "Yes"; VariantName = "[No Variations]"
Add component (AddParameter): Name = "Automotive Grade"; Value = "Grade 1"; VariantName = "[No Variations]"
Add component (AddParameter): Name = "Capacitance"; Value = "12 pF"; VariantName = "[No Variations]"
Add component (AddParameter): Name = "Category"; Value = "Cap"; VariantName = "[No Variations]"
Add component (AddParameter): Name = "ComponentLink2Description"; Value = "Datasheet"; VariantName = "[No Variations]"
Add component (AddParameter): Name = "ComponentLink2URL"; Value = "https://api.kemet.com/component-edge/download/datasheet/C0603C100J5GACAUTO.pdf"; VariantName = "[No Variations]"
Add component (AddParameter): Name = "Device Class L1"; Value = "Passive Components"; VariantName = "[No Variations]"
Add component (AddParameter): Name = "Device Class L2"; Value = "Capacitors"; VariantName = "[No Variations]"
Add component (AddParameter): Name = "Device Class L3"; Value = "Ceramic Capacitors"; VariantName = "[No Variations]"
Add component (AddParameter): Name = "Digikey Description"; Value = "CAP CER 12PF 50V NP0 0603"; VariantName = "[No Variations]"
Add component (AddParameter): Name = "Height"; Value = "0.87mm"; VariantName = "[No Variations]"
Add component (AddParameter): Name = "Lead Free"; Value = "Yes"; VariantName = "[No Variations]"
Add component (AddParameter): Name = "Manufacturer"; Value = "KEMET"; VariantName = "[No Variations]"
Add component (AddParameter): Name = "Manufacturer Part Number"; Value = "C0603C120C5GAC7867"; VariantName = "[No Variations]"
Add component (AddParameter): Name = "Material"; Value = "Ceramic"; VariantName = "[No Variations]"
Add component (AddParameter): Name = "Octopart"; Value = "https://octopart.com/c0603c120c5gac7867-kemet-1583919"; VariantName = "[No Variations]"
Add component (AddParameter): Name = "Package"; Value = "C0603C-CF"; VariantName = "[No Variations]"
Add component (AddParameter): Name = "RoHS"; Value = "TRUE"; VariantName = "[No Variations]"
Add component (AddParameter): Name = "Temperature"; Value = "-55°C to +125°C"; VariantName = "[No Variations]"
Add component (AddParameter): Name = "Temperature Characteristic"; Value = "C0G"; VariantName = "[No Variations]"
Add component (AddParameter): Name = "Temperature Coefficient"; Value = "30ppm/°C"; VariantName = "[No Variations]"
Add component (AddParameter): Name = "Temperature Range High"; Value = "+125°C"; VariantName = "[No Variations]"
Add component (AddParameter): Name = "Temperature Range Low"; Value = "-55°C"; VariantName = "[No Variations]"
Add component (AddParameter): Name = "Tolerance"; Value = "0.25 pF"; VariantName = "[No Variations]"
Add component (AddParameter): Name = "Value"; Value = "12 pF"; VariantName = "[No Variations]"
Add component (AddParameter): Name = "Voltage Rating"; Value = "50 V"; VariantName = "[No Variations]"
Added Component: Designator=C69(FP-C0603C-CF-MFG)
Add component (AddParameter): Name = "Automotive"; Value = "Yes"; VariantName = "[No Variations]"
Add component (AddParameter): Name = "Automotive Grade"; Value = "Grade 1"; VariantName = "[No Variations]"
Add component (AddParameter): Name = "Capacitance"; Value = "12 pF"; VariantName = "[No Variations]"
Add component (AddParameter): Name = "Category"; Value = "Cap"; VariantName = "[No Variations]"
Add component (AddParameter): Name = "ComponentLink2Description"; Value = "Datasheet"; VariantName = "[No Variations]"
Add component (AddParameter): Name = "ComponentLink2URL"; Value = "https://api.kemet.com/component-edge/download/datasheet/C0603C100J5GACAUTO.pdf"; VariantName = "[No Variations]"
Add component (AddParameter): Name = "Device Class L1"; Value = "Passive Components"; VariantName = "[No Variations]"
Add component (AddParameter): Name = "Device Class L2"; Value = "Capacitors"; VariantName = "[No Variations]"
Add component (AddParameter): Name = "Device Class L3"; Value = "Ceramic Capacitors"; VariantName = "[No Variations]"
Add component (AddParameter): Name = "Digikey Description"; Value = "CAP CER 12PF 50V NP0 0603"; VariantName = "[No Variations]"
Add component (AddParameter): Name = "Height"; Value = "0.87mm"; VariantName = "[No Variations]"
Add component (AddParameter): Name = "Lead Free"; Value = "Yes"; VariantName = "[No Variations]"
Add component (AddParameter): Name = "Manufacturer"; Value = "KEMET"; VariantName = "[No Variations]"
Add component (AddParameter): Name = "Manufacturer Part Number"; Value = "C0603C120C5GAC7867"; VariantName = "[No Variations]"
Add component (AddParameter): Name = "Material"; Value = "Ceramic"; VariantName = "[No Variations]"
Add component (AddParameter): Name = "Octopart"; Value = "https://octopart.com/c0603c120c5gac7867-kemet-1583919"; VariantName = "[No Variations]"
Add component (AddParameter): Name = "Package"; Value = "C0603C-CF"; VariantName = "[No Variations]"
Add component (AddParameter): Name = "RoHS"; Value = "TRUE"; VariantName = "[No Variations]"
Add component (AddParameter): Name = "Temperature"; Value = "-55°C to +125°C"; VariantName = "[No Variations]"
Add component (AddParameter): Name = "Temperature Characteristic"; Value = "C0G"; VariantName = "[No Variations]"
Add component (AddParameter): Name = "Temperature Coefficient"; Value = "30ppm/°C"; VariantName = "[No Variations]"
Add component (AddParameter): Name = "Temperature Range High"; Value = "+125°C"; VariantName = "[No Variations]"
Add component (AddParameter): Name = "Temperature Range Low"; Value = "-55°C"; VariantName = "[No Variations]"
Add component (AddParameter): Name = "Tolerance"; Value = "0.25 pF"; VariantName = "[No Variations]"
Add component (AddParameter): Name = "Value"; Value = "12 pF"; VariantName = "[No Variations]"
Add component (AddParameter): Name = "Voltage Rating"; Value = "50 V"; VariantName = "[No Variations]"
Added Component: Designator=D22(FP-LTST-C191TBKT-MFG)
Add component (AddParameter): Name = "Case Code (Imperial)"; Value = "0603"; VariantName = "[No Variations]"
Add component (AddParameter): Name = "Case Code (Metric)"; Value = "1608"; VariantName = "[No Variations]"
Add component (AddParameter): Name = "Case/Package"; Value = "0603"; VariantName = "[No Variations]"
Add component (AddParameter): Name = "Color"; Value = "Blue"; VariantName = "[No Variations]"
Add component (AddParameter): Name = "Depth"; Value = "1.6mm"; VariantName = "[No Variations]"
Add component (AddParameter): Name = "Dominant Wavelength"; Value = "475nm"; VariantName = "[No Variations]"
Add component (AddParameter): Name = "Forward Current"; Value = "20mA"; VariantName = "[No Variations]"
Add component (AddParameter): Name = "Forward Voltage"; Value = "3.8V"; VariantName = "[No Variations]"
Add component (AddParameter): Name = "Height"; Value = "0.55mm"; VariantName = "[No Variations]"
Add component (AddParameter): Name = "Illumination Color"; Value = "Blue"; VariantName = "[No Variations]"
Add component (AddParameter): Name = "Lead Free"; Value = "Lead Free"; VariantName = "[No Variations]"
Add component (AddParameter): Name = "Length"; Value = "0.8mm"; VariantName = "[No Variations]"
Add component (AddParameter): Name = "Lens Color"; Value = "Colorless"; VariantName = "[No Variations]"
Add component (AddParameter): Name = "Lens Style"; Value = "Diffused"; VariantName = "[No Variations]"
Add component (AddParameter): Name = "Lens Transparency"; Value = "Clear"; VariantName = "[No Variations]"
Add component (AddParameter): Name = "Luminous Intensity"; Value = "180mcd"; VariantName = "[No Variations]"
Add component (AddParameter): Name = "Max Operating Temperature"; Value = "80°C"; VariantName = "[No Variations]"
Add component (AddParameter): Name = "Max Power Dissipation"; Value = "75mW"; VariantName = "[No Variations]"
Add component (AddParameter): Name = "Min Operating Temperature"; Value = "-20°C"; VariantName = "[No Variations]"
Add component (AddParameter): Name = "Mount"; Value = "Surface Mount"; VariantName = "[No Variations]"
Add component (AddParameter): Name = "Number of Elements"; Value = "1"; VariantName = "[No Variations]"
Add component (AddParameter): Name = "Number of LEDs"; Value = "1"; VariantName = "[No Variations]"
Add component (AddParameter): Name = "Number of Pins"; Value = "2"; VariantName = "[No Variations]"
Add component (AddParameter): Name = "Package Quantity"; Value = "1"; VariantName = "[No Variations]"
Add component (AddParameter): Name = "Packaging"; Value = "Tape and Reel"; VariantName = "[No Variations]"
Add component (AddParameter): Name = "Power Dissipation"; Value = "76mW"; VariantName = "[No Variations]"
Add component (AddParameter): Name = "Radiation Hardening"; Value = "No"; VariantName = "[No Variations]"
Add component (AddParameter): Name = "Reverse Voltage"; Value = "5V"; VariantName = "[No Variations]"
Add component (AddParameter): Name = "Test Current"; Value = "20mA"; VariantName = "[No Variations]"
Add component (AddParameter): Name = "Viewing Angle"; Value = "130°"; VariantName = "[No Variations]"
Add component (AddParameter): Name = "Wavelength"; Value = "468nm"; VariantName = "[No Variations]"
Add component (AddParameter): Name = "Width"; Value = "0.8mm"; VariantName = "[No Variations]"
Added Component: Designator=D23(FP-LTST-C191TBKT-MFG)
Add component (AddParameter): Name = "Case Code (Imperial)"; Value = "0603"; VariantName = "[No Variations]"
Add component (AddParameter): Name = "Case Code (Metric)"; Value = "1608"; VariantName = "[No Variations]"
Add component (AddParameter): Name = "Case/Package"; Value = "0603"; VariantName = "[No Variations]"
Add component (AddParameter): Name = "Color"; Value = "Blue"; VariantName = "[No Variations]"
Add component (AddParameter): Name = "Depth"; Value = "1.6mm"; VariantName = "[No Variations]"
Add component (AddParameter): Name = "Dominant Wavelength"; Value = "475nm"; VariantName = "[No Variations]"
Add component (AddParameter): Name = "Forward Current"; Value = "20mA"; VariantName = "[No Variations]"
Add component (AddParameter): Name = "Forward Voltage"; Value = "3.8V"; VariantName = "[No Variations]"
Add component (AddParameter): Name = "Height"; Value = "0.55mm"; VariantName = "[No Variations]"
Add component (AddParameter): Name = "Illumination Color"; Value = "Blue"; VariantName = "[No Variations]"
Add component (AddParameter): Name = "Lead Free"; Value = "Lead Free"; VariantName = "[No Variations]"
Add component (AddParameter): Name = "Length"; Value = "0.8mm"; VariantName = "[No Variations]"
Add component (AddParameter): Name = "Lens Color"; Value = "Colorless"; VariantName = "[No Variations]"
Add component (AddParameter): Name = "Lens Style"; Value = "Diffused"; VariantName = "[No Variations]"
Add component (AddParameter): Name = "Lens Transparency"; Value = "Clear"; VariantName = "[No Variations]"
Add component (AddParameter): Name = "Luminous Intensity"; Value = "180mcd"; VariantName = "[No Variations]"
Add component (AddParameter): Name = "Max Operating Temperature"; Value = "80°C"; VariantName = "[No Variations]"
Add component (AddParameter): Name = "Max Power Dissipation"; Value = "75mW"; VariantName = "[No Variations]"
Add component (AddParameter): Name = "Min Operating Temperature"; Value = "-20°C"; VariantName = "[No Variations]"
Add component (AddParameter): Name = "Mount"; Value = "Surface Mount"; VariantName = "[No Variations]"
Add component (AddParameter): Name = "Number of Elements"; Value = "1"; VariantName = "[No Variations]"
Add component (AddParameter): Name = "Number of LEDs"; Value = "1"; VariantName = "[No Variations]"
Add component (AddParameter): Name = "Number of Pins"; Value = "2"; VariantName = "[No Variations]"
Add component (AddParameter): Name = "Package Quantity"; Value = "1"; VariantName = "[No Variations]"
Add component (AddParameter): Name = "Packaging"; Value = "Tape and Reel"; VariantName = "[No Variations]"
Add component (AddParameter): Name = "Power Dissipation"; Value = "76mW"; VariantName = "[No Variations]"
Add component (AddParameter): Name = "Radiation Hardening"; Value = "No"; VariantName = "[No Variations]"
Add component (AddParameter): Name = "Reverse Voltage"; Value = "5V"; VariantName = "[No Variations]"
Add component (AddParameter): Name = "Test Current"; Value = "20mA"; VariantName = "[No Variations]"
Add component (AddParameter): Name = "Viewing Angle"; Value = "130°"; VariantName = "[No Variations]"
Add component (AddParameter): Name = "Wavelength"; Value = "468nm"; VariantName = "[No Variations]"
Add component (AddParameter): Name = "Width"; Value = "0.8mm"; VariantName = "[No Variations]"
Added Component: Designator=J3(MSD1A)
Add component (AddParameter): Name = "Datasheet Link"; Value = "https://www.sameskydevices.com/product/resource/msd-1-a.pdf"; VariantName = "[No Variations]"
Add component (AddParameter): Name = "Geometry.Height"; Value = "2mm"; VariantName = "[No Variations]"
Add component (AddParameter): Name = "Manufacturer_Name"; Value = "Same Sky"; VariantName = "[No Variations]"
Add component (AddParameter): Name = "Manufacturer_Part_Number"; Value = "MSD-1-A"; VariantName = "[No Variations]"
Add component (AddParameter): Name = "Mouser Part Number"; Value = "179-MSD-1-A"; VariantName = "[No Variations]"
Add component (AddParameter): Name = "Mouser Price/Stock"; Value = "https://www.mouser.co.uk/ProductDetail/Same-Sky/MSD-1-A?qs=Z%252BL2brAPG1Ip18XLC4tUPQ%3D%3D"; VariantName = "[No Variations]"
Added Component: Designator=P4(61900411121)
Add component (AddParameter): Name = "Color"; Value = "Beige"; VariantName = "[No Variations]"
Add component (AddParameter): Name = "Connector Type"; Value = "Male Pin"; VariantName = "[No Variations]"
Add component (AddParameter): Name = "Contact Gender"; Value = "Male"; VariantName = "[No Variations]"
Add component (AddParameter): Name = "Contact Material"; Value = "Copper"; VariantName = "[No Variations]"
Add component (AddParameter): Name = "Contact Mating Length"; Value = "7.493mm"; VariantName = "[No Variations]"
Add component (AddParameter): Name = "Contact Plating"; Value = "Tin"; VariantName = "[No Variations]"
Add component (AddParameter): Name = "Contact Resistance"; Value = "20mO"; VariantName = "[No Variations]"
Add component (AddParameter): Name = "Current Rating"; Value = "3A"; VariantName = "[No Variations]"
Add component (AddParameter): Name = "Fastening Type"; Value = "Friction"; VariantName = "[No Variations]"
Add component (AddParameter): Name = "Flammability Rating"; Value = "UL94 V-0"; VariantName = "[No Variations]"
Add component (AddParameter): Name = "Gender"; Value = "Male"; VariantName = "[No Variations]"
Add component (AddParameter): Name = "Height"; Value = "3.3mm"; VariantName = "[No Variations]"
Add component (AddParameter): Name = "Housing Material"; Value = "Nylon"; VariantName = "[No Variations]"
Add component (AddParameter): Name = "Insulation"; Value = "Insulated"; VariantName = "[No Variations]"
Add component (AddParameter): Name = "Insulation Resistance"; Value = "1GO"; VariantName = "[No Variations]"
Add component (AddParameter): Name = "Lead Free"; Value = "Lead Free"; VariantName = "[No Variations]"
Add component (AddParameter): Name = "Lead Pitch"; Value = "2.54mm"; VariantName = "[No Variations]"
Add component (AddParameter): Name = "Length"; Value = "10.16mm"; VariantName = "[No Variations]"
Add component (AddParameter): Name = "Max Operating Temperature"; Value = "105°C"; VariantName = "[No Variations]"
Add component (AddParameter): Name = "Min Operating Temperature"; Value = "-40°C"; VariantName = "[No Variations]"
Add component (AddParameter): Name = "Mount"; Value = "Through Hole"; VariantName = "[No Variations]"
Add component (AddParameter): Name = "NexarPartId"; Value = "18818226"; VariantName = "[No Variations]"
Add component (AddParameter): Name = "Number of Contacts"; Value = "4"; VariantName = "[No Variations]"
Add component (AddParameter): Name = "Number of Pins"; Value = "4"; VariantName = "[No Variations]"
Add component (AddParameter): Name = "Number of Positions"; Value = "4"; VariantName = "[No Variations]"
Add component (AddParameter): Name = "Number of Rows"; Value = "1"; VariantName = "[No Variations]"
Add component (AddParameter): Name = "Operating Supply Voltage"; Value = "250V"; VariantName = "[No Variations]"
Add component (AddParameter): Name = "Orientation"; Value = "Vertical"; VariantName = "[No Variations]"
Add component (AddParameter): Name = "Packaging"; Value = "Bulk"; VariantName = "[No Variations]"
Add component (AddParameter): Name = "Pitch"; Value = "2.54mm"; VariantName = "[No Variations]"
Add component (AddParameter): Name = "REACH SVHC"; Value = "Unknown"; VariantName = "[No Variations]"
Add component (AddParameter): Name = "RoHS"; Value = "Compliant"; VariantName = "[No Variations]"
Add component (AddParameter): Name = "Termination"; Value = "Through Hole"; VariantName = "[No Variations]"
Add component (AddParameter): Name = "Voltage Rating"; Value = "250V"; VariantName = "[No Variations]"
Add component (AddParameter): Name = "Width"; Value = "10.2mm"; VariantName = "[No Variations]"
Added Component: Designator=P8(691317510004)
Add component (AddParameter): Name = "Gender"; Value = "Male"; VariantName = "[No Variations]"
Add component (AddParameter): Name = "Lead Pitch"; Value = "5.08mm"; VariantName = "[No Variations]"
Add component (AddParameter): Name = "NexarPartId"; Value = "90321403"; VariantName = "[No Variations]"
Add component (AddParameter): Name = "Number of Pins"; Value = "4"; VariantName = "[No Variations]"
Add component (AddParameter): Name = "Packaging"; Value = "Box"; VariantName = "[No Variations]"
Added Component: Designator=P9(691317510004)
Add component (AddParameter): Name = "Gender"; Value = "Male"; VariantName = "[No Variations]"
Add component (AddParameter): Name = "Lead Pitch"; Value = "5.08mm"; VariantName = "[No Variations]"
Add component (AddParameter): Name = "NexarPartId"; Value = "90321403"; VariantName = "[No Variations]"
Add component (AddParameter): Name = "Number of Pins"; Value = "4"; VariantName = "[No Variations]"
Add component (AddParameter): Name = "Packaging"; Value = "Box"; VariantName = "[No Variations]"
Added Component: Designator=P?(61900411121)
Add component (AddParameter): Name = "Color"; Value = "Beige"; VariantName = "[No Variations]"
Add component (AddParameter): Name = "Connector Type"; Value = "Male Pin"; VariantName = "[No Variations]"
Add component (AddParameter): Name = "Contact Gender"; Value = "Male"; VariantName = "[No Variations]"
Add component (AddParameter): Name = "Contact Material"; Value = "Copper"; VariantName = "[No Variations]"
Add component (AddParameter): Name = "Contact Mating Length"; Value = "7.493mm"; VariantName = "[No Variations]"
Add component (AddParameter): Name = "Contact Plating"; Value = "Tin"; VariantName = "[No Variations]"
Add component (AddParameter): Name = "Contact Resistance"; Value = "20mO"; VariantName = "[No Variations]"
Add component (AddParameter): Name = "Current Rating"; Value = "3A"; VariantName = "[No Variations]"
Add component (AddParameter): Name = "Fastening Type"; Value = "Friction"; VariantName = "[No Variations]"
Add component (AddParameter): Name = "Flammability Rating"; Value = "UL94 V-0"; VariantName = "[No Variations]"
Add component (AddParameter): Name = "Gender"; Value = "Male"; VariantName = "[No Variations]"
Add component (AddParameter): Name = "Height"; Value = "3.3mm"; VariantName = "[No Variations]"
Add component (AddParameter): Name = "Housing Material"; Value = "Nylon"; VariantName = "[No Variations]"
Add component (AddParameter): Name = "Insulation"; Value = "Insulated"; VariantName = "[No Variations]"
Add component (AddParameter): Name = "Insulation Resistance"; Value = "1GO"; VariantName = "[No Variations]"
Add component (AddParameter): Name = "Lead Free"; Value = "Lead Free"; VariantName = "[No Variations]"
Add component (AddParameter): Name = "Lead Pitch"; Value = "2.54mm"; VariantName = "[No Variations]"
Add component (AddParameter): Name = "Length"; Value = "10.16mm"; VariantName = "[No Variations]"
Add component (AddParameter): Name = "Max Operating Temperature"; Value = "105°C"; VariantName = "[No Variations]"
Add component (AddParameter): Name = "Min Operating Temperature"; Value = "-40°C"; VariantName = "[No Variations]"
Add component (AddParameter): Name = "Mount"; Value = "Through Hole"; VariantName = "[No Variations]"
Add component (AddParameter): Name = "NexarPartId"; Value = "18818226"; VariantName = "[No Variations]"
Add component (AddParameter): Name = "Number of Contacts"; Value = "4"; VariantName = "[No Variations]"
Add component (AddParameter): Name = "Number of Pins"; Value = "4"; VariantName = "[No Variations]"
Add component (AddParameter): Name = "Number of Positions"; Value = "4"; VariantName = "[No Variations]"
Add component (AddParameter): Name = "Number of Rows"; Value = "1"; VariantName = "[No Variations]"
Add component (AddParameter): Name = "Operating Supply Voltage"; Value = "250V"; VariantName = "[No Variations]"
Add component (AddParameter): Name = "Orientation"; Value = "Vertical"; VariantName = "[No Variations]"
Add component (AddParameter): Name = "Packaging"; Value = "Bulk"; VariantName = "[No Variations]"
Add component (AddParameter): Name = "Pitch"; Value = "2.54mm"; VariantName = "[No Variations]"
Add component (AddParameter): Name = "REACH SVHC"; Value = "Unknown"; VariantName = "[No Variations]"
Add component (AddParameter): Name = "RoHS"; Value = "Compliant"; VariantName = "[No Variations]"
Add component (AddParameter): Name = "Termination"; Value = "Through Hole"; VariantName = "[No Variations]"
Add component (AddParameter): Name = "Voltage Rating"; Value = "250V"; VariantName = "[No Variations]"
Add component (AddParameter): Name = "Width"; Value = "10.2mm"; VariantName = "[No Variations]"
Added Component: Designator=R23(YAGO-RC0805_M)
Add component (AddParameter): Name = "ComponentLink1Description"; Value = "Manufacturer URL"; VariantName = "[No Variations]"
Add component (AddParameter): Name = "ComponentLink1URL"; Value = "http://www.yageo.com/NewPortal/_en/index.jsp"; VariantName = "[No Variations]"
Add component (AddParameter): Name = "ComponentLink2Description"; Value = "Datasheet"; VariantName = "[No Variations]"
Add component (AddParameter): Name = "ComponentLink2URL"; Value = "http://www.yageo.com/documents/recent/PYu-RC_Group_51_RoHS_L-3.pdf"; VariantName = "[No Variations]"
Add component (AddParameter): Name = "DatasheetVersion"; Value = "Rev. 3"; VariantName = "[No Variations]"
Add component (AddParameter): Name = "Mounting Technology"; Value = "Surface Mount"; VariantName = "[No Variations]"
Add component (AddParameter): Name = "PackageDescription"; Value = "2-Pin Surface Mount Device, Body 2 x 1.25 mm"; VariantName = "[No Variations]"
Add component (AddParameter): Name = "Packing"; Value = "Tape and Reel"; VariantName = "[No Variations]"
Add component (AddParameter): Name = "PartNumber"; Value = "RC0805FR-074K7L"; VariantName = "[No Variations]"
Add component (AddParameter): Name = "Power"; Value = "0.125 W"; VariantName = "[No Variations]"
Add component (AddParameter): Name = "Resistance"; Value = "4.7K"; VariantName = "[No Variations]"
Add component (AddParameter): Name = "RoHS"; Value = "TRUE"; VariantName = "[No Variations]"
Add component (AddParameter): Name = "Temperature Max"; Value = "155 degC"; VariantName = "[No Variations]"
Add component (AddParameter): Name = "Temperature Min"; Value = "-55 degC"; VariantName = "[No Variations]"
Add component (AddParameter): Name = "Tolerance"; Value = "+/- 1%"; VariantName = "[No Variations]"
Added Component: Designator=R53(FP-CRGCQ0603-IPC_C)
Add component (AddParameter): Name = "Ambient Temperature Range High"; Value = "+70°C"; VariantName = "[No Variations]"
Add component (AddParameter): Name = "Category"; Value = "Res"; VariantName = "[No Variations]"
Add component (AddParameter): Name = "ComponentLink2Description"; Value = "Datasheet"; VariantName = "[No Variations]"
Add component (AddParameter): Name = "ComponentLink2URL"; Value = "https://www.te.com/commerce/DocumentDelivery/DDEController?Action=showdoc&DocId=Data+Sheet%7F1773204-3%7F1%7Fpdf%7FEnglish%7FENG_DS_1773204-3_1.pdf%7F4-2176339-710"; VariantName = "[No Variations]"
Add component (AddParameter): Name = "Composition"; Value = "Thick Film"; VariantName = "[No Variations]"
Add component (AddParameter): Name = "Device Class L1"; Value = "Passive Components"; VariantName = "[No Variations]"
Add component (AddParameter): Name = "Device Class L2"; Value = "Resistors"; VariantName = "[No Variations]"
Add component (AddParameter): Name = "Device Class L3"; Value = "Chip SMD Resistors"; VariantName = "[No Variations]"
Add component (AddParameter): Name = "Digikey Description"; Value = "CRGCQ 0603 1K2 1%"; VariantName = "[No Variations]"
Add component (AddParameter): Name = "Height"; Value = "0.55mm"; VariantName = "[No Variations]"
Add component (AddParameter): Name = "Ipc Land Pattern Name"; Value = "RESC16080X45"; VariantName = "[No Variations]"
Add component (AddParameter): Name = "Lead Free"; Value = "Yes"; VariantName = "[No Variations]"
Add component (AddParameter): Name = "Manufacturer"; Value = "TE Connectivity"; VariantName = "[No Variations]"
Add component (AddParameter): Name = "Manufacturer Part Number"; Value = "CRGCQ0603F1K2"; VariantName = "[No Variations]"
Add component (AddParameter): Name = "Octopart"; Value = "https://octopart.com/crgcq0603f1k2-te+connectivity-91018051"; VariantName = "[No Variations]"
Add component (AddParameter): Name = "Package"; Value = "CRGCQ0603"; VariantName = "[No Variations]"
Add component (AddParameter): Name = "Power Rating"; Value = "0.1W"; VariantName = "[No Variations]"
Add component (AddParameter): Name = "Resistance"; Value = "1.2KO"; VariantName = "[No Variations]"
Add component (AddParameter): Name = "RoHS"; Value = "TRUE"; VariantName = "[No Variations]"
Add component (AddParameter): Name = "Series"; Value = "CRGCQ"; VariantName = "[No Variations]"
Add component (AddParameter): Name = "Temperature"; Value = "-55°C to +155°C"; VariantName = "[No Variations]"
Add component (AddParameter): Name = "Temperature Coefficient"; Value = "±100ppm/°C"; VariantName = "[No Variations]"
Add component (AddParameter): Name = "Temperature Range High"; Value = "+155°C"; VariantName = "[No Variations]"
Add component (AddParameter): Name = "Temperature Range Low"; Value = "-55°C"; VariantName = "[No Variations]"
Add component (AddParameter): Name = "Tolerance"; Value = "0.01"; VariantName = "[No Variations]"
Add component (AddParameter): Name = "Value"; Value = "1.2KO"; VariantName = "[No Variations]"
Add component (AddParameter): Name = "Voltage Rating"; Value = "75V"; VariantName = "[No Variations]"
Added Component: Designator=R55(FP-ESR10-IPC_A)
Add component (AddParameter): Name = "Case/Package"; Value = "0805"; VariantName = "[No Variations]"
Add component (AddParameter): Name = "Features"; Value = "Automotive AEC-Q200"; VariantName = "[No Variations]"
Add component (AddParameter): Name = "Height"; Value = "0.026inch"; VariantName = "[No Variations]"
Add component (AddParameter): Name = "Length"; Value = "0.079inch"; VariantName = "[No Variations]"
Add component (AddParameter): Name = "Max Operating Temperature"; Value = "155°C"; VariantName = "[No Variations]"
Add component (AddParameter): Name = "Max Power Dissipation"; Value = "400mW"; VariantName = "[No Variations]"
Add component (AddParameter): Name = "Min Operating Temperature"; Value = "-55°C"; VariantName = "[No Variations]"
Add component (AddParameter): Name = "Number of Terminations"; Value = "2"; VariantName = "[No Variations]"
Add component (AddParameter): Name = "Package Quantity"; Value = "5000"; VariantName = "[No Variations]"
Add component (AddParameter): Name = "Packaging"; Value = "Tape and Reel"; VariantName = "[No Variations]"
Add component (AddParameter): Name = "Resistance"; Value = "35.7R"; VariantName = "[No Variations]"
Add component (AddParameter): Name = "Resistor Type"; Value = "Thick Film"; VariantName = "[No Variations]"
Add component (AddParameter): Name = "RoHS Compliant"; Value = "Yes"; VariantName = "[No Variations]"
Add component (AddParameter): Name = "Series"; Value = "ESR10"; VariantName = "[No Variations]"
Add component (AddParameter): Name = "Temperature Coefficient"; Value = "100ppm/°C"; VariantName = "[No Variations]"
Add component (AddParameter): Name = "Tolerance"; Value = "1%"; VariantName = "[No Variations]"
Add component (AddParameter): Name = "Width"; Value = "0.049inch"; VariantName = "[No Variations]"
Added Component: Designator=R57(FP-AC0603-IPC_A)
Add component (AddParameter): Name = "Case Code (Imperial)"; Value = "0603"; VariantName = "[No Variations]"
Add component (AddParameter): Name = "Case Code (Metric)"; Value = "1608"; VariantName = "[No Variations]"
Add component (AddParameter): Name = "Case/Package"; Value = "0603"; VariantName = "[No Variations]"
Add component (AddParameter): Name = "Features"; Value = "Moisture Resistant"; VariantName = "[No Variations]"
Add component (AddParameter): Name = "Height"; Value = "0.45mm"; VariantName = "[No Variations]"
Add component (AddParameter): Name = "Length"; Value = "1.6mm"; VariantName = "[No Variations]"
Add component (AddParameter): Name = "Max Operating Temperature"; Value = "155°C"; VariantName = "[No Variations]"
Add component (AddParameter): Name = "Max Power Dissipation"; Value = "100mW"; VariantName = "[No Variations]"
Add component (AddParameter): Name = "Min Operating Temperature"; Value = "-55°C"; VariantName = "[No Variations]"
Add component (AddParameter): Name = "Number of Terminations"; Value = "2"; VariantName = "[No Variations]"
Add component (AddParameter): Name = "Packaging"; Value = "Tape and Reel"; VariantName = "[No Variations]"
Add component (AddParameter): Name = "Power Rating"; Value = "100mW"; VariantName = "[No Variations]"
Add component (AddParameter): Name = "Ratings"; Value = "AEC-Q200"; VariantName = "[No Variations]"
Add component (AddParameter): Name = "Resistance"; Value = "10MR"; VariantName = "[No Variations]"
Add component (AddParameter): Name = "Resistor Type"; Value = "Thick Film"; VariantName = "[No Variations]"
Add component (AddParameter): Name = "RoHS Compliant"; Value = "Yes"; VariantName = "[No Variations]"
Add component (AddParameter): Name = "Series"; Value = "AC"; VariantName = "[No Variations]"
Add component (AddParameter): Name = "Temperature Coefficient"; Value = "100ppm/°C"; VariantName = "[No Variations]"
Add component (AddParameter): Name = "Termination"; Value = "SMD/SMT"; VariantName = "[No Variations]"
Add component (AddParameter): Name = "Tolerance"; Value = "5%"; VariantName = "[No Variations]"
Add component (AddParameter): Name = "Voltage Rating"; Value = "50V"; VariantName = "[No Variations]"
Add component (AddParameter): Name = "Weight"; Value = "7.1E-05oz"; VariantName = "[No Variations]"
Add component (AddParameter): Name = "Width"; Value = "0.8mm"; VariantName = "[No Variations]"
Added Component: Designator=R59(FP-ESR10-IPC_A)
Add component (AddParameter): Name = "Case/Package"; Value = "0805"; VariantName = "[No Variations]"
Add component (AddParameter): Name = "Features"; Value = "Automotive AEC-Q200"; VariantName = "[No Variations]"
Add component (AddParameter): Name = "Height"; Value = "0.026inch"; VariantName = "[No Variations]"
Add component (AddParameter): Name = "Length"; Value = "0.079inch"; VariantName = "[No Variations]"
Add component (AddParameter): Name = "Max Operating Temperature"; Value = "155°C"; VariantName = "[No Variations]"
Add component (AddParameter): Name = "Max Power Dissipation"; Value = "400mW"; VariantName = "[No Variations]"
Add component (AddParameter): Name = "Min Operating Temperature"; Value = "-55°C"; VariantName = "[No Variations]"
Add component (AddParameter): Name = "Number of Terminations"; Value = "2"; VariantName = "[No Variations]"
Add component (AddParameter): Name = "Package Quantity"; Value = "5000"; VariantName = "[No Variations]"
Add component (AddParameter): Name = "Packaging"; Value = "Tape and Reel"; VariantName = "[No Variations]"
Add component (AddParameter): Name = "Resistance"; Value = "35.7R"; VariantName = "[No Variations]"
Add component (AddParameter): Name = "Resistor Type"; Value = "Thick Film"; VariantName = "[No Variations]"
Add component (AddParameter): Name = "RoHS Compliant"; Value = "Yes"; VariantName = "[No Variations]"
Add component (AddParameter): Name = "Series"; Value = "ESR10"; VariantName = "[No Variations]"
Add component (AddParameter): Name = "Temperature Coefficient"; Value = "100ppm/°C"; VariantName = "[No Variations]"
Add component (AddParameter): Name = "Tolerance"; Value = "1%"; VariantName = "[No Variations]"
Add component (AddParameter): Name = "Width"; Value = "0.049inch"; VariantName = "[No Variations]"
Add Component: Footprint Not Found XCVR_EC200U
Added Component: Designator=U3(W5500)
Added Component: Designator=U6(FP-W25Q16JVSNIQ_TR-IPC_A)
Add component (AddParameter): Name = "Access Time"; Value = "5ms"; VariantName = "[No Variations]"
Add component (AddParameter): Name = "Ambient Temperature Range High"; Value = "85°C"; VariantName = "[No Variations]"
Add component (AddParameter): Name = "Height"; Value = "1.75mm"; VariantName = "[No Variations]"
Add component (AddParameter): Name = "Interface"; Value = "SPI"; VariantName = "[No Variations]"
Add component (AddParameter): Name = "Max Operating Temperature"; Value = "85°C"; VariantName = "[No Variations]"
Add component (AddParameter): Name = "Max Supply Voltage"; Value = "3.6V"; VariantName = "[No Variations]"
Add component (AddParameter): Name = "Memory Size"; Value = "2MB"; VariantName = "[No Variations]"
Add component (AddParameter): Name = "Memory Type"; Value = "FLASH"; VariantName = "[No Variations]"
Add component (AddParameter): Name = "Min Operating Temperature"; Value = "-40°C"; VariantName = "[No Variations]"
Add component (AddParameter): Name = "Min Supply Voltage"; Value = "2.7V"; VariantName = "[No Variations]"
Add component (AddParameter): Name = "NexarPartId"; Value = "75645707"; VariantName = "[No Variations]"
Add component (AddParameter): Name = "RoHS"; Value = "Non-Compliant"; VariantName = "[No Variations]"
Add component (AddParameter): Name = "Schedule B"; Value = "8542320070, 8542320070"; VariantName = "[No Variations]"
Added Component: Designator=U12(QFN65P500X500X80-21N)
Add component (AddParameter): Name = "Check_prices"; Value = "https://www.snapeda.com/parts/MAX31865ATP+/Analog+Devices/view-part/?ref=eda"; VariantName = "[No Variations]"
Add component (AddParameter): Name = "MF"; Value = "Analog Devices"; VariantName = "[No Variations]"
Add component (AddParameter): Name = "MP"; Value = "MAX31865ATP+"; VariantName = "[No Variations]"
Add component (AddParameter): Name = "Package"; Value = "QFN-20 Maxim"; VariantName = "[No Variations]"
Add component (AddParameter): Name = "SnapEDA_Link"; Value = "https://www.snapeda.com/parts/MAX31865ATP+/Analog+Devices/view-part/?ref=snap"; VariantName = "[No Variations]"
Add component (AddParameter): Name = "Value"; Value = ""; VariantName = "[No Variations]"
Added Component: Designator=U13(QFN65P500X500X80-21N)
Add component (AddParameter): Name = "Check_prices"; Value = "https://www.snapeda.com/parts/MAX31865ATP+/Analog+Devices/view-part/?ref=eda"; VariantName = "[No Variations]"
Add component (AddParameter): Name = "MF"; Value = "Analog Devices"; VariantName = "[No Variations]"
Add component (AddParameter): Name = "MP"; Value = "MAX31865ATP+"; VariantName = "[No Variations]"
Add component (AddParameter): Name = "Package"; Value = "QFN-20 Maxim"; VariantName = "[No Variations]"
Add component (AddParameter): Name = "SnapEDA_Link"; Value = "https://www.snapeda.com/parts/MAX31865ATP+/Analog+Devices/view-part/?ref=snap"; VariantName = "[No Variations]"
Add component (AddParameter): Name = "Value"; Value = ""; VariantName = "[No Variations]"
Added Component: Designator=Y1(FP-ABM8-MFG)
Add component (AddParameter): Name = "Case/Package"; Value = "SMD/SMT"; VariantName = "[No Variations]"
Add component (AddParameter): Name = "ESR (Equivalent Series Resistance)"; Value = "50R"; VariantName = "[No Variations]"
Add component (AddParameter): Name = "Frequency"; Value = "25MHz"; VariantName = "[No Variations]"
Add component (AddParameter): Name = "Frequency Stability"; Value = "50ppm"; VariantName = "[No Variations]"
Add component (AddParameter): Name = "Frequency Tolerance"; Value = "20ppm"; VariantName = "[No Variations]"
Add component (AddParameter): Name = "Height"; Value = "0.031inch"; VariantName = "[No Variations]"
Add component (AddParameter): Name = "Length"; Value = "0.126inch"; VariantName = "[No Variations]"
Add component (AddParameter): Name = "Load Capacitance"; Value = "18pF"; VariantName = "[No Variations]"
Add component (AddParameter): Name = "Max Operating Temperature"; Value = "70°C"; VariantName = "[No Variations]"
Add component (AddParameter): Name = "Min Operating Temperature"; Value = "-20°C"; VariantName = "[No Variations]"
Add component (AddParameter): Name = "Mount"; Value = "Surface Mount"; VariantName = "[No Variations]"
Add component (AddParameter): Name = "Packaging"; Value = "Tape and Reel"; VariantName = "[No Variations]"
Add component (AddParameter): Name = "Series"; Value = "ABM8"; VariantName = "[No Variations]"
Add component (AddParameter): Name = "Width"; Value = "0.098inch"; VariantName = "[No Variations]"
Added Component: Designator=Y2(FP-ABS09-MFG)
Add component (AddParameter): Name = "Case/Package"; Value = "CSMD"; VariantName = "[No Variations]"
Add component (AddParameter): Name = "Depth"; Value = "1.5mm"; VariantName = "[No Variations]"
Add component (AddParameter): Name = "ESR (Equivalent Series Resistance)"; Value = "70kR"; VariantName = "[No Variations]"
Add component (AddParameter): Name = "Frequency"; Value = "32.768kHz"; VariantName = "[No Variations]"
Add component (AddParameter): Name = "Frequency Tolerance"; Value = "10ppm"; VariantName = "[No Variations]"
Add component (AddParameter): Name = "Height"; Value = "0.035inch"; VariantName = "[No Variations]"
Add component (AddParameter): Name = "Lead Free"; Value = "Lead Free"; VariantName = "[No Variations]"
Add component (AddParameter): Name = "Length"; Value = "4.1mm"; VariantName = "[No Variations]"
Add component (AddParameter): Name = "Load Capacitance"; Value = "12.5pF"; VariantName = "[No Variations]"
Add component (AddParameter): Name = "Max Operating Temperature"; Value = "85°C"; VariantName = "[No Variations]"
Add component (AddParameter): Name = "Min Operating Temperature"; Value = "-40°C"; VariantName = "[No Variations]"
Add component (AddParameter): Name = "Mount"; Value = "Surface Mount"; VariantName = "[No Variations]"
Add component (AddParameter): Name = "Number of Pins"; Value = "2"; VariantName = "[No Variations]"
Add component (AddParameter): Name = "Operating Frequency"; Value = "32.768 kHz"; VariantName = "[No Variations]"
Add component (AddParameter): Name = "Package Quantity"; Value = "3000"; VariantName = "[No Variations]"
Add component (AddParameter): Name = "Packaging"; Value = "Tape and Reel"; VariantName = "[No Variations]"
Add component (AddParameter): Name = "RoHS Compliant"; Value = "Yes"; VariantName = "[No Variations]"
Add component (AddParameter): Name = "Series"; Value = "ABS09"; VariantName = "[No Variations]"
Add component (AddParameter): Name = "Series Resistance"; Value = "70kR"; VariantName = "[No Variations]"
Add component (AddParameter): Name = "Termination"; Value = "SMD/SMT"; VariantName = "[No Variations]"
Add component (AddParameter): Name = "Tolerance"; Value = "10ppm"; VariantName = "[No Variations]"
Add component (AddParameter): Name = "Width"; Value = "1.5mm"; VariantName = "[No Variations]"
Added Pin To Net: NetName=USIM_GND Pin=C17-1
Added Pin To Net: NetName=VCC Pin=C17-2
Added Pin To Net: NetName=VCC Pin=C60-1
Added Pin To Net: NetName=USIM_GND Pin=C60-2
Added Pin To Net: NetName=VCC Pin=C61-1
Added Pin To Net: NetName=USIM_GND Pin=C61-2
Added Pin To Net: NetName=VCC Pin=C63-1
Added Pin To Net: NetName=USIM_GND Pin=C63-2
Added Pin To Net: NetName=VCC Pin=C64-1
Added Pin To Net: NetName=USIM_GND Pin=C64-2
Added Pin To Net: NetName=USIM_GND Pin=C66-2
Added Pin To Net: NetName=USIM_GND Pin=C67-1
Added Pin To Net: NetName=USIM_GND Pin=C68-1
Added Pin To Net: NetName=USIM_GND Pin=C69-1
Added Pin To Net: NetName=VCC Pin=D22-2
Added Pin To Net: NetName=VCC Pin=D23-2
Added Pin To Net: NetName=VCC Pin=J3-4
Added Pin To Net: NetName=USIM_GND Pin=J3-6
Added Pin To Net: NetName=USIM_GND Pin=J3-9
Added Pin To Net: NetName=USIM_GND Pin=J3-10
Added Pin To Net: NetName=USIM_GND Pin=J3-11
Added Pin To Net: NetName=USIM_GND Pin=J3-12
Added Pin To Net: NetName=VCC Pin=P4-1
Added Pin To Net: NetName=USIM_GND Pin=P4-4
Added Pin To Net: NetName=USIM_GND Pin=P?-3
Added Pin To Net: NetName=VCC Pin=P?-4
Added Pin To Net: NetName=VCC Pin=R23-2
Add Pin To Net: Unknown Pin: Pin U1-6
Add Pin To Net: Unknown Pin: Pin U1-7
Add Pin To Net: Unknown Pin: Pin U1-8
Add Pin To Net: Unknown Pin: Pin U1-9
Add Pin To Net: Unknown Pin: Pin U1-10
Add Pin To Net: Unknown Pin: Pin U1-13
Add Pin To Net: Unknown Pin: Pin U1-14
Add Pin To Net: Unknown Pin: Pin U1-15
Add Pin To Net: Unknown Pin: Pin U1-16
Add Pin To Net: Unknown Pin: Pin U1-17
Add Pin To Net: Unknown Pin: Pin U1-19
Add Pin To Net: Unknown Pin: Pin U1-20
Add Pin To Net: Unknown Pin: Pin U1-21
Add Pin To Net: Unknown Pin: Pin U1-22
Add Pin To Net: Unknown Pin: Pin U1-36
Add Pin To Net: Unknown Pin: Pin U1-46
Add Pin To Net: Unknown Pin: Pin U1-47
Add Pin To Net: Unknown Pin: Pin U1-48
Add Pin To Net: Unknown Pin: Pin U1-49
Add Pin To Net: Unknown Pin: Pin U1-50
Add Pin To Net: Unknown Pin: Pin U1-51
Add Pin To Net: Unknown Pin: Pin U1-52
Add Pin To Net: Unknown Pin: Pin U1-53
Add Pin To Net: Unknown Pin: Pin U1-54
Add Pin To Net: Unknown Pin: Pin U1-56
Add Pin To Net: Unknown Pin: Pin U1-57
Add Pin To Net: Unknown Pin: Pin U1-58
Add Pin To Net: Unknown Pin: Pin U1-59
Add Pin To Net: Unknown Pin: Pin U1-60
Add Pin To Net: Unknown Pin: Pin U1-61
Add Pin To Net: Unknown Pin: Pin U1-67
Add Pin To Net: Unknown Pin: Pin U1-68
Add Pin To Net: Unknown Pin: Pin U1-72
Add Pin To Net: Unknown Pin: Pin U1-76
Add Pin To Net: Unknown Pin: Pin U1-85
Add Pin To Net: Unknown Pin: Pin U1-86
Add Pin To Net: Unknown Pin: Pin U1-87
Add Pin To Net: Unknown Pin: Pin U1-88
Add Pin To Net: Unknown Pin: Pin U1-89
Add Pin To Net: Unknown Pin: Pin U1-90
Add Pin To Net: Unknown Pin: Pin U1-91
Add Pin To Net: Unknown Pin: Pin U1-92
Add Pin To Net: Unknown Pin: Pin U1-93
Add Pin To Net: Unknown Pin: Pin U1-94
Add Pin To Net: Unknown Pin: Pin U1-95
Add Pin To Net: Unknown Pin: Pin U1-96
Add Pin To Net: Unknown Pin: Pin U1-97
Add Pin To Net: Unknown Pin: Pin U1-98
Add Pin To Net: Unknown Pin: Pin U1-99
Add Pin To Net: Unknown Pin: Pin U1-100
Add Pin To Net: Unknown Pin: Pin U1-101
Add Pin To Net: Unknown Pin: Pin U1-102
Add Pin To Net: Unknown Pin: Pin U1-103
Add Pin To Net: Unknown Pin: Pin U1-104
Add Pin To Net: Unknown Pin: Pin U1-105
Add Pin To Net: Unknown Pin: Pin U1-106
Add Pin To Net: Unknown Pin: Pin U1-107
Add Pin To Net: Unknown Pin: Pin U1-108
Add Pin To Net: Unknown Pin: Pin U1-109
Add Pin To Net: Unknown Pin: Pin U1-110
Add Pin To Net: Unknown Pin: Pin U1-111
Add Pin To Net: Unknown Pin: Pin U1-112
Added Pin To Net: NetName=DIGITAL_INPUT1 Pin=U2-1
Added Pin To Net: NetName=DIGITAL_INPUT2 Pin=U2-2
Added Pin To Net: NetName=E_INT Pin=U2-55
Added Pin To Net: NetName=USIM_GND Pin=U3-1
Added Pin To Net: NetName=USIM_GND Pin=U3-2
Added Pin To Net: NetName=E_MOSI Pin=U3-3
Added Pin To Net: NetName=E_SCLK Pin=U3-4
Added Pin To Net: NetName=E_CS Pin=U3-5
Added Pin To Net: NetName=E_INT Pin=U3-6
Added Pin To Net: NetName=E_MISO Pin=U3-7
Added Pin To Net: NetName=E_RST Pin=U3-8
Added Pin To Net: NetName=VCC Pin=U3-10
Added Pin To Net: NetName=VCC Pin=U3-11
Added Pin To Net: NetName=USIM_GND Pin=U3-12
Added Pin To Net: NetName=USIM_GND Pin=U6-4
Added Pin To Net: NetName=VCC Pin=U6-8
Added Pin To Net: NetName=USIM_GND Pin=U12-10
Added Pin To Net: NetName=USIM_GND Pin=U12-15
Added Pin To Net: NetName=USIM_GND Pin=U12-16
Added Pin To Net: NetName=VCC Pin=U12-19
Added Pin To Net: NetName=VCC Pin=U12-20
Added Pin To Net: NetName=USIM_GND Pin=U12-21
Added Pin To Net: NetName=USIM_GND Pin=U13-10
Added Pin To Net: NetName=USIM_GND Pin=U13-15
Added Pin To Net: NetName=USIM_GND Pin=U13-16
Added Pin To Net: NetName=VCC Pin=U13-19
Added Pin To Net: NetName=VCC Pin=U13-20
Added Pin To Net: NetName=USIM_GND Pin=U13-21
Added Pin To Net: NetName=USIM_GND Pin=Y1-2
Added Pin To Net: NetName=USIM_GND Pin=Y1-4
Change Net Name : Old Net Name=NetC21_1 New Net Name=NetC22_1
Change Net Name : Old Net Name=NetC21_2 New Net Name=NetC22_2
Change Net Name : Old Net Name=NetC22_1 New Net Name=NetC23_1
Change Net Name : Old Net Name=NetC30_1 New Net Name=NetC31_1
Change Net Name : Old Net Name=NetC30_2 New Net Name=NetC31_2
Change Net Name : Old Net Name=NetC37_1 New Net Name=NetC38_1
Change Net Name : Old Net Name=NetC37_2 New Net Name=NetC38_2
Change Net Name : Old Net Name=NetC44_1 New Net Name=NetC45_1
Change Net Name : Old Net Name=NetC44_2 New Net Name=NetC45_2
Change Net Name : Old Net Name=NetC54_2 New Net Name=NetC55_2
Change Net Name : Old Net Name=NetQ6_1 New Net Name=NetQ5_1
Change Net Name : Old Net Name=NetQ9_1 New Net Name=NetQ7_1
Change Net Name : Old Net Name=NetR16_2 New Net Name=NetR13_2
Change Net Name : Old Net Name=NetR27_1 New Net Name=NetR25_1
Change Net Name : Old Net Name=NetR28_1 New Net Name=NetR26_1
Change Net Name : Old Net Name=NetR32_1 New Net Name=NetR30_1
Change Net Name : Old Net Name=NetR33_1 New Net Name=NetR31_1
Change Net Name : Old Net Name=NetR34_1 New Net Name=NetR32_1
Change Net Name : Old Net Name=NetR35_1 New Net Name=NetR33_1
Change Net Name : Old Net Name=NetR40_1 New Net Name=NetR38_1
Change Net Name : Old Net Name=NetR41_1 New Net Name=NetR39_1
Change Net Name : Old Net Name=USIM_GND New Net Name=GND
Added Pin To Net: NetName=A_OUT_MISO Pin=U2-31
Added Pin To Net: NetName=A_OUT_MISO Pin=U12-14
Added Pin To Net: NetName=A_OUT_MISO Pin=U13-14
Added Net: Name=A_OUT_MISO
Added Pin To Net: NetName=A_OUT_MOSI Pin=P1-5
Added Pin To Net: NetName=A_OUT_MOSI Pin=P1-15
Added Pin To Net: NetName=A_OUT_MOSI Pin=U2-32
Added Pin To Net: NetName=A_OUT_MOSI Pin=U12-11
Added Pin To Net: NetName=A_OUT_MOSI Pin=U13-11
Added Net: Name=A_OUT_MOSI
Added Pin To Net: NetName=A_OUT_SCLK Pin=P1-7
Added Pin To Net: NetName=A_OUT_SCLK Pin=P1-17
Added Pin To Net: NetName=A_OUT_SCLK Pin=U2-30
Added Pin To Net: NetName=A_OUT_SCLK Pin=U12-12
Added Pin To Net: NetName=A_OUT_SCLK Pin=U13-12
Added Net: Name=A_OUT_SCLK
Added Pin To Net: NetName=BIAS0 Pin=R52-1
Added Pin To Net: NetName=BIAS0 Pin=R54-2
Added Pin To Net: NetName=BIAS0 Pin=R55-2
Added Pin To Net: NetName=BIAS0 Pin=R56-2
Added Pin To Net: NetName=BIAS0 Pin=U12-1
Added Pin To Net: NetName=BIAS0 Pin=U12-2
Added Net: Name=BIAS0
Added Pin To Net: NetName=BIAS1 Pin=R57-1
Added Pin To Net: NetName=BIAS1 Pin=R59-2
Added Pin To Net: NetName=BIAS1 Pin=R60-2
Added Pin To Net: NetName=BIAS1 Pin=R61-2
Added Pin To Net: NetName=BIAS1 Pin=U13-1
Added Pin To Net: NetName=BIAS1 Pin=U13-2
Added Net: Name=BIAS1
Added Pin To Net: NetName=CS_SD Pin=J3-2
Added Pin To Net: NetName=CS_SD Pin=U2-57
Added Net: Name=CS_SD
Added Pin To Net: NetName=F_CS Pin=U2-60
Added Pin To Net: NetName=F_CS Pin=U6-1
Added Net: Name=F_CS
Added Pin To Net: NetName=F_MISO Pin=J3-7
Added Pin To Net: NetName=F_MISO Pin=U2-53
Added Pin To Net: NetName=F_MISO Pin=U6-2
Added Net: Name=F_MISO
Added Pin To Net: NetName=F_MOSI Pin=J3-3
Added Pin To Net: NetName=F_MOSI Pin=U2-54
Added Pin To Net: NetName=F_MOSI Pin=U6-5
Added Net: Name=F_MOSI
Added Pin To Net: NetName=F_RESET Pin=U2-56
Added Pin To Net: NetName=F_RESET Pin=U6-7
Added Net: Name=F_RESET
Added Pin To Net: NetName=F_SCLK Pin=J3-5
Added Pin To Net: NetName=F_SCLK Pin=U2-52
Added Pin To Net: NetName=F_SCLK Pin=U6-6
Added Net: Name=F_SCLK
Added Pin To Net: NetName=FORCE+0 Pin=P8-1
Added Pin To Net: NetName=FORCE+0 Pin=U12-5
Added Pin To Net: NetName=FORCE+0 Pin=U12-6
Added Net: Name=FORCE+0
Added Pin To Net: NetName=FORCE+1 Pin=C65-2
Added Pin To Net: NetName=FORCE+1 Pin=P9-1
Added Pin To Net: NetName=FORCE+1 Pin=U13-5
Added Pin To Net: NetName=FORCE+1 Pin=U13-6
Added Net: Name=FORCE+1
Added Pin To Net: NetName=FORCE-0 Pin=P8-4
Added Pin To Net: NetName=FORCE-0 Pin=U12-9
Added Net: Name=FORCE-0
Added Pin To Net: NetName=FORCE-1 Pin=P9-4
Added Pin To Net: NetName=FORCE-1 Pin=U13-9
Added Net: Name=FORCE-1
Added Pin To Net: NetName=NET_MODE Pin=R5-2
Added Net: Name=NET_MODE
Added Pin To Net: NetName=NetC66_1 Pin=C66-1
Added Pin To Net: NetName=NetC66_1 Pin=U2-12
Added Pin To Net: NetName=NetC66_1 Pin=Y1-3
Added Net: Name=NetC66_1
Added Pin To Net: NetName=NetC67_2 Pin=C67-2
Added Pin To Net: NetName=NetC67_2 Pin=U2-13
Added Pin To Net: NetName=NetC67_2 Pin=Y1-1
Added Net: Name=NetC67_2
Added Pin To Net: NetName=NetD22_1 Pin=D22-1
Added Pin To Net: NetName=NetD22_1 Pin=R53-2
Added Net: Name=NetD22_1
Added Pin To Net: NetName=NetD23_1 Pin=D23-1
Added Pin To Net: NetName=NetD23_1 Pin=R58-2
Added Net: Name=NetD23_1
Added Pin To Net: NetName=NetP4_2 Pin=P4-2
Added Net: Name=NetP4_2
Added Pin To Net: NetName=NetP4_3 Pin=P4-3
Added Net: Name=NetP4_3
Added Pin To Net: NetName=NetR23_1 Pin=R23-1
Added Pin To Net: NetName=NetR23_1 Pin=U6-3
Added Net: Name=NetR23_1
Added Pin To Net: NetName=NetR54_1 Pin=R54-1
Added Pin To Net: NetName=NetR54_1 Pin=R55-1
Added Pin To Net: NetName=NetR54_1 Pin=R56-1
Added Pin To Net: NetName=NetR54_1 Pin=U12-3
Added Pin To Net: NetName=NetR54_1 Pin=U12-4
Added Net: Name=NetR54_1
Added Pin To Net: NetName=NetR59_1 Pin=R59-1
Added Pin To Net: NetName=NetR59_1 Pin=R60-1
Added Pin To Net: NetName=NetR59_1 Pin=R61-1
Added Pin To Net: NetName=NetR59_1 Pin=U13-3
Added Pin To Net: NetName=NetR59_1 Pin=U13-4
Added Net: Name=NetR59_1
Added Pin To Net: NetName=OSC_32_IN Pin=C69-2
Added Pin To Net: NetName=OSC_32_IN Pin=U2-8
Added Pin To Net: NetName=OSC_32_IN Pin=Y2-1
Added Net: Name=OSC_32_IN
Added Pin To Net: NetName=OSC_32_OUT Pin=C68-2
Added Pin To Net: NetName=OSC_32_OUT Pin=U2-9
Added Pin To Net: NetName=OSC_32_OUT Pin=Y2-2
Added Net: Name=OSC_32_OUT
Added Pin To Net: NetName=RTCIN-0 Pin=C62-2
Added Pin To Net: NetName=RTCIN-0 Pin=P8-3
Added Pin To Net: NetName=RTCIN-0 Pin=U12-8
Added Net: Name=RTCIN-0
Added Pin To Net: NetName=RTCIN-1 Pin=P9-3
Added Pin To Net: NetName=RTCIN-1 Pin=U13-8
Added Net: Name=RTCIN-1
Added Pin To Net: NetName=RTDIN+0 Pin=C62-1
Added Pin To Net: NetName=RTDIN+0 Pin=P8-2
Added Pin To Net: NetName=RTDIN+0 Pin=R52-2
Added Pin To Net: NetName=RTDIN+0 Pin=U12-7
Added Net: Name=RTDIN+0
Added Pin To Net: NetName=RTDIN+1 Pin=P9-2
Added Pin To Net: NetName=RTDIN+1 Pin=R57-2
Added Pin To Net: NetName=RTDIN+1 Pin=U13-7
Added Net: Name=RTDIN+1
Added Pin To Net: NetName=SWCLK Pin=P?-1
Added Pin To Net: NetName=SWCLK Pin=U2-76
Added Net: Name=SWCLK
Added Pin To Net: NetName=SWDIO Pin=P?-2
Added Pin To Net: NetName=SWDIO Pin=U2-72
Added Net: Name=SWDIO
Added Pin To Net: NetName=TEMP0_CS Pin=U2-62
Added Pin To Net: NetName=TEMP0_CS Pin=U12-13
Added Net: Name=TEMP0_CS
Added Pin To Net: NetName=TEMP0_DRDY Pin=R53-1
Added Pin To Net: NetName=TEMP0_DRDY Pin=U2-45
Added Pin To Net: NetName=TEMP0_DRDY Pin=U12-18
Added Net: Name=TEMP0_DRDY
Added Pin To Net: NetName=TEMP1_CS Pin=U2-61
Added Pin To Net: NetName=TEMP1_CS Pin=U13-13
Added Net: Name=TEMP1_CS
Added Pin To Net: NetName=TEMP1_DRDY Pin=R58-1
Added Pin To Net: NetName=TEMP1_DRDY Pin=U2-46
Added Pin To Net: NetName=TEMP1_DRDY Pin=U13-18
Added Net: Name=TEMP1_DRDY
Added Class: Name=GSM
Added Class: Name=TEMP
Added Member To Class: ClassName=MCU Member=Component BT1 BU2032SM-BT-GTR
Added Member To Class: ClassName=ANT Member=Component C1 NA
Added Member To Class: ClassName=ANT Member=Component C2 NA
Added Member To Class: ClassName=ANT Member=Component C3 GRM21BR71H104KA01L
Added Member To Class: ClassName=ANT Member=Component C4 C0805C101J1GACTU
Added Member To Class: ClassName=MCU Member=Component C9 C0603C104K8PAC7867
Added Member To Class: ClassName=MCU Member=Component C14 CC0603KPX5R5BB225
Added Member To Class: ClassName=MCU Member=Component C16 C0603C104K8PAC7867
Added Member To Class: ClassName=Peripherals Member=Component C17 0.1uF
Added Member To Class: ClassName=Power_supply Member=Component C19 08051C104K4T2A
Added Member To Class: ClassName=Power_supply Member=Component C21 C0805C106K8PACTU
Added Member To Class: ClassName=Power_supply Member=Component C22 C0805C106K8PACTU
Added Member To Class: ClassName=Power_supply Member=Component C23 08051C104K4T2A
Added Member To Class: ClassName=Power_supply Member=Component C24 EEE-HA1H100P
Added Member To Class: ClassName=Power_supply Member=Component C25 C1206C106K3RACAUTO
Added Member To Class: ClassName=Power_supply Member=Component C27 C1206C104F3GACAUTO
Added Member To Class: ClassName=Power_supply Member=Component C28 CAP 22uF 16V 1206(3216)
Added Member To Class: ClassName=Power_supply Member=Component C29 CAP 22uF 16V 1206(3216)
Added Member To Class: ClassName=Power_supply Member=Component C30 CAP 22uF 16V 1206(3216)
Added Member To Class: ClassName=Power_supply Member=Component C31 C1206C104F3GACAUTO
Added Member To Class: ClassName=Power_supply Member=Component C32 C1206C106K3RACAUTO
Added Member To Class: ClassName=Power_supply Member=Component C34 C1206C104F3GACAUTO
Added Member To Class: ClassName=Power_supply Member=Component C35 CAP 22uF 16V 1206(3216)
Added Member To Class: ClassName=Power_supply Member=Component C36 CAP 22uF 16V 1206(3216)
Added Member To Class: ClassName=Power_supply Member=Component C37 CAP 22uF 16V 1206(3216)
Added Member To Class: ClassName=Power_supply Member=Component C38 C1206C104F3GACAUTO
Added Member To Class: ClassName=Power_supply Member=Component C39 C1206C106K3RACAUTO
Added Member To Class: ClassName=Power_supply Member=Component C40 C1206C106K3RACAUTO
Added Member To Class: ClassName=Power_supply Member=Component C41 C1206C104F3GACAUTO
Added Member To Class: ClassName=Power_supply Member=Component C42 CAP 22uF 16V 1206(3216)
Added Member To Class: ClassName=Power_supply Member=Component C43 CAP 22uF 16V 1206(3216)
Added Member To Class: ClassName=Power_supply Member=Component C44 CAP 22uF 16V 1206(3216)
Added Member To Class: ClassName=Power_supply Member=Component C45 C1206C104F3GACAUTO
Added Member To Class: ClassName=Power_supply Member=Component C46 CAP 100nF 16V 1206(3216)
Added Member To Class: ClassName=Power_supply Member=Component C47 C1206C330M4GACTU
Added Member To Class: ClassName=Power_supply Member=Component C48 CAP 10pF 16V 1206(3216)
Added Member To Class: ClassName=Power_supply Member=Component C49 CAP 100nF 16V 1206(3216)
Added Member To Class: ClassName=Power_supply Member=Component C50 C1206C330M4GACTU
Added Member To Class: ClassName=Power_supply Member=Component C51 CAP 10pF 16V 1206(3216)
Added Member To Class: ClassName=Power_supply Member=Component C52 EEEFK1C101P
Added Member To Class: ClassName=Power_supply Member=Component C53 EEEFK1C101P
Added Member To Class: ClassName=MCU Member=Component C66 VJ0603A180JXAAC
Added Member To Class: ClassName=MCU Member=Component C67 VJ0603A180JXAAC
Added Member To Class: ClassName=MCU Member=Component C68 C0603C120C5GAC7867
Added Member To Class: ClassName=MCU Member=Component C69 C0603C120C5GAC7867
Added Member To Class: ClassName=GSM_INDICATION Member=Component D1 KP-3216PBC-A
Added Member To Class: ClassName=GSM_INDICATION Member=Component D2 KP-3216PBC-A
Added Member To Class: ClassName=GSM_INDICATION Member=Component D3 KP-3216PBC-A
Added Member To Class: ClassName=GSM_INDICATION Member=Component D4 KP-3216PBC-A
Added Member To Class: ClassName=Peripherals Member=Component D5 SM712-02HTG
Added Member To Class: ClassName=Peripherals Member=Component D8 ESD5Z2.5T1G
Added Member To Class: ClassName=Power_supply Member=Component D9 SS34-E3/9AT
Added Member To Class: ClassName=Power_supply Member=Component D10 SML-LX0805SRC-TR
Added Member To Class: ClassName=Power_supply Member=Component D11 SMBJ33A
Added Member To Class: ClassName=Power_supply Member=Component D12 SML-LX0805SRC-TR
Added Member To Class: ClassName=Power_supply Member=Component D13 SML-LX0805SRC-TR
Added Member To Class: ClassName=Power_supply Member=Component D14 SML-LX0805SRC-TR
Added Member To Class: ClassName=Power_supply Member=Component D15 MMSZ4V7T1G
Added Member To Class: ClassName=Power_supply Member=Component D16 SML-LX0805SRC-TR
Added Member To Class: ClassName=ANT Member=Component J1 U.FL-R-SMT(10)
Added Member To Class: ClassName=Peripherals Member=Component J3 MSD-1-A
Added Member To Class: ClassName=Power_supply Member=Component J4 1729128
Added Member To Class: ClassName=ANT Member=Component L1 LQW18AN47NG00D
Added Member To Class: ClassName=Power_supply Member=Component L2 IFSC1515AHER2R2M01
Added Member To Class: ClassName=Communication_with_IO Member=Component P3 Header 14
Added Member To Class: ClassName=Peripherals Member=Component P6 61900411121
Added Member To Class: ClassName=Peripherals Member=Component P7 61900411121
Added Member To Class: ClassName=MCU Member=Component P? 61900411121
Added Member To Class: ClassName=ANT Member=Component R1 0R
Added Member To Class: ClassName=ANT Member=Component R2 0R
Added Member To Class: ClassName=GSM_INDICATION Member=Component R3 CRCW08052K20FKEA
Added Member To Class: ClassName=GSM_INDICATION Member=Component R4 CRCW08052K20FKEA
Added Member To Class: ClassName=GSM_INDICATION Member=Component R5 CRG0805F1K0
Added Member To Class: ClassName=GSM_INDICATION Member=Component R6 CRG0805F1K0
Added Member To Class: ClassName=GSM_INDICATION Member=Component R7 RC0805FR-0710KL
Added Member To Class: ClassName=GSM_INDICATION Member=Component R8 RC0805FR-0710KL
Added Member To Class: ClassName=GSM_INDICATION Member=Component R9 CRCW08052K20FKEA
Added Member To Class: ClassName=GSM_INDICATION Member=Component R10 CRCW08052K20FKEA
Added Member To Class: ClassName=GSM_INDICATION Member=Component R11 CRG0805F1K0
Added Member To Class: ClassName=GSM_INDICATION Member=Component R12 RC0805FR-0710KL
Added Member To Class: ClassName=MCU Member=Component R15 CRCW060310K0FKED
Added Member To Class: ClassName=Peripherals Member=Component R16 RC0805FR-071KL
Added Member To Class: ClassName=Peripherals Member=Component R17 CRCW0805120RFKEA
Added Member To Class: ClassName=Peripherals Member=Component R18 RC0805FR-071KL
Added Member To Class: ClassName=Peripherals Member=Component R19 RC0805FR-074K7L
Added Member To Class: ClassName=Peripherals Member=Component R20 RC0805FR-074K7L
Added Member To Class: ClassName=Peripherals Member=Component R21 RC0805FR-074K7L
Added Member To Class: ClassName=Peripherals Member=Component R22 RC0805FR-074K7L
Added Member To Class: ClassName=Peripherals Member=Component R23 RC0805FR-074K7L
Added Member To Class: ClassName=Power_supply Member=Component R24 CRGCQ0603J1K0
Added Member To Class: ClassName=Power_supply Member=Component R25 CRCW080551K0FKEA
Added Member To Class: ClassName=Power_supply Member=Component R26 12K
Added Member To Class: ClassName=Power_supply Member=Component R27 CRCW0805470RJNEAHP
Added Member To Class: ClassName=Power_supply Member=Component R28 CR0805-FX-4702ELF
Added Member To Class: ClassName=Power_supply Member=Component R29 CRGCQ0603J1K0
Added Member To Class: ClassName=Power_supply Member=Component R30 CRCW060310K0FKED
Added Member To Class: ClassName=Power_supply Member=Component R31 CRCW060332K4FHEAP
Added Member To Class: ClassName=Power_supply Member=Component R32 CRCW060310K0FKED
Added Member To Class: ClassName=Power_supply Member=Component R33 CRCW060332K4FHEAP
Added Member To Class: ClassName=Power_supply Member=Component R34 CRCW060310K0FKED
Added Member To Class: ClassName=Power_supply Member=Component R35 CRGCQ0603J1K0
Added Member To Class: ClassName=Power_supply Member=Component R36 CRCW060310K0FKED
Added Member To Class: ClassName=Power_supply Member=Component R37 CRGCQ0603J1K0
Added Member To Class: ClassName=Power_supply Member=Component R38 CRCW060310K0FKED
Added Member To Class: ClassName=Power_supply Member=Component R39 CRCW060332K4FHEAP
Added Member To Class: ClassName=Power_supply Member=Component R40 CRCW060310K0FKED
Added Member To Class: ClassName=Power_supply Member=Component R41 CRGCQ0603J1K0
Added Member To Class: ClassName=Peripherals Member=Component U3 W5500_LITE
Added Member To Class: ClassName=Peripherals Member=Component U6 W25Q16JVSNIQ TR
Added Member To Class: ClassName=Power_supply Member=Component U7 MIC29302WU-TR
Added Member To Class: ClassName=Power_supply Member=Component U8 TPS60400DBVR
Added Member To Class: ClassName=Power_supply Member=Component U9 TPS563200DDCR
Added Member To Class: ClassName=Power_supply Member=Component U10 TPS563200DDCR
Added Member To Class: ClassName=Power_supply Member=Component U11 TPS563200DDCR
Added Member To Class: ClassName=MCU Member=Component Y1 ABM8-25.000MHZ-B2-T3
Added Member To Class: ClassName=MCU Member=Component Y2 ABS09-32.768KHZ-1-T
Added Room: Name=GSM
Added Room: Name=TEMP
