Change Component Designator: Old Designator=C107 New Designator=C?
Change Component Designator: Old Designator=C108 New Designator=C?
Change Component Designator: Old Designator=C109 New Designator=C?
Change Component Designator: Old Designator=C110 New Designator=C?
Change Component Designator: Old Designator=C111 New Designator=C?
Change Component Designator: Old Designator=C112 New Designator=C?
Change Component Designator: Old Designator=C113 New Designator=C?
Change Component Designator: Old Designator=C114 New Designator=C?
Change Component Designator: Old Designator=C115 New Designator=C?
Change Component Designator: Old Designator=C116 New Designator=C?
Change Component Designator: Old Designator=C117 New Designator=C?
Change Component Designator: Old Designator=C118 New Designator=C?
Change Component Designator: Old Designator=P6 New Designator=P?
Change Component Designator: Old Designator=R278 New Designator=R?
Change Component Designator: Old Designator=R279 New Designator=R?
Change Component Designator: Old Designator=R280 New Designator=R?
Change Component Designator: Old Designator=SW4 New Designator=SW?
Change Component Designator: Old Designator=U57 New Designator=U?
Change Component Designator: Old Designator=U57 New Designator=U?
Change Component Designator: Old Designator=U57 New Designator=U?
