Change Component Designator: Old Designator=C9 New Designator=C85
Change Component Designator: Old Designator=C10 New Designator=C91
Change Component Designator: Old Designator=C11 New Designator=C92
Change Component Designator: Old Designator=C12 New Designator=C86
Change Component Designator: Old Designator=C13 New Designator=C93
Change Component Designator: Old Designator=C14 New Designator=C94
Change Component Designator: Old Designator=C15 New Designator=C88
Change Component Designator: Old Designator=C16 New Designator=C89
Change Component Designator: Old Designator=C17 New Designator=C90
Change Component Designator: Old Designator=C18 New Designator=C95
Change Component Designator: Old Designator=C19 New Designator=C96
Change Component Designator: Old Designator=C20 New Designator=C99
Change Component Designator: Old Designator=C21 New Designator=C100
Change Component Designator: Old Designator=C22 New Designator=C97
Change Component Designator: Old Designator=C23 New Designator=C98
Change Component Designator: Old Designator=C24 New Designator=C101
Change Component Designator: Old Designator=C25 New Designator=C102
Change Component Designator: Old Designator=C26 New Designator=C103
Change Component Designator: Old Designator=C27 New Designator=C104
Change Component Designator: Old Designator=C28 New Designator=C105
Change Component Designator: Old Designator=C29 New Designator=C106
Change Component Designator: Old Designator=C30 New Designator=C87
Change Component Designator: Old Designator=D4 New Designator=D46
Change Component Designator: Old Designator=D5 New Designator=D47
Change Component Designator: Old Designator=D6 New Designator=D48
Change Component Designator: Old Designator=D7 New Designator=D49
Change Component Designator: Old Designator=J2 New Designator=J36
Change Component Designator: Old Designator=J4 New Designator=J37
Change Component Designator: Old Designator=J-IA New Designator=J-IA1
Change Component Designator: Old Designator=J-IB New Designator=J-IB1
Change Component Designator: Old Designator=J-IC New Designator=J-IC1
Change Component Designator: Old Designator=J-IN New Designator=J-IN1
Change Component Designator: Old Designator=J-U New Designator=J-U1
Change Component Designator: Old Designator=JP4 New Designator=JP2
Change Component Designator: Old Designator=JP5 New Designator=JP3
Change Component Designator: Old Designator=JP6 New Designator=JP4
Change Component Designator: Old Designator=JP7 New Designator=JP5
Change Component Designator: Old Designator=JP8 New Designator=JP1
Change Component Designator: Old Designator=R2 New Designator=R235
Change Component Designator: Old Designator=R3 New Designator=R236
Change Component Designator: Old Designator=R4 New Designator=R233
Change Component Designator: Old Designator=R5 New Designator=R234
Change Component Designator: Old Designator=R10 New Designator=R239
Change Component Designator: Old Designator=R11 New Designator=R240
Change Component Designator: Old Designator=R12 New Designator=R238
Change Component Designator: Old Designator=R13 New Designator=R237
Change Component Designator: Old Designator=R14 New Designator=R242
Change Component Designator: Old Designator=R15 New Designator=R243
Change Component Designator: Old Designator=R16 New Designator=R241
Change Component Designator: Old Designator=R17 New Designator=R244
Change Component Designator: Old Designator=R18 New Designator=R247
Change Component Designator: Old Designator=R19 New Designator=R248
Change Component Designator: Old Designator=R20 New Designator=R245
Change Component Designator: Old Designator=R21 New Designator=R246
Change Component Designator: Old Designator=R22 New Designator=R250
Change Component Designator: Old Designator=R23 New Designator=R249
Change Component Designator: Old Designator=R24 New Designator=R252
Change Component Designator: Old Designator=R25 New Designator=R253
Change Component Designator: Old Designator=R26 New Designator=R254
Change Component Designator: Old Designator=R27 New Designator=R255
Change Component Designator: Old Designator=R28 New Designator=R256
Change Component Designator: Old Designator=R29 New Designator=R257
Change Component Designator: Old Designator=R30 New Designator=R258
Change Component Designator: Old Designator=R31 New Designator=R259
Change Component Designator: Old Designator=R32 New Designator=R251
Change Component Designator: Old Designator=R33 New Designator=R260
Change Component Designator: Old Designator=R34 New Designator=R261
Change Component Designator: Old Designator=R35 New Designator=R262
Change Component Designator: Old Designator=R36 New Designator=R263
Change Component Designator: Old Designator=R37 New Designator=R264
Change Component Designator: Old Designator=R38 New Designator=R265
Change Component Designator: Old Designator=R39 New Designator=R266
Change Component Designator: Old Designator=R40 New Designator=R267
Change Component Designator: Old Designator=R41 New Designator=R268
Change Component Designator: Old Designator=R42 New Designator=R269
Change Component Designator: Old Designator=R43 New Designator=R270
Change Component Designator: Old Designator=R44 New Designator=R271
Change Component Designator: Old Designator=R45 New Designator=R272
Change Component Designator: Old Designator=R46 New Designator=R273
Change Component Designator: Old Designator=R47 New Designator=R274
Change Component Designator: Old Designator=R48 New Designator=R275
Change Component Designator: Old Designator=R49 New Designator=R276
Change Component Designator: Old Designator=R50 New Designator=R277
Change Component Designator: Old Designator=U3 New Designator=U52
Change Component Designator: Old Designator=U4 New Designator=U53
Change Component Designator: Old Designator=U5 New Designator=U54
Change Component Designator: Old Designator=U6 New Designator=U56
Change Component Designator: Old Designator=U7 New Designator=U55
