Change Component Designator: Old Designator=D17 New Designator=D21
Change Component Designator: Old Designator=D18 New Designator=D22
Change Component Designator: Old Designator=D19 New Designator=D25
Change Component Designator: Old Designator=D20 New Designator=D26
Change Component Designator: Old Designator=D21 New Designator=D29
Change Component Designator: Old Designator=D22 New Designator=D30
Change Component Designator: Old Designator=D39 New Designator=D23
Change Component Designator: Old Designator=D40 New Designator=D24
Change Component Designator: Old Designator=D41 New Designator=D27
Change Component Designator: Old Designator=D42 New Designator=D28
Change Component Designator: Old Designator=D43 New Designator=D31
Change Component Designator: Old Designator=D44 New Designator=D32
Change Component Designator: Old Designator=J24 New Designator=J21
Change Component Designator: Old Designator=J25 New Designator=J22
Change Component Designator: Old Designator=J26 New Designator=J23
Change Component Designator: Old Designator=J27 New Designator=J24
Change Component Designator: Old Designator=J28 New Designator=J25
Change Component Designator: Old Designator=J29 New Designator=J26
Change Component Designator: Old Designator=Q18 New Designator=Q7
Change Component Designator: Old Designator=Q19 New Designator=Q8
Change Component Designator: Old Designator=Q20 New Designator=Q9
Change Component Designator: Old Designator=Q21 New Designator=Q10
Change Component Designator: Old Designator=Q22 New Designator=Q11
Change Component Designator: Old Designator=Q23 New Designator=Q12
Change Component Designator: Old Designator=R145 New Designator=R121
Change Component Designator: Old Designator=R146 New Designator=R122
Change Component Designator: Old Designator=R147 New Designator=R123
Change Component Designator: Old Designator=R148 New Designator=R124
Change Component Designator: Old Designator=R149 New Designator=R125
Change Component Designator: Old Designator=R150 New Designator=R126
Change Component Designator: Old Designator=R151 New Designator=R127
Change Component Designator: Old Designator=R152 New Designator=R128
Change Component Designator: Old Designator=R153 New Designator=R129
Change Component Designator: Old Designator=R154 New Designator=R130
Change Component Designator: Old Designator=R155 New Designator=R131
Change Component Designator: Old Designator=R156 New Designator=R132
Change Component Designator: Old Designator=R157 New Designator=R133
Change Component Designator: Old Designator=R158 New Designator=R134
Change Component Designator: Old Designator=R159 New Designator=R135
Change Component Designator: Old Designator=R160 New Designator=R136
Change Component Designator: Old Designator=R161 New Designator=R137
Change Component Designator: Old Designator=R162 New Designator=R138
Change Component Designator: Old Designator=R163 New Designator=R139
Change Component Designator: Old Designator=R164 New Designator=R140
Change Component Designator: Old Designator=R165 New Designator=R141
Change Component Designator: Old Designator=R166 New Designator=R142
Change Component Designator: Old Designator=R167 New Designator=R143
Change Component Designator: Old Designator=R168 New Designator=R144
Change Component Designator: Old Designator=R169 New Designator=R145
Change Component Designator: Old Designator=R170 New Designator=R146
Change Component Designator: Old Designator=R171 New Designator=R147
Change Component Designator: Old Designator=R172 New Designator=R148
Change Component Designator: Old Designator=R173 New Designator=R149
Change Component Designator: Old Designator=R174 New Designator=R150
Change Component Designator: Old Designator=U35 New Designator=U30
Change Component Designator: Old Designator=U36 New Designator=U31
Change Component Designator: Old Designator=U37 New Designator=U32
Change Component Designator: Old Designator=U38 New Designator=U33
Change Component Designator: Old Designator=U39 New Designator=U34
Change Component Designator: Old Designator=U40 New Designator=U35
