Change Component Designator: Old Designator=D11 New Designator=D9
Change Component Designator: Old Designator=D12 New Designator=D10
Change Component Designator: Old Designator=D15 New Designator=D17
Change Component Designator: Old Designator=D16 New Designator=D18
Change Component Designator: Old Designator=D33 New Designator=D11
Change Component Designator: Old Designator=D34 New Designator=D12
Change Component Designator: Old Designator=D35 New Designator=D15
Change Component Designator: Old Designator=D36 New Designator=D16
Change Component Designator: Old Designator=D37 New Designator=D19
Change Component Designator: Old Designator=D38 New Designator=D20
Change Component Designator: Old Designator=J17 New Designator=J14
Change Component Designator: Old Designator=J18 New Designator=J15
Change Component Designator: Old Designator=J19 New Designator=J16
Change Component Designator: Old Designator=J20 New Designator=J17
Change Component Designator: Old Designator=J21 New Designator=J18
Change Component Designator: Old Designator=J22 New Designator=J19
Change Component Designator: Old Designator=J23 New Designator=J20
Change Component Designator: Old Designator=Q11 New Designator=Q1
Change Component Designator: Old Designator=Q13 New Designator=Q2
Change Component Designator: Old Designator=Q14 New Designator=Q3
Change Component Designator: Old Designator=Q15 New Designator=Q4
Change Component Designator: Old Designator=Q16 New Designator=Q5
Change Component Designator: Old Designator=Q17 New Designator=Q6
Change Component Designator: Old Designator=R115 New Designator=R91
Change Component Designator: Old Designator=R116 New Designator=R92
Change Component Designator: Old Designator=R117 New Designator=R93
Change Component Designator: Old Designator=R118 New Designator=R94
Change Component Designator: Old Designator=R119 New Designator=R95
Change Component Designator: Old Designator=R120 New Designator=R96
Change Component Designator: Old Designator=R121 New Designator=R97
Change Component Designator: Old Designator=R122 New Designator=R98
Change Component Designator: Old Designator=R123 New Designator=R99
Change Component Designator: Old Designator=R124 New Designator=R100
Change Component Designator: Old Designator=R125 New Designator=R101
Change Component Designator: Old Designator=R126 New Designator=R102
Change Component Designator: Old Designator=R127 New Designator=R103
Change Component Designator: Old Designator=R128 New Designator=R104
Change Component Designator: Old Designator=R129 New Designator=R105
Change Component Designator: Old Designator=R130 New Designator=R106
Change Component Designator: Old Designator=R131 New Designator=R107
Change Component Designator: Old Designator=R132 New Designator=R108
Change Component Designator: Old Designator=R133 New Designator=R109
Change Component Designator: Old Designator=R134 New Designator=R110
Change Component Designator: Old Designator=R135 New Designator=R111
Change Component Designator: Old Designator=R136 New Designator=R112
Change Component Designator: Old Designator=R137 New Designator=R113
Change Component Designator: Old Designator=R138 New Designator=R114
Change Component Designator: Old Designator=R139 New Designator=R115
Change Component Designator: Old Designator=R140 New Designator=R116
Change Component Designator: Old Designator=R141 New Designator=R117
Change Component Designator: Old Designator=R142 New Designator=R118
Change Component Designator: Old Designator=R143 New Designator=R119
Change Component Designator: Old Designator=R144 New Designator=R120
Change Component Designator: Old Designator=U29 New Designator=U24
Change Component Designator: Old Designator=U30 New Designator=U25
Change Component Designator: Old Designator=U31 New Designator=U26
Change Component Designator: Old Designator=U32 New Designator=U27
Change Component Designator: Old Designator=U33 New Designator=U28
Change Component Designator: Old Designator=U34 New Designator=U29
