Change Component Designator: Old Designator=C1 New Designator=C6
Change Component Designator: Old Designator=C2 New Designator=C7
Change Component Designator: Old Designator=C3 New Designator=C2
Change Component Designator: Old Designator=C4 New Designator=C3
Change Component Designator: Old Designator=C5 New Designator=C8
Change Component Designator: Old Designator=C6 New Designator=C1
Change Component Designator: Old Designator=C7 New Designator=C4
Change Component Designator: Old Designator=C8 New Designator=C9
Change Component Designator: Old Designator=C31 New Designator=C5
Change Component Designator: Old Designator=C32 New Designator=C29
Change Component Designator: Old Designator=C33 New Designator=C30
Change Component Designator: Old Designator=C34 New Designator=C31
Change Component Designator: Old Designator=C35 New Designator=C32
Change Component Designator: Old Designator=C36 New Designator=C33
Change Component Designator: Old Designator=C37 New Designator=C34
Change Component Designator: Old Designator=C38 New Designator=C35
Change Component Designator: Old Designator=C39 New Designator=C36
Change Component Designator: Old Designator=C50 New Designator=C10
Change Component Designator: Old Designator=C51 New Designator=C11
Change Component Designator: Old Designator=C52 New Designator=C12
Change Component Designator: Old Designator=C53 New Designator=C13
Change Component Designator: Old Designator=C54 New Designator=C14
Change Component Designator: Old Designator=C55 New Designator=C15
Change Component Designator: Old Designator=C56 New Designator=C16
Change Component Designator: Old Designator=C57 New Designator=C17
Change Component Designator: Old Designator=C58 New Designator=C18
Change Component Designator: Old Designator=C59 New Designator=C19
Change Component Designator: Old Designator=C60 New Designator=C20
Change Component Designator: Old Designator=C61 New Designator=C21
Change Component Designator: Old Designator=C62 New Designator=C22
Change Component Designator: Old Designator=C63 New Designator=C23
Change Component Designator: Old Designator=C64 New Designator=C24
Change Component Designator: Old Designator=C65 New Designator=C25
Change Component Designator: Old Designator=C66 New Designator=C26
Change Component Designator: Old Designator=C67 New Designator=C27
Change Component Designator: Old Designator=C68 New Designator=C28
Change Component Designator: Old Designator=D1 New Designator=D7
Change Component Designator: Old Designator=D26 New Designator=D1
Change Component Designator: Old Designator=D27 New Designator=D2
Change Component Designator: Old Designator=D28 New Designator=D3
Change Component Designator: Old Designator=D29 New Designator=D4
Change Component Designator: Old Designator=D30 New Designator=D5
Change Component Designator: Old Designator=D31 New Designator=D6
Change Component Designator: Old Designator=D32 New Designator=D8
Change Component Designator: Old Designator=F1 New Designator=F2
Change Component Designator: Old Designator=F2 New Designator=F1
Change Component Designator: Old Designator=L2 New Designator=L1
Change Component Designator: Old Designator=L3 New Designator=L2
Change Component Designator: Old Designator=L4 New Designator=L3
Change Component Designator: Old Designator=R1 New Designator=R2
Change Component Designator: Old Designator=R6 New Designator=R3
Change Component Designator: Old Designator=R51 New Designator=R4
Change Component Designator: Old Designator=R52 New Designator=R5
Change Component Designator: Old Designator=R53 New Designator=R1
Change Component Designator: Old Designator=R54 New Designator=R6
Change Component Designator: Old Designator=R55 New Designator=R7
Change Component Designator: Old Designator=R56 New Designator=R8
Change Component Designator: Old Designator=R59 New Designator=R9
Change Component Designator: Old Designator=R60 New Designator=R10
Change Component Designator: Old Designator=R79 New Designator=R11
Change Component Designator: Old Designator=R80 New Designator=R12
Change Component Designator: Old Designator=R81 New Designator=R13
Change Component Designator: Old Designator=R82 New Designator=R14
Change Component Designator: Old Designator=R83 New Designator=R15
Change Component Designator: Old Designator=R84 New Designator=R16
Change Component Designator: Old Designator=R85 New Designator=R17
Change Component Designator: Old Designator=R86 New Designator=R18
Change Component Designator: Old Designator=U2 New Designator=U3
Change Component Designator: Old Designator=U8 New Designator=U1
Change Component Designator: Old Designator=U9 New Designator=U4
Change Component Designator: Old Designator=U10 New Designator=U2
Change Component Designator: Old Designator=U11 New Designator=U5
