Change Component Designator: Old Designator=C9 New Designator=C76
Change Component Designator: Old Designator=C10 New Designator=C77
Change Component Designator: Old Designator=C11 New Designator=C78
Change Component Designator: Old Designator=C12 New Designator=C79
Change Component Designator: Old Designator=C13 New Designator=C80
Change Component Designator: Old Designator=C14 New Designator=C82
Change Component Designator: Old Designator=C15 New Designator=C83
Change Component Designator: Old Designator=C16 New Designator=C84
Change Component Designator: Old Designator=C30 New Designator=C81
Change Component Designator: Old Designator=D6 New Designator=D41
Change Component Designator: Old Designator=D7 New Designator=D42
Change Component Designator: Old Designator=D8 New Designator=D43
Change Component Designator: Old Designator=D9 New Designator=D44
Change Component Designator: Old Designator=D10 New Designator=D45
Change Component Designator: Old Designator=J3 New Designator=J35
Change Component Designator: Old Designator=Q4 New Designator=Q18
Change Component Designator: Old Designator=Q5 New Designator=Q19
Change Component Designator: Old Designator=Q6 New Designator=Q20
Change Component Designator: Old Designator=Q7 New Designator=Q21
Change Component Designator: Old Designator=Q8 New Designator=Q22
Change Component Designator: Old Designator=Q9 New Designator=Q23
Change Component Designator: Old Designator=Q12 New Designator=Q24
Change Component Designator: Old Designator=R17 New Designator=R215
Change Component Designator: Old Designator=R18 New Designator=R216
Change Component Designator: Old Designator=R19 New Designator=R217
Change Component Designator: Old Designator=R20 New Designator=R218
Change Component Designator: Old Designator=R21 New Designator=R219
Change Component Designator: Old Designator=R22 New Designator=R220
Change Component Designator: Old Designator=R23 New Designator=R221
Change Component Designator: Old Designator=R24 New Designator=R222
Change Component Designator: Old Designator=R25 New Designator=R223
Change Component Designator: Old Designator=R26 New Designator=R224
Change Component Designator: Old Designator=R27 New Designator=R225
Change Component Designator: Old Designator=R28 New Designator=R227
Change Component Designator: Old Designator=R29 New Designator=R229
Change Component Designator: Old Designator=R30 New Designator=R232
Change Component Designator: Old Designator=R57 New Designator=R230
Change Component Designator: Old Designator=R58 New Designator=R231
Change Component Designator: Old Designator=R251 New Designator=R214
Change Component Designator: Old Designator=R252 New Designator=R226
Change Component Designator: Old Designator=R253 New Designator=R228
