Removed Pin From Net: NetName=+5 Pin=C1-1
Removed Pin From Net: NetName=GND Pin=C1-2
Removed Pin From Net: NetName=+5 Pin=C2-1
Removed Pin From Net: NetName=GND Pin=C2-2
Removed Pin From Net: NetName=-5 Pin=C3-1
Removed Pin From Net: NetName=GND Pin=C3-2
Removed Pin From Net: NetName=-5 Pin=C4-1
Removed Pin From Net: NetName=GND Pin=C4-2
Removed Pin From Net: NetName=GND Pin=C6-2
Removed Pin From Net: NetName=GND Pin=C7-1
Removed Pin From Net: NetName=GND Pin=C8-2
Removed Pin From Net: NetName=GND Pin=C9-2
Removed Pin From Net: NetName=GND Pin=C10-2
Removed Pin From Net: NetName=GND Pin=C11-1
Removed Pin From Net: NetName=+5 Pin=C11-2
Removed Pin From Net: NetName=GND Pin=C12-1
Removed Pin From Net: NetName=+5 Pin=C12-2
Removed Pin From Net: NetName=GND Pin=C13-1
Removed Pin From Net: NetName=+5 Pin=C13-2
Removed Pin From Net: NetName=GND Pin=C15-2
Removed Pin From Net: NetName=GND Pin=C16-2
Removed Pin From Net: NetName=GND Pin=C17-2
Removed Pin From Net: NetName=GND Pin=C18-1
Removed Pin From Net: NetName=GND Pin=C19-1
Removed Pin From Net: NetName=GND Pin=C20-1
Removed Pin From Net: NetName=GND Pin=C22-2
Removed Pin From Net: NetName=GND Pin=C23-2
Removed Pin From Net: NetName=GND Pin=C24-2
Removed Pin From Net: NetName=GND Pin=C25-1
Removed Pin From Net: NetName=VCC Pin=C25-2
Removed Pin From Net: NetName=GND Pin=C26-1
Removed Pin From Net: NetName=VCC Pin=C26-2
Removed Pin From Net: NetName=GND Pin=C27-1
Removed Pin From Net: NetName=VCC Pin=C27-2
Removed Pin From Net: NetName=GND Pin=C29-1
Removed Pin From Net: NetName=GND Pin=C30-2
Removed Pin From Net: NetName=GND Pin=C31-1
Removed Pin From Net: NetName=GND Pin=C32-1
Removed Pin From Net: NetName=GND Pin=C33-2
Removed Pin From Net: NetName=GND Pin=C34-1
Removed Pin From Net: NetName=GND Pin=C35-2
Removed Pin From Net: NetName=GND Pin=C36-2
Removed Pin From Net: NetName=VCC Pin=C107-1
Removed Pin From Net: NetName=GND Pin=C107-2
Removed Pin From Net: NetName=VCC Pin=C108-1
Removed Pin From Net: NetName=GND Pin=C108-2
Removed Pin From Net: NetName=VCC Pin=C109-1
Removed Pin From Net: NetName=GND Pin=C109-2
Removed Pin From Net: NetName=VCC Pin=C110-1
Removed Pin From Net: NetName=GND Pin=C110-2
Removed Pin From Net: NetName=VCC Pin=C111-1
Removed Pin From Net: NetName=GND Pin=C111-2
Removed Pin From Net: NetName=VCC Pin=C112-1
Removed Pin From Net: NetName=GND Pin=C112-2
Removed Pin From Net: NetName=GND Pin=C113-2
Removed Pin From Net: NetName=GND Pin=C114-2
Removed Pin From Net: NetName=GND Pin=C115-2
Removed Pin From Net: NetName=GND Pin=C116-2
Removed Pin From Net: NetName=GND Pin=C117-2
Removed Pin From Net: NetName=GND Pin=C118-2
Removed Pin From Net: NetName=GND Pin=D3-2
Removed Pin From Net: NetName=GND Pin=D4-1
Removed Pin From Net: NetName=+5 Pin=D5-1
Removed Pin From Net: NetName=GND Pin=D7-2
Removed Pin From Net: NetName=VCC Pin=D8-1
Removed Pin From Net: NetName=GND Pin=D33-3
Removed Pin From Net: NetName=GND Pin=D34-2
Removed Pin From Net: NetName=GND Pin=D35-2
Removed Pin From Net: NetName=GND Pin=D36-2
Removed Pin From Net: NetName=VCC Pin=FB1-1
Removed Pin From Net: NetName=GND Pin=J1-1
Removed Pin From Net: NetName=+5 Pin=L1-2
Removed Pin From Net: NetName=VCC Pin=L3-2
Removed Pin From Net: NetName=+5 Pin=P3-1
Removed Pin From Net: NetName=GND Pin=P3-4
Removed Pin From Net: NetName=GND Pin=P4-4
Removed Pin From Net: NetName=GND Pin=P6-3
Removed Pin From Net: NetName=-5 Pin=R1-2
Removed Pin From Net: NetName=GND Pin=R4-1
Removed Pin From Net: NetName=GND Pin=R5-1
Removed Pin From Net: NetName=GND Pin=R6-2
Removed Pin From Net: NetName=+5 Pin=R8-2
Removed Pin From Net: NetName=GND Pin=R11-2
Removed Pin From Net: NetName=GND Pin=R12-2
Removed Pin From Net: NetName=GND Pin=R13-2
Removed Pin From Net: NetName=GND Pin=R14-2
Removed Pin From Net: NetName=VCC Pin=R16-2
Removed Pin From Net: NetName=GND Pin=R17-2
Removed Pin From Net: NetName=GND Pin=R18-2
Removed Pin From Net: NetName=GND Pin=R191-2
Removed Pin From Net: NetName=+5 Pin=R193-1
Removed Pin From Net: NetName=VCC Pin=R194-2
Removed Pin From Net: NetName=VCC Pin=R195-2
Removed Pin From Net: NetName=VCC Pin=R278-1
Removed Pin From Net: NetName=GND Pin=R279-2
Removed Pin From Net: NetName=VCC Pin=R280-2
Removed Pin From Net: NetName=GND Pin=SW4-B'
Removed Pin From Net: NetName=GND Pin=SW4-B
Removed Pin From Net: NetName=GND Pin=U1-3
Removed Pin From Net: NetName=GND Pin=U1-6
Removed Pin From Net: NetName=-5 Pin=U2-1
Removed Pin From Net: NetName=+5 Pin=U2-2
Removed Pin From Net: NetName=GND Pin=U2-4
Removed Pin From Net: NetName=GND Pin=U3-1
Removed Pin From Net: NetName=GND Pin=U4-1
Removed Pin From Net: NetName=GND Pin=U5-1
Removed Pin From Net: NetName=VCC Pin=U49-1
Removed Pin From Net: NetName=GND Pin=U49-2
Removed Pin From Net: NetName=GND Pin=U49-7
Removed Pin From Net: NetName=GND Pin=U49-8
Removed Pin From Net: NetName=+5 Pin=U49-16
Removed Pin From Net: NetName=VCC Pin=U50-1
Removed Pin From Net: NetName=GND Pin=U50-4
Removed Pin From Net: NetName=VCC Pin=U50-5
Removed Pin From Net: NetName=GND Pin=U57-10
Removed Pin From Net: NetName=VCC Pin=U57-11
Removed Pin From Net: NetName=TEMP1 Pin=U57-15
Removed Pin From Net: NetName=TEMP2 Pin=U57-16
Removed Pin From Net: NetName=TEMP1_FAULT Pin=U57-17
Removed Pin From Net: NetName=TEMP2_FAULT Pin=U57-18
Removed Pin From Net: NetName=VCC Pin=U57-19
Removed Pin From Net: NetName=GND Pin=U57-20
Removed Pin From Net: NetName=DIGITAL_INPUT3 Pin=U57-25
Removed Pin From Net: NetName=DIGITAL_INPUT4 Pin=U57-26
Removed Pin From Net: NetName=GND Pin=U57-27
Removed Pin From Net: NetName=VCC Pin=U57-28
Removed Pin From Net: NetName=A_VOUT_CS Pin=U57-29
Removed Pin From Net: NetName=A_VOUT_SCLK Pin=U57-30
Removed Pin From Net: NetName=A_VOUT_MOSI Pin=U57-32
Removed Pin From Net: NetName=ANALOG_INPUT1 Pin=U57-33
Removed Pin From Net: NetName=ANALOG_INPUT2 Pin=U57-34
Removed Pin From Net: NetName=ANALOG_INPUT3 Pin=U57-35
Removed Pin From Net: NetName=ANALOG_INPUT4 Pin=U57-36
Removed Pin From Net: NetName=DIGITAL_INPUT7 Pin=U57-37
Removed Pin From Net: NetName=A_IOUT_LDAC Pin=U57-41
Removed Pin From Net: NetName=A_IOUT_SHDN Pin=U57-42
Removed Pin From Net: NetName=A_VOUT_LDAC Pin=U57-43
Removed Pin From Net: NetName=A_VOUT_SHDN Pin=U57-44
Removed Pin From Net: NetName=DIGITAL_INPUT15 Pin=U57-47
Removed Pin From Net: NetName=DIGITAL_INPUT16 Pin=U57-48
Removed Pin From Net: NetName=VCC Pin=U57-50
Removed Pin From Net: NetName=A_IOUT_CS Pin=U57-51
Removed Pin From Net: NetName=A_IOUT_SCLK Pin=U57-52
Removed Pin From Net: NetName=A_IOUT_MOSI Pin=U57-54
Removed Pin From Net: NetName=DIGITAL_INPUT17 Pin=U57-70
Removed Pin From Net: NetName=DIGITAL_INPUT5 Pin=U57-71
Removed Pin From Net: NetName=DIGITAL_INPUT1 Pin=U57-72
Removed Pin From Net: NetName=GND Pin=U57-74
Removed Pin From Net: NetName=VCC Pin=U57-75
Removed Pin From Net: NetName=DIGITAL_INPUT2 Pin=U57-76
Removed Pin From Net: NetName=DIGITAL_INPUT8 Pin=U57-89
Removed Pin From Net: NetName=DIGITAL_INPUT9 Pin=U57-90
Removed Pin From Net: NetName=DIGITAL_INPUT10 Pin=U57-91
Removed Pin From Net: NetName=DIGITAL_INPUT11 Pin=U57-92
Removed Pin From Net: NetName=DIGITAL_INPUT12 Pin=U57-93
Removed Pin From Net: NetName=DIGITAL_INPUT13 Pin=U57-95
Removed Pin From Net: NetName=DIGITAL_INPUT14 Pin=U57-96
Removed Pin From Net: NetName=DIGITAL_INPUT18 Pin=U57-97
Removed Pin From Net: NetName=DIGITAL_INPUT6 Pin=U57-98
Removed Pin From Net: NetName=GND Pin=U57-99
Removed Pin From Net: NetName=VCC Pin=U57-100
Change Component Description : Designator=J27 Old Description=PCB Terminal Screw 3.81mm 16AWG 200V 13.5A 3 Position COMBICON MKDS Series New Description=PCB Terminal Screw 3.81mm 16AWG 200V 13.5A 3 Position COMBICON MKDS Series | Phoenix Contact 1727023
Change Component Description : Designator=J28 Old Description=PCB Terminal Screw 3.81mm 16AWG 200V 13.5A 3 Position COMBICON MKDS Series New Description=PCB Terminal Screw 3.81mm 16AWG 200V 13.5A 3 Position COMBICON MKDS Series | Phoenix Contact 1727023
Change Component Description : Designator=J29 Old Description=PCB Terminal Screw 3.81mm 16AWG 200V 13.5A 3 Position COMBICON MKDS Series New Description=PCB Terminal Screw 3.81mm 16AWG 200V 13.5A 3 Position COMBICON MKDS Series | Phoenix Contact 1727023
Change Component Description : Designator=J30 Old Description=PCB Terminal Screw 3.81mm 16AWG 200V 13.5A 3 Position COMBICON MKDS Series New Description=PCB Terminal Screw 3.81mm 16AWG 200V 13.5A 3 Position COMBICON MKDS Series | Phoenix Contact 1727023
Change Component Description : Designator=J31 Old Description=PCB Terminal Screw 3.81mm 16AWG 200V 13.5A 3 Position COMBICON MKDS Series New Description=PCB Terminal Screw 3.81mm 16AWG 200V 13.5A 3 Position COMBICON MKDS Series | Phoenix Contact 1727023
Change Component Description : Designator=J32 Old Description=PCB Terminal Screw 3.81mm 16AWG 200V 13.5A 3 Position COMBICON MKDS Series New Description=PCB Terminal Screw 3.81mm 16AWG 200V 13.5A 3 Position COMBICON MKDS Series | Phoenix Contact 1727023
