Added Component: Designator=BT1(FP-BU2032SM-BT-GTR-MFG)
Added Component: Designator=C1(FP-C0805C-DG-MFG)
Added Component: Designator=C2(FP-0805-L_2_01_0_2-W_1_25-IPC_B)
Added Component: Designator=C3(FP-0805-L_2_01_0_2-W_1_25-IPC_B)
Added Component: Designator=C4(FP-C0805C-DG-MFG)
Added Component: Designator=C5(FP-C0805C-DG-MFG)
Added Component: Designator=C6(FP-0805-L_2_01_0_2-W_1_25-IPC_B)
Added Component: Designator=C7(FP-HAD-MFG)
Added Component: Designator=C8(FP-C1206C-EH-MFG)
Added Component: Designator=C9(FP-C1206C-EH-MFG)
Added Component: Designator=C10(FP-C1206C-EB-MFG)
Added Component: Designator=C11(CAPC1206(3216)190_L)
Added Component: Designator=C12(CAPC1206(3216)190_L)
Added Component: Designator=C13(CAPC1206(3216)190_L)
Added Component: Designator=C14(FP-C1206C-EB-MFG)
Added Component: Designator=C15(FP-C1206C-EH-MFG)
Added Component: Designator=C16(FP-C1206C-EH-MFG)
Added Component: Designator=C17(FP-C1206C-EB-MFG)
Added Component: Designator=C18(CAPC1206(3216)190_L)
Added Component: Designator=C19(CAPC1206(3216)190_L)
Added Component: Designator=C20(CAPC1206(3216)190_L)
Added Component: Designator=C21(FP-C1206C-EB-MFG)
Added Component: Designator=C22(FP-C1206C-EH-MFG)
Added Component: Designator=C23(FP-C1206C-EH-MFG)
Added Component: Designator=C24(FP-C1206C-EB-MFG)
Added Component: Designator=C25(CAPC1206(3216)190_L)
Added Component: Designator=C26(CAPC1206(3216)190_L)
Added Component: Designator=C27(CAPC1206(3216)190_L)
Added Component: Designator=C28(FP-C1206C-EB-MFG)
Added Component: Designator=C29(CAPC1206(3216)170_L)
Added Component: Designator=C30(FP-C1206C-EB-MFG)
Added Component: Designator=C31(CAPC1206(3216)100_N)
Added Component: Designator=C32(CAPC1206(3216)170_L)
Added Component: Designator=C33(FP-C1206C-EB-MFG)
Added Component: Designator=C34(CAPC1206(3216)100_N)
Added Component: Designator=C35(PNSC-EEEFK1C101P_L)
Added Component: Designator=C36(PNSC-EEEFK1C101P_L)
Added Component: Designator=C37(CAPC1608X87X35NL15T15)
Added Component: Designator=C38(CAPC1608X87X35NL15T15)
Added Component: Designator=C39(CAPC1608X87X35NL15T15)
Added Component: Designator=C40(CAPC1608X87X35NL15T15)
Added Component: Designator=C41(CAPC1608X87X35NL15T15)
Added Component: Designator=C42(CAPC1608X87X35NL15T15)
Added Component: Designator=C43(CAPC1608X87X35NL15T15)
Added Component: Designator=C44(CAPC1608X87X35NL15T15)
Added Component: Designator=C45(CAPC1608X87X35NL15T15)
Added Component: Designator=C46(CAPC1608X87X35NL15T15)
Added Component: Designator=C47(CAPC1608X87X35NL15T15)
Added Component: Designator=C48(CAPC1608X87X35NL15T15)
Added Component: Designator=C49(CAPC1608X87X35NL15T15)
Added Component: Designator=C50(CAPC1608X87X35NL15T15)
Added Component: Designator=C51(CAPC1608X87X35NL15T15)
Added Component: Designator=C52(CAPC1608X87X35NL15T15)
Added Component: Designator=C53(CAPC1608X87X35NL15T15)
Added Component: Designator=C54(CAPC1608X87X35NL15T15)
Added Component: Designator=C55(CAPC1608X90X35ML10T15)
Added Component: Designator=C56(CAPC1608X90X35ML10T15)
Added Component: Designator=C57(CAPC1608X90X35ML10T15)
Added Component: Designator=C58(CAPC1608X90X35ML10T15)
Added Component: Designator=C59(CAPC1608X90X35ML10T15)
Added Component: Designator=C60(CAPC1608X90X35ML10T15)
Added Component: Designator=C61(CAPC1608X90X35ML10T15)
Added Component: Designator=C62(CAPC1608X90X35ML10T15)
Added Component: Designator=C63(CAPC2013X135X45ML10T25)
Added Component: Designator=C64(CAPC2013X135X45ML10T25)
Added Component: Designator=C65(CAPC1608X92X38ML15T08)
Added Component: Designator=C66(CAPC1608X92X38ML15T08)
Added Component: Designator=C67(CAPC1608X92X38ML15T08)
Added Component: Designator=C68(FP-0805-L_2_01_0_2-W_1_25-IPC_B)
Added Component: Designator=C69(CAPC1608X92X38ML15T08)
Added Component: Designator=C70(CAPC1608X92X38ML15T08)
Added Component: Designator=C71(CAPC1608X92X38ML15T08)
Added Component: Designator=C72(CAPC2013X145X50ML20T25)
Added Component: Designator=C73(CAPC2013X145X50ML20T25)
Added Component: Designator=C74(CAPC2013X135X45ML10T25)
Added Component: Designator=C75(FP-C0805C-DN-MFG)
Added Component: Designator=C76(FP-C0805C-DN-MFG)
Added Component: Designator=C77(CAPC2013X94X50NL20T25)
Added Component: Designator=C78(CAPC2013X94X50NL20T25)
Added Component: Designator=C79(CAPC2013X94X50NL20T25)
Added Component: Designator=C80(CAPC2013X94X50NL20T25)
Added Component: Designator=C81(FP-C0805C-DN-MFG)
Added Component: Designator=C82(FP-C1206C-EB-MFG)
Added Component: Designator=C83(FP-C1206C-EB-MFG)
Added Component: Designator=C84(FP-C1206C-EB-MFG)
Added Component: Designator=C85(C0603)
Added Component: Designator=C86(C0805)
Added Component: Designator=C87(C0805)
Added Component: Designator=C88(C0603)
Added Component: Designator=C89(C0603)
Added Component: Designator=C90(C0603)
Added Component: Designator=C91(C0805)
Added Component: Designator=C92(C0805)
Added Component: Designator=C93(C0805)
Added Component: Designator=C94(C0805)
Added Component: Designator=C95(C0805)
Added Component: Designator=C96(C0805)
Added Component: Designator=C97(C0805)
Added Component: Designator=C98(C0603)
Added Component: Designator=C99(C0805)
Added Component: Designator=C100(C0805)
Added Component: Designator=C101(C0805)
Added Component: Designator=C102(C0805)
Added Component: Designator=C103(C0805)
Added Component: Designator=C104(C0805)
Added Component: Designator=C105(C0805)
Added Component: Designator=C106(C0805)
Added Component: Designator=C107(FP-CC0603-DA-MFG)
Added Component: Designator=C108(FP-CC0603-DA-MFG)
Added Component: Designator=C109(FP-CC0603-DA-MFG)
Added Component: Designator=C110(FP-C0603C-CF-MFG)
Added Component: Designator=C111(FP-C0603C-CF-MFG)
Added Component: Designator=C112(FP-C0603C-CF-MFG)
Added Component: Designator=C113(FP-CC0603-DA-MFG)
Added Component: Designator=C114(FP-CC0603-DA-MFG)
Added Component: Designator=C115(FP-C0603C-CF-MFG)
Added Component: Designator=C116(FP-CC0603-DA-MFG)
Added Component: Designator=C117(FP-CC0603-DA-MFG)
Added Component: Designator=C118(FP-C0603C-CF-MFG)
Added Component: Designator=D1(FP-SMC-MFG)
Added Component: Designator=D2(FP-SML-LX0805SRC-TR-MFG)
Added Component: Designator=D3(FP-SMBJ-MFG)
Added Component: Designator=D4(FP-SML-LX0805SRC-TR-MFG)
Added Component: Designator=D5(FP-SML-LX0805SRC-TR-MFG)
Added Component: Designator=D6(FP-SML-LX0805SRC-TR-MFG)
Added Component: Designator=D7(ONSC-SOD-123-2-425-04_V)
Added Component: Designator=D8(FP-SML-LX0805SRC-TR-MFG)
Added Component: Designator=D9(FP-SOD123-IPC_A)
Added Component: Designator=D10(FP-SOD123-IPC_A)
Added Component: Designator=D11(FP-SMBJ-MFG)
Added Component: Designator=D12(FP-SMBJ-MFG)
Added Component: Designator=D13(FP-SOD123-IPC_A)
Added Component: Designator=D14(FP-SOD123-IPC_A)
Added Component: Designator=D15(FP-SMBJ-MFG)
Added Component: Designator=D16(FP-SMBJ-MFG)
Added Component: Designator=D17(FP-SOD123-IPC_A)
Added Component: Designator=D18(FP-SOD123-IPC_A)
Added Component: Designator=D19(FP-SMBJ-MFG)
Added Component: Designator=D20(FP-SMBJ-MFG)
Added Component: Designator=D21(FP-SOD123-IPC_A)
Added Component: Designator=D22(FP-SOD123-IPC_A)
Added Component: Designator=D23(FP-SMBJ-MFG)
Added Component: Designator=D24(FP-SMBJ-MFG)
Added Component: Designator=D25(FP-SOD123-IPC_A)
Added Component: Designator=D26(FP-SOD123-IPC_A)
Added Component: Designator=D27(FP-SMBJ-MFG)
Added Component: Designator=D28(FP-SMBJ-MFG)
Added Component: Designator=D29(FP-SOD123-IPC_A)
Added Component: Designator=D30(FP-SOD123-IPC_A)
Added Component: Designator=D31(FP-SMBJ-MFG)
Added Component: Designator=D32(FP-SMBJ-MFG)
Added Component: Designator=D33(FP-SM712-MFG)
Added Component: Designator=D34(ONSC-SOD-523-2-502-01_V)
Added Component: Designator=D35(ONSC-SOD-523-2-502-01_V)
Added Component: Designator=D36(ONSC-SOD-523-2-502-01_V)
Added Component: Designator=D37(FP-KP-3216PBC-A-MFG)
Added Component: Designator=D38(FP-KP-3216PBC-A-MFG)
Added Component: Designator=D39(FP-KP-3216PBC-A-MFG)
Added Component: Designator=D40(FP-KP-3216PBC-A-MFG)
Added Component: Designator=D41(ONSC-SOD-523-2-502-01_V)
Added Component: Designator=D42(ONSC-SOD-523-2-502-01_V)
Added Component: Designator=D43(ONSC-SOD-523-2-502-01_V)
Added Component: Designator=D44(ONSC-SOD-523-2-502-01_V)
Added Component: Designator=D45(ONSC-SOD-523-2-502-01_V)
Added Component: Designator=D46(LED-0805R)
Added Component: Designator=D47(LED-0805R)
Added Component: Designator=D48(LED-0805R)
Added Component: Designator=D49(LED-0805R)
Added Component: Designator=F1(FP-1812L-MFG)
Added Component: Designator=F2(FP-473-0)
Added Component: Designator=FB1(FP-BLM21-0_2-t0_85-e0_5-IPC_A)
Added Component: Designator=J1(PHOE-1729128-2_V)
Added Component: Designator=J2(PHOE-1729128-2_V)
Added Component: Designator=J3(PHOE-1729128-2_V)
Added Component: Designator=J4(PHOE-1729128-2_V)
Added Component: Designator=J5(PHOE-1729128-2_V)
Added Component: Designator=J6(PHOE-1729128-2_V)
Added Component: Designator=J7(PHOE-1729128-2_V)
Added Component: Designator=J8(PHOE-1729128-2_V)
Added Component: Designator=J9(PHOE-1729128-2_V)
Added Component: Designator=J10(PHOE-1729128-2_V)
Added Component: Designator=J11(PHOE-1729128-2_V)
Added Component: Designator=J12(PHOE-1729128-2_V)
Added Component: Designator=J13(PHOE-1729128-2_V)
Added Component: Designator=J14(PHOE-1729128-2_V)
Added Component: Designator=J15(PHOE-1729128-2_V)
Added Component: Designator=J16(PHOE-1729128-2_V)
Added Component: Designator=J17(PHOE-1729128-2_V)
Added Component: Designator=J18(PHOE-1729128-2_V)
Added Component: Designator=J19(PHOE-1729128-2_V)
Added Component: Designator=J20(PHOE-1729128-2_V)
Added Component: Designator=J21(PHOE-1729128-2_V)
Added Component: Designator=J22(PHOE-1729128-2_V)
Added Component: Designator=J23(PHOE-1729128-2_V)
Added Component: Designator=J24(PHOE-1729128-2_V)
Added Component: Designator=J25(PHOE-1729128-2_V)
Added Component: Designator=J26(PHOE-1729128-2_V)
Added Component: Designator=J27(PHOENIX_1727023)
Add component (AddParameter): Name = "Check_prices"; Value = "https://www.snapeda.com/parts/1727023/Phoenix+Contact/view-part/?ref=eda"; VariantName = "[No Variations]"
Add component (AddParameter): Name = "MF"; Value = "Phoenix Contact"; VariantName = "[No Variations]"
Add component (AddParameter): Name = "MP"; Value = "1727023"; VariantName = "[No Variations]"
Add component (AddParameter): Name = "Package"; Value = "None"; VariantName = "[No Variations]"
Add component (AddParameter): Name = "SnapEDA_Link"; Value = "https://www.snapeda.com/parts/1727023/Phoenix+Contact/view-part/?ref=snap"; VariantName = "[No Variations]"
Add component (AddParameter): Name = "Value"; Value = ""; VariantName = "[No Variations]"
Added Component: Designator=J28(PHOENIX_1727023)
Add component (AddParameter): Name = "Check_prices"; Value = "https://www.snapeda.com/parts/1727023/Phoenix+Contact/view-part/?ref=eda"; VariantName = "[No Variations]"
Add component (AddParameter): Name = "MF"; Value = "Phoenix Contact"; VariantName = "[No Variations]"
Add component (AddParameter): Name = "MP"; Value = "1727023"; VariantName = "[No Variations]"
Add component (AddParameter): Name = "Package"; Value = "None"; VariantName = "[No Variations]"
Add component (AddParameter): Name = "SnapEDA_Link"; Value = "https://www.snapeda.com/parts/1727023/Phoenix+Contact/view-part/?ref=snap"; VariantName = "[No Variations]"
Add component (AddParameter): Name = "Value"; Value = ""; VariantName = "[No Variations]"
Added Component: Designator=J29(PHOENIX_1727023)
Add component (AddParameter): Name = "Check_prices"; Value = "https://www.snapeda.com/parts/1727023/Phoenix+Contact/view-part/?ref=eda"; VariantName = "[No Variations]"
Add component (AddParameter): Name = "MF"; Value = "Phoenix Contact"; VariantName = "[No Variations]"
Add component (AddParameter): Name = "MP"; Value = "1727023"; VariantName = "[No Variations]"
Add component (AddParameter): Name = "Package"; Value = "None"; VariantName = "[No Variations]"
Add component (AddParameter): Name = "SnapEDA_Link"; Value = "https://www.snapeda.com/parts/1727023/Phoenix+Contact/view-part/?ref=snap"; VariantName = "[No Variations]"
Add component (AddParameter): Name = "Value"; Value = ""; VariantName = "[No Variations]"
Added Component: Designator=J30(PHOENIX_1727023)
Add component (AddParameter): Name = "Check_prices"; Value = "https://www.snapeda.com/parts/1727023/Phoenix+Contact/view-part/?ref=eda"; VariantName = "[No Variations]"
Add component (AddParameter): Name = "MF"; Value = "Phoenix Contact"; VariantName = "[No Variations]"
Add component (AddParameter): Name = "MP"; Value = "1727023"; VariantName = "[No Variations]"
Add component (AddParameter): Name = "Package"; Value = "None"; VariantName = "[No Variations]"
Add component (AddParameter): Name = "SnapEDA_Link"; Value = "https://www.snapeda.com/parts/1727023/Phoenix+Contact/view-part/?ref=snap"; VariantName = "[No Variations]"
Add component (AddParameter): Name = "Value"; Value = ""; VariantName = "[No Variations]"
Added Component: Designator=J31(PHOENIX_1727023)
Add component (AddParameter): Name = "Check_prices"; Value = "https://www.snapeda.com/parts/1727023/Phoenix+Contact/view-part/?ref=eda"; VariantName = "[No Variations]"
Add component (AddParameter): Name = "MF"; Value = "Phoenix Contact"; VariantName = "[No Variations]"
Add component (AddParameter): Name = "MP"; Value = "1727023"; VariantName = "[No Variations]"
Add component (AddParameter): Name = "Package"; Value = "None"; VariantName = "[No Variations]"
Add component (AddParameter): Name = "SnapEDA_Link"; Value = "https://www.snapeda.com/parts/1727023/Phoenix+Contact/view-part/?ref=snap"; VariantName = "[No Variations]"
Add component (AddParameter): Name = "Value"; Value = ""; VariantName = "[No Variations]"
Added Component: Designator=J32(PHOENIX_1727023)
Add component (AddParameter): Name = "Check_prices"; Value = "https://www.snapeda.com/parts/1727023/Phoenix+Contact/view-part/?ref=eda"; VariantName = "[No Variations]"
Add component (AddParameter): Name = "MF"; Value = "Phoenix Contact"; VariantName = "[No Variations]"
Add component (AddParameter): Name = "MP"; Value = "1727023"; VariantName = "[No Variations]"
Add component (AddParameter): Name = "Package"; Value = "None"; VariantName = "[No Variations]"
Add component (AddParameter): Name = "SnapEDA_Link"; Value = "https://www.snapeda.com/parts/1727023/Phoenix+Contact/view-part/?ref=snap"; VariantName = "[No Variations]"
Add component (AddParameter): Name = "Value"; Value = ""; VariantName = "[No Variations]"
Added Component: Designator=J33(FP-U_FL-R-SMT_10-MFG)
Added Component: Designator=J34(FP-U_FL-R-SMT_10-MFG)
Added Component: Designator=J35(FP-SIM8066-6-1-14-01-A-MFG)
Added Component: Designator=J36(HDR2X10)
Added Component: Designator=J37(HDR1X8)
Added Component: Designator=J-IA1(TE-1776119-2)
Added Component: Designator=J-IB1(TE-1776119-2)
Added Component: Designator=J-IC1(TE-1776119-2)
Added Component: Designator=J-IN1(TE-1776119-2)
Added Component: Designator=J-U1(TE-282843-4)
Added Component: Designator=JP1(JMP)
Added Component: Designator=JP2(JMP)
Added Component: Designator=JP3(JMP)
Added Component: Designator=JP4(JMP)
Added Component: Designator=JP5(JMP)
Added Component: Designator=L1(FP-IFSC1515AH-MFG)
Added Component: Designator=L2(FP-IFSC1515AH-MFG)
Added Component: Designator=L3(FP-IFSC1515AH-MFG)
Added Component: Designator=L4(FP-LQW18AN_00-MFG)
Added Component: Designator=P1(691701340002B)
Added Component: Designator=P2(691701340002B)
Added Component: Designator=P3(61900411121)
Added Component: Designator=P4(61900411121)
Added Component: Designator=P6(HDR1X3)
Add component (AddParameter): Name = "LatestRevisionDate"; Value = "17-Jul-2002"; VariantName = "[No Variations]"
Add component (AddParameter): Name = "LatestRevisionNote"; Value = "Re-released for DXP Platform."; VariantName = "[No Variations]"
Add component (AddParameter): Name = "Publisher"; Value = "Altium Limited"; VariantName = "[No Variations]"
Added Component: Designator=Q1(FP-SOT23-MFG)
Added Component: Designator=Q2(FP-SOT23-MFG)
Added Component: Designator=Q3(FP-SOT23-MFG)
Added Component: Designator=Q4(FP-SOT23-MFG)
Added Component: Designator=Q5(FP-SOT23-MFG)
Added Component: Designator=Q6(FP-SOT23-MFG)
Added Component: Designator=Q7(FP-SOT23-MFG)
Added Component: Designator=Q8(FP-SOT23-MFG)
Added Component: Designator=Q9(FP-SOT23-MFG)
Added Component: Designator=Q10(FP-SOT23-MFG)
Added Component: Designator=Q11(FP-SOT23-MFG)
Added Component: Designator=Q12(FP-SOT23-MFG)
Added Component: Designator=Q13(ONSC-SOT-23-3-318-08_V)
Added Component: Designator=Q14(ONSC-SOT-23-3-318-08_V)
Added Component: Designator=Q15(FAIR-SOT23-3_V)
Added Component: Designator=Q16(FAIR-SOT23-3_V)
Added Component: Designator=Q17(FAIR-SOT23-3_V)
Added Component: Designator=Q18(FAIR-SOT23-3_V)
Added Component: Designator=Q19(FAIR-SOT23-3_V)
Added Component: Designator=Q20(FAIR-SOT23-3_V)
Added Component: Designator=Q21(FAIR-SOT23-3_V)
Added Component: Designator=Q22(FAIR-SOT23-3_V)
Added Component: Designator=Q23(FAIR-SOT23-3_V)
Added Component: Designator=Q24(FAIR-SOT23-3_V)
Added Component: Designator=R1(FP-CRGCQ0603-IPC_C)
Added Component: Designator=R2(RESC2013X50X30NL20T20)
Added Component: Designator=R3(FP-RC0805-0_6-IPC_C)
Added Component: Designator=R4(FP-CRCW0805-HPe3-MFG)
Added Component: Designator=R5(FP-CR0805-IPC_C)
Added Component: Designator=R6(FP-CRGCQ0603-IPC_C)
Added Component: Designator=R7(FP-CRCW0603-e3-IPC_A)
Added Component: Designator=R8(FP-CRCW0603-Pe3-IPC_B)
Added Component: Designator=R9(FP-CRCW0603-e3-IPC_A)
Added Component: Designator=R10(FP-CRCW0603-Pe3-IPC_B)
Added Component: Designator=R11(FP-CRCW0603-e3-IPC_A)
Added Component: Designator=R12(FP-CRGCQ0603-IPC_C)
Added Component: Designator=R13(FP-CRCW0603-e3-IPC_A)
Added Component: Designator=R14(FP-CRGCQ0603-IPC_C)
Added Component: Designator=R15(FP-CRCW0603-e3-IPC_A)
Added Component: Designator=R16(FP-CRCW0603-Pe3-IPC_B)
Added Component: Designator=R17(FP-CRCW0603-e3-IPC_A)
Added Component: Designator=R18(FP-CRGCQ0603-IPC_C)
Added Component: Designator=R19(FP-CRCW0603-e3-IPC_A)
Added Component: Designator=R20(RESC1608X55X25LL10T15)
Added Component: Designator=R21(FP-CRCW0603-e3-IPC_A)
Added Component: Designator=R22(FP-RC0603-0_55-IPC_C)
Added Component: Designator=R23(FP-CRCW0603-e3-IPC_A)
Added Component: Designator=R24(RESC1608X55X25LL10T15)
Added Component: Designator=R25(FP-CRCW0603-e3-IPC_A)
Added Component: Designator=R26(FP-RC0603-0_55-IPC_C)
Added Component: Designator=R27(FP-CRCW0603-e3-IPC_A)
Added Component: Designator=R28(RESC1608X55X25LL10T15)
Added Component: Designator=R29(FP-CRCW0603-e3-IPC_A)
Added Component: Designator=R30(FP-RC0603-0_55-IPC_C)
Added Component: Designator=R31(FP-CRCW0603-e3-IPC_A)
Added Component: Designator=R32(RESC1608X55X25LL10T15)
Added Component: Designator=R33(FP-CRCW0603-e3-IPC_A)
Added Component: Designator=R34(FP-RC0603-0_55-IPC_C)
Added Component: Designator=R35(FP-CRCW0603-e3-IPC_A)
Added Component: Designator=R36(RESC1608X55X25LL10T15)
Added Component: Designator=R37(FP-CRCW0603-e3-IPC_A)
Added Component: Designator=R38(FP-RC0603-0_55-IPC_C)
Added Component: Designator=R39(FP-CRCW0603-e3-IPC_A)
Added Component: Designator=R40(RESC1608X55X25LL10T15)
Added Component: Designator=R41(FP-CRCW0603-e3-IPC_A)
Added Component: Designator=R42(FP-RC0603-0_55-IPC_C)
Added Component: Designator=R43(FP-CRCW0603-e3-IPC_A)
Added Component: Designator=R44(RESC1608X55X25LL10T15)
Added Component: Designator=R45(FP-CRCW0603-e3-IPC_A)
Added Component: Designator=R46(FP-RC0603-0_55-IPC_C)
Added Component: Designator=R47(FP-CRCW0603-e3-IPC_A)
Added Component: Designator=R48(RESC1608X55X25LL10T15)
Added Component: Designator=R49(FP-CRCW0603-e3-IPC_A)
Added Component: Designator=R50(FP-RC0603-0_55-IPC_C)
Added Component: Designator=R51(FP-CRCW0603-e3-IPC_A)
Added Component: Designator=R52(RESC1608X55X25LL10T15)
Added Component: Designator=R53(FP-CRCW0603-e3-IPC_A)
Added Component: Designator=R54(FP-RC0603-0_55-IPC_C)
Added Component: Designator=R55(FP-CRCW0603-e3-IPC_A)
Added Component: Designator=R56(RESC1608X55X25LL10T15)
Added Component: Designator=R57(FP-CRCW0603-e3-IPC_A)
Added Component: Designator=R58(FP-RC0603-0_55-IPC_C)
Added Component: Designator=R59(FP-CRCW0603-e3-IPC_A)
Added Component: Designator=R60(RESC1608X55X25LL10T15)
Added Component: Designator=R61(FP-CRCW0603-e3-IPC_A)
Added Component: Designator=R62(FP-RC0603-0_55-IPC_C)
Added Component: Designator=R63(FP-CRCW0603-e3-IPC_A)
Added Component: Designator=R64(RESC1608X55X25LL10T15)
Added Component: Designator=R65(FP-CRCW0603-e3-IPC_A)
Added Component: Designator=R66(FP-RC0603-0_55-IPC_C)
Added Component: Designator=R67(FP-CRCW0603-e3-IPC_A)
Added Component: Designator=R68(RESC1608X55X25LL10T15)
Added Component: Designator=R69(FP-CRCW0603-e3-IPC_A)
Added Component: Designator=R70(FP-RC0603-0_55-IPC_C)
Added Component: Designator=R71(FP-CRCW0603-e3-IPC_A)
Added Component: Designator=R72(RESC1608X55X25LL10T15)
Added Component: Designator=R73(FP-CRCW0603-e3-IPC_A)
Added Component: Designator=R74(FP-RC0603-0_55-IPC_C)
Added Component: Designator=R75(FP-CRCW0603-e3-IPC_A)
Added Component: Designator=R76(RESC1608X55X25LL10T15)
Added Component: Designator=R77(FP-CRCW0603-e3-IPC_A)
Added Component: Designator=R78(FP-RC0603-0_55-IPC_C)
Added Component: Designator=R79(FP-CRCW0603-e3-IPC_A)
Added Component: Designator=R80(RESC1608X55X25LL10T15)
Added Component: Designator=R81(FP-CRCW0603-e3-IPC_A)
Added Component: Designator=R82(FP-RC0603-0_55-IPC_C)
Added Component: Designator=R83(FP-CRCW0603-e3-IPC_A)
Added Component: Designator=R84(RESC1608X55X25LL10T15)
Added Component: Designator=R85(FP-CRCW0603-e3-IPC_A)
Added Component: Designator=R86(FP-RC0603-0_55-IPC_C)
Added Component: Designator=R87(FP-CRCW0603-e3-IPC_A)
Added Component: Designator=R88(RESC1608X55X25LL10T15)
Added Component: Designator=R89(FP-CRCW0603-e3-IPC_A)
Added Component: Designator=R90(FP-RC0603-0_55-IPC_C)
Added Component: Designator=R91(FP-CRCW0603-e3-IPC_C)
Added Component: Designator=R92(FP-CRCW0603-e3-IPC_C)
Added Component: Designator=R93(FP-CRCW0603-e3-IPC_C)
Added Component: Designator=R94(FP-CRCW0603-e3-IPC_C)
Added Component: Designator=R95(RESC1608X55X30LL15T15)
Added Component: Designator=R96(RESC2013X60X35LL10T20)
Added Component: Designator=R97(RESC1608X55X30LL15T15)
Added Component: Designator=R98(RESC2013X60X35LL10T20)
Added Component: Designator=R99(RESC2013X50X30ML20T20)
Added Component: Designator=R100(RESC2013X50X30ML20T20)
Added Component: Designator=R101(FP-CRCW0603-e3-IPC_C)
Added Component: Designator=R102(FP-CRCW0603-e3-IPC_C)
Added Component: Designator=R103(FP-CRCW0603-e3-IPC_C)
Added Component: Designator=R104(FP-CRCW0603-e3-IPC_C)
Added Component: Designator=R105(RESC1608X55X30LL15T15)
Added Component: Designator=R106(RESC2013X60X35LL10T20)
Added Component: Designator=R107(RESC1608X55X30LL15T15)
Added Component: Designator=R108(RESC2013X60X35LL10T20)
Added Component: Designator=R109(RESC2013X50X30ML20T20)
Added Component: Designator=R110(RESC2013X50X30ML20T20)
Added Component: Designator=R111(FP-CRCW0603-e3-IPC_C)
Added Component: Designator=R112(FP-CRCW0603-e3-IPC_C)
Added Component: Designator=R113(FP-CRCW0603-e3-IPC_C)
Added Component: Designator=R114(FP-CRCW0603-e3-IPC_C)
Added Component: Designator=R115(RESC1608X55X30LL15T15)
Added Component: Designator=R116(RESC2013X60X35LL10T20)
Added Component: Designator=R117(RESC1608X55X30LL15T15)
Added Component: Designator=R118(RESC2013X60X35LL10T20)
Added Component: Designator=R119(RESC2013X50X30ML20T20)
Added Component: Designator=R120(RESC2013X50X30ML20T20)
Added Component: Designator=R121(FP-CRCW0603-e3-IPC_C)
Added Component: Designator=R122(FP-CRCW0603-e3-IPC_C)
Added Component: Designator=R123(FP-CRCW0603-e3-IPC_C)
Added Component: Designator=R124(FP-CRCW0603-e3-IPC_C)
Added Component: Designator=R125(RESC1608X55X30LL15T15)
Added Component: Designator=R126(RESC2013X60X35LL10T20)
Added Component: Designator=R127(RESC1608X55X30LL15T15)
Added Component: Designator=R128(RESC2013X60X35LL10T20)
Added Component: Designator=R129(RESC2013X50X30ML20T20)
Added Component: Designator=R130(RESC2013X50X30ML20T20)
Added Component: Designator=R131(FP-CRCW0603-e3-IPC_C)
Added Component: Designator=R132(FP-CRCW0603-e3-IPC_C)
Added Component: Designator=R133(FP-CRCW0603-e3-IPC_C)
Added Component: Designator=R134(FP-CRCW0603-e3-IPC_C)
Added Component: Designator=R135(RESC1608X55X30LL15T15)
Added Component: Designator=R136(RESC2013X60X35LL10T20)
Added Component: Designator=R137(RESC1608X55X30LL15T15)
Added Component: Designator=R138(RESC2013X60X35LL10T20)
Added Component: Designator=R139(RESC2013X50X30ML20T20)
Added Component: Designator=R140(RESC2013X50X30ML20T20)
Added Component: Designator=R141(FP-CRCW0603-e3-IPC_C)
Added Component: Designator=R142(FP-CRCW0603-e3-IPC_C)
Added Component: Designator=R143(FP-CRCW0603-e3-IPC_C)
Added Component: Designator=R144(FP-CRCW0603-e3-IPC_C)
Added Component: Designator=R145(RESC1608X55X30LL15T15)
Added Component: Designator=R146(RESC2013X60X35LL10T20)
Added Component: Designator=R147(RESC1608X55X30LL15T15)
Added Component: Designator=R148(RESC2013X60X35LL10T20)
Added Component: Designator=R149(RESC2013X50X30ML20T20)
Added Component: Designator=R150(RESC2013X50X30ML20T20)
Added Component: Designator=R151(FP-RC0603-0_55-MFG)
Added Component: Designator=R152(FP-RC0603-0_55-MFG)
Added Component: Designator=R153(FP-CRCW0603-e3-IPC_A)
Added Component: Designator=R154(FP-CRCW0603-e3-IPC_A)
Added Component: Designator=R155(FP-RT0603-MFG)
Added Component: Designator=R156(FP-RT0603-MFG)
Added Component: Designator=R157(FP-CRCW0603-e3-IPC_B)
Added Component: Designator=R158(FP-CRCW0603-e3-IPC_B)
Added Component: Designator=R159(FP-3296Y-MFG)
Added Component: Designator=R160(FP-3296Y-MFG)
Added Component: Designator=R161(FP-CRCW0603-HPe3-IPC_B)
Added Component: Designator=R162(FP-CRCW0603-HPe3-IPC_B)
Added Component: Designator=R163(FP-RC0603-0_55-MFG)
Added Component: Designator=R164(FP-RC0603-0_55-MFG)
Added Component: Designator=R165(FP-CRCW0603-e3-IPC_A)
Added Component: Designator=R166(FP-CRCW0603-e3-IPC_A)
Added Component: Designator=R167(FP-RT0603-MFG)
Added Component: Designator=R168(FP-RT0603-MFG)
Added Component: Designator=R169(FP-CRCW0603-e3-IPC_B)
Added Component: Designator=R170(FP-3296Y-MFG)
Added Component: Designator=R171(FP-CRCW0603-e3-IPC_B)
Added Component: Designator=R172(FP-3296Y-MFG)
Added Component: Designator=R173(FP-CRCW0603-HPe3-IPC_B)
Added Component: Designator=R174(FP-CRCW0603-HPe3-IPC_B)
Added Component: Designator=R175(FP-TNPW1206-e3-MFG)
Added Component: Designator=R176(FP-TNPW1206-e3-MFG)
Added Component: Designator=R177(RESC2013X50X30NL20T20)
Added Component: Designator=R178(RESC2013X50X30NL20T20)
Added Component: Designator=R179(RESC2013X50X30NL20T20)
Added Component: Designator=R180(RESC1609X50X30NL8T20)
Added Component: Designator=R181(RESC1609X50X30NL8T20)
Added Component: Designator=R182(RESC1609X50X30NL8T20)
Added Component: Designator=R183(RESC1609X50X30NL8T20)
Added Component: Designator=R184(RESC1609X50X30NL8T20)
Added Component: Designator=R185(RESC1609X50X30NL8T20)
Added Component: Designator=R186(RESC1609X50X30NL8T20)
Added Component: Designator=R187(RESC1609X50X30NL8T20)
Added Component: Designator=R188(RESC2013X50X30NL20T20)
Added Component: Designator=R189(RESC2013X50X30NL20T20)
Added Component: Designator=R190(RESC2013X50X30NL20T20)
Added Component: Designator=R191(RESC2013X60X35ML10T20)
Added Component: Designator=R192(FP-CRCW0805-e3-MFG)
Added Component: Designator=R193(RESC2013X60X35ML10T20)
Added Component: Designator=R194(YAGO-RC0805_M)
Added Component: Designator=R195(YAGO-RC0805_M)
Added Component: Designator=R196(YAGO-RC0805_M)
Added Component: Designator=R197(YAGO-RC0805_M)
Added Component: Designator=R199(FP-CRG0805-IPC_A)
Added Component: Designator=R200(FP-CRG0805-IPC_A)
Added Component: Designator=R201(RESC2013X60X35NL10T20)
Added Component: Designator=R202(FP-CRCW0805-e3-IPC_B)
Added Component: Designator=R203(FP-CRCW0805-e3-IPC_B)
Added Component: Designator=R204(FP-CRCW0805-e3-IPC_B)
Added Component: Designator=R205(FP-CRCW0805-e3-IPC_B)
Added Component: Designator=R206(FP-CRG0805-IPC_A)
Added Component: Designator=R207(FP-CRG0805-IPC_A)
Added Component: Designator=R208(RESC2013X60X35NL10T20)
Added Component: Designator=R209(RESC2013X60X35NL10T20)
Added Component: Designator=R210(FP-CRCW0805-e3-IPC_B)
Added Component: Designator=R211(FP-CRCW0805-e3-IPC_B)
Added Component: Designator=R212(FP-CRG0805-IPC_A)
Added Component: Designator=R213(RESC2013X60X35NL10T20)
Added Component: Designator=R214(FP-CRG0805-IPC_A)
Added Component: Designator=R215(RESC2013X60X35NL10T20)
Added Component: Designator=R216(RESC2013X60X35NL10T20)
Added Component: Designator=R217(FP-CRG0805-IPC_A)
Added Component: Designator=R218(FP-CRG0805-IPC_A)
Added Component: Designator=R219(FP-CRG0805-IPC_A)
Added Component: Designator=R220(RESC2013X60X35NL10T20)
Added Component: Designator=R221(RESC2013X60X35NL10T20)
Added Component: Designator=R222(RESC2013X60X35NL10T20)
Added Component: Designator=R223(FP-CRG0805-IPC_A)
Added Component: Designator=R224(FP-CRG0805-IPC_A)
Added Component: Designator=R225(FP-CRG0805-IPC_A)
Added Component: Designator=R226(FP-CRG0805-IPC_A)
Added Component: Designator=R227(RESC2013X60X35NL10T20)
Added Component: Designator=R228(RESC2013X60X35NL10T20)
Added Component: Designator=R229(RESC2013X60X35NL10T20)
Added Component: Designator=R230(FP-CRG0805-IPC_A)
Added Component: Designator=R231(RESC2013X60X35NL10T20)
Added Component: Designator=R232(RESC2013X50X30NL20T20)
Added Component: Designator=R233(R0603)
Added Component: Designator=R234(R0805)
Added Component: Designator=R235(R0805)
Added Component: Designator=R236(R0805)
Added Component: Designator=R237(R0603)
Added Component: Designator=R238(R0805)
Added Component: Designator=R239(R0805)
Added Component: Designator=R240(R0805)
Added Component: Designator=R241(R0805)
Added Component: Designator=R242(R0805)
Added Component: Designator=R243(R0805)
Added Component: Designator=R244(R0805)
Added Component: Designator=R245(R0805)
Added Component: Designator=R246(R0805)
Added Component: Designator=R247(R0805)
Added Component: Designator=R248(R0805)
Added Component: Designator=R249(R0805)
Added Component: Designator=R250(R1206)
Added Component: Designator=R251(R0805)
Added Component: Designator=R252(R1206)
Added Component: Designator=R253(R1206)
Added Component: Designator=R254(R1206)
Added Component: Designator=R255(R1206)
Added Component: Designator=R256(R1206)
Added Component: Designator=R257(R1206)
Added Component: Designator=R258(R0805)
Added Component: Designator=R259(R0805)
Added Component: Designator=R260(R1206)
Added Component: Designator=R261(R1206)
Added Component: Designator=R262(R1206)
Added Component: Designator=R263(R1206)
Added Component: Designator=R264(R1206)
Added Component: Designator=R265(R1206)
Added Component: Designator=R266(R1206)
Added Component: Designator=R267(R0805)
Added Component: Designator=R268(R0805)
Added Component: Designator=R269(R1206)
Added Component: Designator=R270(R1206)
Added Component: Designator=R271(R1206)
Added Component: Designator=R272(R1206)
Added Component: Designator=R273(R1206)
Added Component: Designator=R274(R1206)
Added Component: Designator=R275(R1206)
Added Component: Designator=R276(R0805)
Added Component: Designator=R277(R0805)
Added Component: Designator=R278(FP-CRCW0603-e3-IPC_A)
Added Component: Designator=R279(FP-CRCW0603-e3-IPC_A)
Added Component: Designator=R280(FP-CRCW0603-e3-IPC_A)
Added Component: Designator=RC1(R0805)
Added Component: Designator=RC2(R0805)
Added Component: Designator=RC3(R0805)
Added Component: Designator=RC4(R0805)
Added Component: Designator=RC5(R0805)
Added Component: Designator=RC6(R0805)
Added Component: Designator=RC7(R0805)
Added Component: Designator=RC8(R0805)
Added Component: Designator=RR1(R0805)
Added Component: Designator=RR2(R0805)
Added Component: Designator=RR3(R0805)
Added Component: Designator=RR4(R0805)
Added Component: Designator=RR5(R0805)
Added Component: Designator=RR6(R0805)
Added Component: Designator=RR7(R0805)
Added Component: Designator=RR8(R0805)
Added Component: Designator=SW1(EOZ-09.03201.02-3)
Added Component: Designator=SW2(EOZ-09.03201.02-3)
Added Component: Designator=SW3(EOZ-09.03201.02-3)
Added Component: Designator=SW4(FP-EVP-BB2A9B000-MFG)
Added Component: Designator=U1(FP-C04-012-MFG)
Added Component: Designator=U2(FP-DBV0005A-IPC_C)
Added Component: Designator=U3(FP-DDC0006A-MFG)
Added Component: Designator=U4(FP-DDC0006A-MFG)
Added Component: Designator=U5(FP-DDC0006A-MFG)
Added Component: Designator=U6(SOIC254P1030X460-6N)
Add component (AddParameter): Name = "Check_prices"; Value = "https://www.snapeda.com/parts/H11AA1-X007T/Vishay/view-part/?ref=eda"; VariantName = "[No Variations]"
Add component (AddParameter): Name = "MF"; Value = "Vishay Semiconductor"; VariantName = "[No Variations]"
Add component (AddParameter): Name = "MP"; Value = "H11AA1-X007T"; VariantName = "[No Variations]"
Add component (AddParameter): Name = "Package"; Value = "SMD-6 Vishay"; VariantName = "[No Variations]"
Add component (AddParameter): Name = "SnapEDA_Link"; Value = "https://www.snapeda.com/parts/H11AA1-X007T/Vishay/view-part/?ref=snap"; VariantName = "[No Variations]"
Add component (AddParameter): Name = "Value"; Value = ""; VariantName = "[No Variations]"
Added Component: Designator=U7(SOIC254P1030X460-6N)
Add component (AddParameter): Name = "Check_prices"; Value = "https://www.snapeda.com/parts/H11AA1-X007T/Vishay/view-part/?ref=eda"; VariantName = "[No Variations]"
Add component (AddParameter): Name = "MF"; Value = "Vishay Semiconductor"; VariantName = "[No Variations]"
Add component (AddParameter): Name = "MP"; Value = "H11AA1-X007T"; VariantName = "[No Variations]"
Add component (AddParameter): Name = "Package"; Value = "SMD-6 Vishay"; VariantName = "[No Variations]"
Add component (AddParameter): Name = "SnapEDA_Link"; Value = "https://www.snapeda.com/parts/H11AA1-X007T/Vishay/view-part/?ref=snap"; VariantName = "[No Variations]"
Add component (AddParameter): Name = "Value"; Value = ""; VariantName = "[No Variations]"
Added Component: Designator=U8(SOIC254P1030X460-6N)
Add component (AddParameter): Name = "Check_prices"; Value = "https://www.snapeda.com/parts/H11AA1-X007T/Vishay/view-part/?ref=eda"; VariantName = "[No Variations]"
Add component (AddParameter): Name = "MF"; Value = "Vishay Semiconductor"; VariantName = "[No Variations]"
Add component (AddParameter): Name = "MP"; Value = "H11AA1-X007T"; VariantName = "[No Variations]"
Add component (AddParameter): Name = "Package"; Value = "SMD-6 Vishay"; VariantName = "[No Variations]"
Add component (AddParameter): Name = "SnapEDA_Link"; Value = "https://www.snapeda.com/parts/H11AA1-X007T/Vishay/view-part/?ref=snap"; VariantName = "[No Variations]"
Add component (AddParameter): Name = "Value"; Value = ""; VariantName = "[No Variations]"
Added Component: Designator=U9(SOIC254P1030X460-6N)
Add component (AddParameter): Name = "Check_prices"; Value = "https://www.snapeda.com/parts/H11AA1-X007T/Vishay/view-part/?ref=eda"; VariantName = "[No Variations]"
Add component (AddParameter): Name = "MF"; Value = "Vishay Semiconductor"; VariantName = "[No Variations]"
Add component (AddParameter): Name = "MP"; Value = "H11AA1-X007T"; VariantName = "[No Variations]"
Add component (AddParameter): Name = "Package"; Value = "SMD-6 Vishay"; VariantName = "[No Variations]"
Add component (AddParameter): Name = "SnapEDA_Link"; Value = "https://www.snapeda.com/parts/H11AA1-X007T/Vishay/view-part/?ref=snap"; VariantName = "[No Variations]"
Add component (AddParameter): Name = "Value"; Value = ""; VariantName = "[No Variations]"
Added Component: Designator=U10(SOIC254P1030X460-6N)
Add component (AddParameter): Name = "Check_prices"; Value = "https://www.snapeda.com/parts/H11AA1-X007T/Vishay/view-part/?ref=eda"; VariantName = "[No Variations]"
Add component (AddParameter): Name = "MF"; Value = "Vishay Semiconductor"; VariantName = "[No Variations]"
Add component (AddParameter): Name = "MP"; Value = "H11AA1-X007T"; VariantName = "[No Variations]"
Add component (AddParameter): Name = "Package"; Value = "SMD-6 Vishay"; VariantName = "[No Variations]"
Add component (AddParameter): Name = "SnapEDA_Link"; Value = "https://www.snapeda.com/parts/H11AA1-X007T/Vishay/view-part/?ref=snap"; VariantName = "[No Variations]"
Add component (AddParameter): Name = "Value"; Value = ""; VariantName = "[No Variations]"
Added Component: Designator=U11(SOIC254P1030X460-6N)
Add component (AddParameter): Name = "Check_prices"; Value = "https://www.snapeda.com/parts/H11AA1-X007T/Vishay/view-part/?ref=eda"; VariantName = "[No Variations]"
Add component (AddParameter): Name = "MF"; Value = "Vishay Semiconductor"; VariantName = "[No Variations]"
Add component (AddParameter): Name = "MP"; Value = "H11AA1-X007T"; VariantName = "[No Variations]"
Add component (AddParameter): Name = "Package"; Value = "SMD-6 Vishay"; VariantName = "[No Variations]"
Add component (AddParameter): Name = "SnapEDA_Link"; Value = "https://www.snapeda.com/parts/H11AA1-X007T/Vishay/view-part/?ref=snap"; VariantName = "[No Variations]"
Add component (AddParameter): Name = "Value"; Value = ""; VariantName = "[No Variations]"
Added Component: Designator=U12(SOIC254P1030X460-6N)
Add component (AddParameter): Name = "Check_prices"; Value = "https://www.snapeda.com/parts/H11AA1-X007T/Vishay/view-part/?ref=eda"; VariantName = "[No Variations]"
Add component (AddParameter): Name = "MF"; Value = "Vishay Semiconductor"; VariantName = "[No Variations]"
Add component (AddParameter): Name = "MP"; Value = "H11AA1-X007T"; VariantName = "[No Variations]"
Add component (AddParameter): Name = "Package"; Value = "SMD-6 Vishay"; VariantName = "[No Variations]"
Add component (AddParameter): Name = "SnapEDA_Link"; Value = "https://www.snapeda.com/parts/H11AA1-X007T/Vishay/view-part/?ref=snap"; VariantName = "[No Variations]"
Add component (AddParameter): Name = "Value"; Value = ""; VariantName = "[No Variations]"
Added Component: Designator=U13(SOIC254P1030X460-6N)
Add component (AddParameter): Name = "Check_prices"; Value = "https://www.snapeda.com/parts/H11AA1-X007T/Vishay/view-part/?ref=eda"; VariantName = "[No Variations]"
Add component (AddParameter): Name = "MF"; Value = "Vishay Semiconductor"; VariantName = "[No Variations]"
Add component (AddParameter): Name = "MP"; Value = "H11AA1-X007T"; VariantName = "[No Variations]"
Add component (AddParameter): Name = "Package"; Value = "SMD-6 Vishay"; VariantName = "[No Variations]"
Add component (AddParameter): Name = "SnapEDA_Link"; Value = "https://www.snapeda.com/parts/H11AA1-X007T/Vishay/view-part/?ref=snap"; VariantName = "[No Variations]"
Add component (AddParameter): Name = "Value"; Value = ""; VariantName = "[No Variations]"
Added Component: Designator=U14(SOIC254P1030X460-6N)
Add component (AddParameter): Name = "Check_prices"; Value = "https://www.snapeda.com/parts/H11AA1-X007T/Vishay/view-part/?ref=eda"; VariantName = "[No Variations]"
Add component (AddParameter): Name = "MF"; Value = "Vishay Semiconductor"; VariantName = "[No Variations]"
Add component (AddParameter): Name = "MP"; Value = "H11AA1-X007T"; VariantName = "[No Variations]"
Add component (AddParameter): Name = "Package"; Value = "SMD-6 Vishay"; VariantName = "[No Variations]"
Add component (AddParameter): Name = "SnapEDA_Link"; Value = "https://www.snapeda.com/parts/H11AA1-X007T/Vishay/view-part/?ref=snap"; VariantName = "[No Variations]"
Add component (AddParameter): Name = "Value"; Value = ""; VariantName = "[No Variations]"
Added Component: Designator=U15(SOIC254P1030X460-6N)
Add component (AddParameter): Name = "Check_prices"; Value = "https://www.snapeda.com/parts/H11AA1-X007T/Vishay/view-part/?ref=eda"; VariantName = "[No Variations]"
Add component (AddParameter): Name = "MF"; Value = "Vishay Semiconductor"; VariantName = "[No Variations]"
Add component (AddParameter): Name = "MP"; Value = "H11AA1-X007T"; VariantName = "[No Variations]"
Add component (AddParameter): Name = "Package"; Value = "SMD-6 Vishay"; VariantName = "[No Variations]"
Add component (AddParameter): Name = "SnapEDA_Link"; Value = "https://www.snapeda.com/parts/H11AA1-X007T/Vishay/view-part/?ref=snap"; VariantName = "[No Variations]"
Add component (AddParameter): Name = "Value"; Value = ""; VariantName = "[No Variations]"
Added Component: Designator=U16(SOIC254P1030X460-6N)
Add component (AddParameter): Name = "Check_prices"; Value = "https://www.snapeda.com/parts/H11AA1-X007T/Vishay/view-part/?ref=eda"; VariantName = "[No Variations]"
Add component (AddParameter): Name = "MF"; Value = "Vishay Semiconductor"; VariantName = "[No Variations]"
Add component (AddParameter): Name = "MP"; Value = "H11AA1-X007T"; VariantName = "[No Variations]"
Add component (AddParameter): Name = "Package"; Value = "SMD-6 Vishay"; VariantName = "[No Variations]"
Add component (AddParameter): Name = "SnapEDA_Link"; Value = "https://www.snapeda.com/parts/H11AA1-X007T/Vishay/view-part/?ref=snap"; VariantName = "[No Variations]"
Add component (AddParameter): Name = "Value"; Value = ""; VariantName = "[No Variations]"
Added Component: Designator=U17(SOIC254P1030X460-6N)
Add component (AddParameter): Name = "Check_prices"; Value = "https://www.snapeda.com/parts/H11AA1-X007T/Vishay/view-part/?ref=eda"; VariantName = "[No Variations]"
Add component (AddParameter): Name = "MF"; Value = "Vishay Semiconductor"; VariantName = "[No Variations]"
Add component (AddParameter): Name = "MP"; Value = "H11AA1-X007T"; VariantName = "[No Variations]"
Add component (AddParameter): Name = "Package"; Value = "SMD-6 Vishay"; VariantName = "[No Variations]"
Add component (AddParameter): Name = "SnapEDA_Link"; Value = "https://www.snapeda.com/parts/H11AA1-X007T/Vishay/view-part/?ref=snap"; VariantName = "[No Variations]"
Add component (AddParameter): Name = "Value"; Value = ""; VariantName = "[No Variations]"
Added Component: Designator=U18(SOIC254P1030X460-6N)
Add component (AddParameter): Name = "Check_prices"; Value = "https://www.snapeda.com/parts/H11AA1-X007T/Vishay/view-part/?ref=eda"; VariantName = "[No Variations]"
Add component (AddParameter): Name = "MF"; Value = "Vishay Semiconductor"; VariantName = "[No Variations]"
Add component (AddParameter): Name = "MP"; Value = "H11AA1-X007T"; VariantName = "[No Variations]"
Add component (AddParameter): Name = "Package"; Value = "SMD-6 Vishay"; VariantName = "[No Variations]"
Add component (AddParameter): Name = "SnapEDA_Link"; Value = "https://www.snapeda.com/parts/H11AA1-X007T/Vishay/view-part/?ref=snap"; VariantName = "[No Variations]"
Add component (AddParameter): Name = "Value"; Value = ""; VariantName = "[No Variations]"
Added Component: Designator=U19(SOIC254P1030X460-6N)
Add component (AddParameter): Name = "Check_prices"; Value = "https://www.snapeda.com/parts/H11AA1-X007T/Vishay/view-part/?ref=eda"; VariantName = "[No Variations]"
Add component (AddParameter): Name = "MF"; Value = "Vishay Semiconductor"; VariantName = "[No Variations]"
Add component (AddParameter): Name = "MP"; Value = "H11AA1-X007T"; VariantName = "[No Variations]"
Add component (AddParameter): Name = "Package"; Value = "SMD-6 Vishay"; VariantName = "[No Variations]"
Add component (AddParameter): Name = "SnapEDA_Link"; Value = "https://www.snapeda.com/parts/H11AA1-X007T/Vishay/view-part/?ref=snap"; VariantName = "[No Variations]"
Add component (AddParameter): Name = "Value"; Value = ""; VariantName = "[No Variations]"
Added Component: Designator=U20(SOIC254P1030X460-6N)
Add component (AddParameter): Name = "Check_prices"; Value = "https://www.snapeda.com/parts/H11AA1-X007T/Vishay/view-part/?ref=eda"; VariantName = "[No Variations]"
Add component (AddParameter): Name = "MF"; Value = "Vishay Semiconductor"; VariantName = "[No Variations]"
Add component (AddParameter): Name = "MP"; Value = "H11AA1-X007T"; VariantName = "[No Variations]"
Add component (AddParameter): Name = "Package"; Value = "SMD-6 Vishay"; VariantName = "[No Variations]"
Add component (AddParameter): Name = "SnapEDA_Link"; Value = "https://www.snapeda.com/parts/H11AA1-X007T/Vishay/view-part/?ref=snap"; VariantName = "[No Variations]"
Add component (AddParameter): Name = "Value"; Value = ""; VariantName = "[No Variations]"
Added Component: Designator=U21(SOIC254P1030X460-6N)
Add component (AddParameter): Name = "Check_prices"; Value = "https://www.snapeda.com/parts/H11AA1-X007T/Vishay/view-part/?ref=eda"; VariantName = "[No Variations]"
Add component (AddParameter): Name = "MF"; Value = "Vishay Semiconductor"; VariantName = "[No Variations]"
Add component (AddParameter): Name = "MP"; Value = "H11AA1-X007T"; VariantName = "[No Variations]"
Add component (AddParameter): Name = "Package"; Value = "SMD-6 Vishay"; VariantName = "[No Variations]"
Add component (AddParameter): Name = "SnapEDA_Link"; Value = "https://www.snapeda.com/parts/H11AA1-X007T/Vishay/view-part/?ref=snap"; VariantName = "[No Variations]"
Add component (AddParameter): Name = "Value"; Value = ""; VariantName = "[No Variations]"
Added Component: Designator=U22(SOIC254P1030X460-6N)
Add component (AddParameter): Name = "Check_prices"; Value = "https://www.snapeda.com/parts/H11AA1-X007T/Vishay/view-part/?ref=eda"; VariantName = "[No Variations]"
Add component (AddParameter): Name = "MF"; Value = "Vishay Semiconductor"; VariantName = "[No Variations]"
Add component (AddParameter): Name = "MP"; Value = "H11AA1-X007T"; VariantName = "[No Variations]"
Add component (AddParameter): Name = "Package"; Value = "SMD-6 Vishay"; VariantName = "[No Variations]"
Add component (AddParameter): Name = "SnapEDA_Link"; Value = "https://www.snapeda.com/parts/H11AA1-X007T/Vishay/view-part/?ref=snap"; VariantName = "[No Variations]"
Add component (AddParameter): Name = "Value"; Value = ""; VariantName = "[No Variations]"
Added Component: Designator=U23(SOIC254P1030X460-6N)
Add component (AddParameter): Name = "Check_prices"; Value = "https://www.snapeda.com/parts/H11AA1-X007T/Vishay/view-part/?ref=eda"; VariantName = "[No Variations]"
Add component (AddParameter): Name = "MF"; Value = "Vishay Semiconductor"; VariantName = "[No Variations]"
Add component (AddParameter): Name = "MP"; Value = "H11AA1-X007T"; VariantName = "[No Variations]"
Add component (AddParameter): Name = "Package"; Value = "SMD-6 Vishay"; VariantName = "[No Variations]"
Add component (AddParameter): Name = "SnapEDA_Link"; Value = "https://www.snapeda.com/parts/H11AA1-X007T/Vishay/view-part/?ref=snap"; VariantName = "[No Variations]"
Add component (AddParameter): Name = "Value"; Value = ""; VariantName = "[No Variations]"
Added Component: Designator=U24(SOIC254P960X420-4N)
Add component (AddParameter): Name = "Check_prices"; Value = "https://www.snapeda.com/parts/PC817X2NIP1B/Sharp+Microelectronics/view-part/?ref=eda"; VariantName = "[No Variations]"
Add component (AddParameter): Name = "MF"; Value = "Sharp Microelectronics"; VariantName = "[No Variations]"
Add component (AddParameter): Name = "MP"; Value = "PC817X2NIP1B"; VariantName = "[No Variations]"
Add component (AddParameter): Name = "Package"; Value = "SMD-4 Sharp Microelectronics"; VariantName = "[No Variations]"
Add component (AddParameter): Name = "SnapEDA_Link"; Value = "https://www.snapeda.com/parts/PC817X2NIP1B/Sharp+Microelectronics/view-part/?ref=snap"; VariantName = "[No Variations]"
Add component (AddParameter): Name = "Value"; Value = ""; VariantName = "[No Variations]"
Added Component: Designator=U25(SOIC254P960X420-4N)
Add component (AddParameter): Name = "Check_prices"; Value = "https://www.snapeda.com/parts/PC817X2NIP1B/Sharp+Microelectronics/view-part/?ref=eda"; VariantName = "[No Variations]"
Add component (AddParameter): Name = "MF"; Value = "Sharp Microelectronics"; VariantName = "[No Variations]"
Add component (AddParameter): Name = "MP"; Value = "PC817X2NIP1B"; VariantName = "[No Variations]"
Add component (AddParameter): Name = "Package"; Value = "SMD-4 Sharp Microelectronics"; VariantName = "[No Variations]"
Add component (AddParameter): Name = "SnapEDA_Link"; Value = "https://www.snapeda.com/parts/PC817X2NIP1B/Sharp+Microelectronics/view-part/?ref=snap"; VariantName = "[No Variations]"
Add component (AddParameter): Name = "Value"; Value = ""; VariantName = "[No Variations]"
Added Component: Designator=U26(SOIC254P960X420-4N)
Add component (AddParameter): Name = "Check_prices"; Value = "https://www.snapeda.com/parts/PC817X2NIP1B/Sharp+Microelectronics/view-part/?ref=eda"; VariantName = "[No Variations]"
Add component (AddParameter): Name = "MF"; Value = "Sharp Microelectronics"; VariantName = "[No Variations]"
Add component (AddParameter): Name = "MP"; Value = "PC817X2NIP1B"; VariantName = "[No Variations]"
Add component (AddParameter): Name = "Package"; Value = "SMD-4 Sharp Microelectronics"; VariantName = "[No Variations]"
Add component (AddParameter): Name = "SnapEDA_Link"; Value = "https://www.snapeda.com/parts/PC817X2NIP1B/Sharp+Microelectronics/view-part/?ref=snap"; VariantName = "[No Variations]"
Add component (AddParameter): Name = "Value"; Value = ""; VariantName = "[No Variations]"
Added Component: Designator=U27(SOIC254P960X420-4N)
Add component (AddParameter): Name = "Check_prices"; Value = "https://www.snapeda.com/parts/PC817X2NIP1B/Sharp+Microelectronics/view-part/?ref=eda"; VariantName = "[No Variations]"
Add component (AddParameter): Name = "MF"; Value = "Sharp Microelectronics"; VariantName = "[No Variations]"
Add component (AddParameter): Name = "MP"; Value = "PC817X2NIP1B"; VariantName = "[No Variations]"
Add component (AddParameter): Name = "Package"; Value = "SMD-4 Sharp Microelectronics"; VariantName = "[No Variations]"
Add component (AddParameter): Name = "SnapEDA_Link"; Value = "https://www.snapeda.com/parts/PC817X2NIP1B/Sharp+Microelectronics/view-part/?ref=snap"; VariantName = "[No Variations]"
Add component (AddParameter): Name = "Value"; Value = ""; VariantName = "[No Variations]"
Added Component: Designator=U28(SOIC254P960X420-4N)
Add component (AddParameter): Name = "Check_prices"; Value = "https://www.snapeda.com/parts/PC817X2NIP1B/Sharp+Microelectronics/view-part/?ref=eda"; VariantName = "[No Variations]"
Add component (AddParameter): Name = "MF"; Value = "Sharp Microelectronics"; VariantName = "[No Variations]"
Add component (AddParameter): Name = "MP"; Value = "PC817X2NIP1B"; VariantName = "[No Variations]"
Add component (AddParameter): Name = "Package"; Value = "SMD-4 Sharp Microelectronics"; VariantName = "[No Variations]"
Add component (AddParameter): Name = "SnapEDA_Link"; Value = "https://www.snapeda.com/parts/PC817X2NIP1B/Sharp+Microelectronics/view-part/?ref=snap"; VariantName = "[No Variations]"
Add component (AddParameter): Name = "Value"; Value = ""; VariantName = "[No Variations]"
Added Component: Designator=U29(SOIC254P960X420-4N)
Add component (AddParameter): Name = "Check_prices"; Value = "https://www.snapeda.com/parts/PC817X2NIP1B/Sharp+Microelectronics/view-part/?ref=eda"; VariantName = "[No Variations]"
Add component (AddParameter): Name = "MF"; Value = "Sharp Microelectronics"; VariantName = "[No Variations]"
Add component (AddParameter): Name = "MP"; Value = "PC817X2NIP1B"; VariantName = "[No Variations]"
Add component (AddParameter): Name = "Package"; Value = "SMD-4 Sharp Microelectronics"; VariantName = "[No Variations]"
Add component (AddParameter): Name = "SnapEDA_Link"; Value = "https://www.snapeda.com/parts/PC817X2NIP1B/Sharp+Microelectronics/view-part/?ref=snap"; VariantName = "[No Variations]"
Add component (AddParameter): Name = "Value"; Value = ""; VariantName = "[No Variations]"
Added Component: Designator=U30(SOIC254P960X420-4N)
Add component (AddParameter): Name = "Check_prices"; Value = "https://www.snapeda.com/parts/PC817X2NIP1B/Sharp+Microelectronics/view-part/?ref=eda"; VariantName = "[No Variations]"
Add component (AddParameter): Name = "MF"; Value = "Sharp Microelectronics"; VariantName = "[No Variations]"
Add component (AddParameter): Name = "MP"; Value = "PC817X2NIP1B"; VariantName = "[No Variations]"
Add component (AddParameter): Name = "Package"; Value = "SMD-4 Sharp Microelectronics"; VariantName = "[No Variations]"
Add component (AddParameter): Name = "SnapEDA_Link"; Value = "https://www.snapeda.com/parts/PC817X2NIP1B/Sharp+Microelectronics/view-part/?ref=snap"; VariantName = "[No Variations]"
Add component (AddParameter): Name = "Value"; Value = ""; VariantName = "[No Variations]"
Added Component: Designator=U31(SOIC254P960X420-4N)
Add component (AddParameter): Name = "Check_prices"; Value = "https://www.snapeda.com/parts/PC817X2NIP1B/Sharp+Microelectronics/view-part/?ref=eda"; VariantName = "[No Variations]"
Add component (AddParameter): Name = "MF"; Value = "Sharp Microelectronics"; VariantName = "[No Variations]"
Add component (AddParameter): Name = "MP"; Value = "PC817X2NIP1B"; VariantName = "[No Variations]"
Add component (AddParameter): Name = "Package"; Value = "SMD-4 Sharp Microelectronics"; VariantName = "[No Variations]"
Add component (AddParameter): Name = "SnapEDA_Link"; Value = "https://www.snapeda.com/parts/PC817X2NIP1B/Sharp+Microelectronics/view-part/?ref=snap"; VariantName = "[No Variations]"
Add component (AddParameter): Name = "Value"; Value = ""; VariantName = "[No Variations]"
Added Component: Designator=U32(SOIC254P960X420-4N)
Add component (AddParameter): Name = "Check_prices"; Value = "https://www.snapeda.com/parts/PC817X2NIP1B/Sharp+Microelectronics/view-part/?ref=eda"; VariantName = "[No Variations]"
Add component (AddParameter): Name = "MF"; Value = "Sharp Microelectronics"; VariantName = "[No Variations]"
Add component (AddParameter): Name = "MP"; Value = "PC817X2NIP1B"; VariantName = "[No Variations]"
Add component (AddParameter): Name = "Package"; Value = "SMD-4 Sharp Microelectronics"; VariantName = "[No Variations]"
Add component (AddParameter): Name = "SnapEDA_Link"; Value = "https://www.snapeda.com/parts/PC817X2NIP1B/Sharp+Microelectronics/view-part/?ref=snap"; VariantName = "[No Variations]"
Add component (AddParameter): Name = "Value"; Value = ""; VariantName = "[No Variations]"
Added Component: Designator=U33(SOIC254P960X420-4N)
Add component (AddParameter): Name = "Check_prices"; Value = "https://www.snapeda.com/parts/PC817X2NIP1B/Sharp+Microelectronics/view-part/?ref=eda"; VariantName = "[No Variations]"
Add component (AddParameter): Name = "MF"; Value = "Sharp Microelectronics"; VariantName = "[No Variations]"
Add component (AddParameter): Name = "MP"; Value = "PC817X2NIP1B"; VariantName = "[No Variations]"
Add component (AddParameter): Name = "Package"; Value = "SMD-4 Sharp Microelectronics"; VariantName = "[No Variations]"
Add component (AddParameter): Name = "SnapEDA_Link"; Value = "https://www.snapeda.com/parts/PC817X2NIP1B/Sharp+Microelectronics/view-part/?ref=snap"; VariantName = "[No Variations]"
Add component (AddParameter): Name = "Value"; Value = ""; VariantName = "[No Variations]"
Added Component: Designator=U34(SOIC254P960X420-4N)
Add component (AddParameter): Name = "Check_prices"; Value = "https://www.snapeda.com/parts/PC817X2NIP1B/Sharp+Microelectronics/view-part/?ref=eda"; VariantName = "[No Variations]"
Add component (AddParameter): Name = "MF"; Value = "Sharp Microelectronics"; VariantName = "[No Variations]"
Add component (AddParameter): Name = "MP"; Value = "PC817X2NIP1B"; VariantName = "[No Variations]"
Add component (AddParameter): Name = "Package"; Value = "SMD-4 Sharp Microelectronics"; VariantName = "[No Variations]"
Add component (AddParameter): Name = "SnapEDA_Link"; Value = "https://www.snapeda.com/parts/PC817X2NIP1B/Sharp+Microelectronics/view-part/?ref=snap"; VariantName = "[No Variations]"
Add component (AddParameter): Name = "Value"; Value = ""; VariantName = "[No Variations]"
Added Component: Designator=U35(SOIC254P960X420-4N)
Add component (AddParameter): Name = "Check_prices"; Value = "https://www.snapeda.com/parts/PC817X2NIP1B/Sharp+Microelectronics/view-part/?ref=eda"; VariantName = "[No Variations]"
Add component (AddParameter): Name = "MF"; Value = "Sharp Microelectronics"; VariantName = "[No Variations]"
Add component (AddParameter): Name = "MP"; Value = "PC817X2NIP1B"; VariantName = "[No Variations]"
Add component (AddParameter): Name = "Package"; Value = "SMD-4 Sharp Microelectronics"; VariantName = "[No Variations]"
Add component (AddParameter): Name = "SnapEDA_Link"; Value = "https://www.snapeda.com/parts/PC817X2NIP1B/Sharp+Microelectronics/view-part/?ref=snap"; VariantName = "[No Variations]"
Add component (AddParameter): Name = "Value"; Value = ""; VariantName = "[No Variations]"
Added Component: Designator=U36(FP-D0008A-MFG)
Added Component: Designator=U37(FP-D0008A-MFG)
Added Component: Designator=U38(FP-D0008A-MFG)
Added Component: Designator=U39(FP-D0008A-MFG)
Added Component: Designator=U40(FP-D0008A-MFG)
Added Component: Designator=U41(SOIC-SL14_M)
Added Component: Designator=U42(FP-DBZ0003A-IPC_B)
Added Component: Designator=U43(FP-D0008A-MFG)
Added Component: Designator=U44(SOIC-SL14_M)
Added Component: Designator=U45(FP-D0008A-MFG)
Added Component: Designator=U46(FP-DBZ0003A-IPC_B)
Added Component: Designator=U47(MAXM-T1033+1_V)
Add Component: Footprint Not Found W5500
Added Component: Designator=U49(DW0016B_N)
Added Component: Designator=U50(FP-D0008A-MFG)
Add Component: Footprint Not Found XCVR_A7672SA_(LASE)
Added Component: Designator=U52(PS2501L-1)
Added Component: Designator=U53(PS2501L-1)
Added Component: Designator=U54(PS2501L-1)
Added Component: Designator=U55(TQFP-48(7x7))
Added Component: Designator=U56(PS2501L-1)
Added Component: Designator=U57(FP-LQFP100-1L-IPC_A)
Added Component: Designator=X1(XTAL-MIX-49)
Added Net: Name=+5
Added Net: Name=+12
Added Net: Name=+24VDC
Added Net: Name=-5
Added Net: Name=1PPS
Added Net: Name=485_CTRL
Added Net: Name=485_DI
Added Net: Name=485_RO
Added Net: Name=A_IOUT_CS
Added Net: Name=A_IOUT_LDAC
Added Net: Name=A_IOUT_MISO
Added Net: Name=A_IOUT_MOSI
Added Net: Name=A_IOUT_SCLK
Added Net: Name=A_IOUT_SHDN
Added Net: Name=A_VOUT_CS
Added Net: Name=A_VOUT_LDAC
Added Net: Name=A_VOUT_MISO
Added Net: Name=A_VOUT_MOSI
Added Net: Name=A_VOUT_SCLK
Added Net: Name=A_VOUT_SHDN
Added Net: Name=ANALOG_INPUT1
Added Net: Name=ANALOG_INPUT2
Added Net: Name=ANALOG_INPUT3
Added Net: Name=ANALOG_INPUT4
Added Pin To Net: NetName=Analog_Ioutput1 Pin=J31-02
Added Net: Name=Analog_Ioutput1
Added Pin To Net: NetName=Analog_Ioutput2 Pin=J32-02
Added Net: Name=Analog_Ioutput2
Added Pin To Net: NetName=Analog_Voutput1 Pin=J31-03
Added Net: Name=Analog_Voutput1
Added Pin To Net: NetName=Analog_Voutput2 Pin=J32-03
Added Net: Name=Analog_Voutput2
Added Net: Name=ANT_GNSS
Added Net: Name=ANT_MAIN
Added Pin To Net: NetName=AVDD33 Pin=C90-2
Added Pin To Net: NetName=AVDD33 Pin=R237-2
Added Pin To Net: NetName=AVDD33 Pin=U55-1
Added Net: Name=AVDD33
Added Pin To Net: NetName=CF1 Pin=D46-A
Added Pin To Net: NetName=CF1 Pin=J36-5
Added Pin To Net: NetName=CF1 Pin=JP2-1
Added Pin To Net: NetName=CF1 Pin=U55-25
Added Net: Name=CF1
Added Pin To Net: NetName=CF2 Pin=D47-A
Added Pin To Net: NetName=CF2 Pin=J36-6
Added Pin To Net: NetName=CF2 Pin=JP3-1
Added Pin To Net: NetName=CF2 Pin=U55-26
Added Net: Name=CF2
Added Pin To Net: NetName=CF3 Pin=D48-A
Added Pin To Net: NetName=CF3 Pin=J36-7
Added Pin To Net: NetName=CF3 Pin=JP4-1
Added Pin To Net: NetName=CF3 Pin=U55-27
Added Net: Name=CF3
Added Pin To Net: NetName=CF4 Pin=D49-A
Added Pin To Net: NetName=CF4 Pin=J36-8
Added Pin To Net: NetName=CF4 Pin=JP5-1
Added Pin To Net: NetName=CF4 Pin=U55-28
Added Net: Name=CF4
Added Pin To Net: NetName=CS Pin=J36-16
Added Pin To Net: NetName=CS Pin=U55-37
Added Net: Name=CS
Added Net: Name=DIGITAL_INPUT1
Added Net: Name=DIGITAL_INPUT2
Added Net: Name=DIGITAL_INPUT3
Added Net: Name=DIGITAL_INPUT4
Added Net: Name=DIGITAL_INPUT5
Added Net: Name=DIGITAL_INPUT6
Added Net: Name=DIGITAL_INPUT7
Added Net: Name=DIGITAL_INPUT8
Added Net: Name=DIGITAL_INPUT9
Added Net: Name=DIGITAL_INPUT10
Added Net: Name=DIGITAL_INPUT11
Added Net: Name=DIGITAL_INPUT12
Added Net: Name=DIGITAL_INPUT13
Added Net: Name=DIGITAL_INPUT14
Added Net: Name=DIGITAL_INPUT15
Added Net: Name=DIGITAL_INPUT16
Added Net: Name=DIGITAL_INPUT17
Added Net: Name=DIGITAL_INPUT18
Added Net: Name=DIGITAL_OUOTPUT1
Added Net: Name=DIGITAL_OUOTPUT2
Added Net: Name=DIGITAL_OUOTPUT3
Added Net: Name=DIGITAL_OUOTPUT4
Added Net: Name=DIGITAL_OUOTPUT5
Added Net: Name=DIGITAL_OUOTPUT6
Added Net: Name=DIGITAL_OUOTPUT7
Added Net: Name=DIGITAL_OUOTPUT8
Added Net: Name=DIGITAL_OUOTPUT9
Added Net: Name=DIGITAL_OUOTPUT10
Added Net: Name=DIGITAL_OUOTPUT11
Added Net: Name=DIGITAL_OUOTPUT12
Added Pin To Net: NetName=DMA Pin=J36-14
Added Pin To Net: NetName=DMA Pin=U55-36
Added Net: Name=DMA
Added Net: Name=E_CS
Added Net: Name=E_INT
Added Net: Name=E_MISO
Added Net: Name=E_MOSI
Added Net: Name=E_RST
Added Net: Name=E_SCLK
Added Net: Name=External_I/O Supply
Added Net: Name=GNSS_PWR_CTRL
Added Net: Name=GNSS_PWRCTL
Added Net: Name=GNSS_RXD
Added Net: Name=GNSS_TXD
Added Net: Name=GPS_RX
Added Net: Name=GPS_TX
Added Net: Name=GSM_IN
Added Net: Name=GSM_PWR
Added Net: Name=GSM_RST
Added Net: Name=GSM_RX
Added Net: Name=GSM_TX
Added Pin To Net: NetName=IAN Pin=C93-1
Added Pin To Net: NetName=IAN Pin=R239-1
Added Pin To Net: NetName=IAN Pin=U55-4
Added Net: Name=IAN
Added Pin To Net: NetName=IAP Pin=C91-2
Added Pin To Net: NetName=IAP Pin=R235-1
Added Pin To Net: NetName=IAP Pin=U55-3
Added Net: Name=IAP
Added Pin To Net: NetName=IBN Pin=C94-2
Added Pin To Net: NetName=IBN Pin=R240-2
Added Pin To Net: NetName=IBN Pin=U55-6
Added Net: Name=IBN
Added Pin To Net: NetName=IBP Pin=C92-1
Added Pin To Net: NetName=IBP Pin=R236-2
Added Pin To Net: NetName=IBP Pin=U55-5
Added Net: Name=IBP
Added Pin To Net: NetName=ICN Pin=C99-2
Added Pin To Net: NetName=ICN Pin=R247-2
Added Pin To Net: NetName=ICN Pin=U55-8
Added Net: Name=ICN
Added Pin To Net: NetName=ICP Pin=C95-1
Added Pin To Net: NetName=ICP Pin=R242-2
Added Pin To Net: NetName=ICP Pin=U55-7
Added Net: Name=ICP
Added Pin To Net: NetName=INN Pin=C100-2
Added Pin To Net: NetName=INN Pin=R248-2
Added Pin To Net: NetName=INN Pin=U55-10
Added Net: Name=INN
Added Pin To Net: NetName=INP Pin=C96-1
Added Pin To Net: NetName=INP Pin=R243-2
Added Pin To Net: NetName=INP Pin=U55-9
Added Net: Name=INP
Added Net: Name=IO_BOARD_SCL
Added Net: Name=IO_BOARD_SDA
Added Pin To Net: NetName=IRQ0 Pin=J36-10
Added Pin To Net: NetName=IRQ0 Pin=U55-30
Added Net: Name=IRQ0
Added Pin To Net: NetName=IRQ1 Pin=J36-11
Added Pin To Net: NetName=IRQ1 Pin=U55-31
Added Net: Name=IRQ1
Added Net: Name=MAIN_RXD
Added Net: Name=MAIN_TXD
Added Net: Name=NET_STATUS
Added Net: Name=NetC5_1
Added Net: Name=NetC5_2
Added Net: Name=NetC6_1
Added Net: Name=NetC14_1
Added Net: Name=NetC14_2
Added Net: Name=NetC21_1
Added Net: Name=NetC21_2
Added Net: Name=NetC28_1
Added Net: Name=NetC28_2
Added Net: Name=NetC37_2
Added Net: Name=NetC38_2
Added Net: Name=NetC39_2
Added Net: Name=NetC40_2
Added Net: Name=NetC41_2
Added Net: Name=NetC42_2
Added Net: Name=NetC43_2
Added Net: Name=NetC44_2
Added Net: Name=NetC45_2
Added Net: Name=NetC46_2
Added Net: Name=NetC47_2
Added Net: Name=NetC48_2
Added Net: Name=NetC49_2
Added Net: Name=NetC50_2
Added Net: Name=NetC51_2
Added Net: Name=NetC52_2
Added Net: Name=NetC53_2
Added Net: Name=NetC54_2
Added Net: Name=NetC63_2
Added Net: Name=NetC64_2
Added Net: Name=NetC65_1
Added Net: Name=NetC65_2
Added Net: Name=NetC69_1
Added Net: Name=NetC69_2
Added Net: Name=NetC72_2
Added Net: Name=NetC73_2
Added Net: Name=NetC75_2
Added Net: Name=NetC77_2
Added Net: Name=NetC78_2
Added Net: Name=NetC79_2
Added Net: Name=NetC80_2
Added Pin To Net: NetName=NetC85_2 Pin=C85-2
Added Pin To Net: NetName=NetC85_2 Pin=JP1-1
Added Pin To Net: NetName=NetC85_2 Pin=R233-1
Added Pin To Net: NetName=NetC85_2 Pin=U55-41
Added Net: Name=NetC85_2
Added Pin To Net: NetName=NetC86_1 Pin=C86-1
Added Pin To Net: NetName=NetC86_1 Pin=C88-2
Added Pin To Net: NetName=NetC86_1 Pin=U55-42
Added Pin To Net: NetName=NetC86_1 Pin=U55-43
Added Net: Name=NetC86_1
Added Pin To Net: NetName=NetC97_2 Pin=C97-2
Added Pin To Net: NetName=NetC97_2 Pin=C98-2
Added Pin To Net: NetName=NetC97_2 Pin=U55-11
Added Net: Name=NetC97_2
Added Net: Name=NetC116_1
Added Net: Name=NetC117_1
Added Net: Name=NetD1_2
Added Net: Name=NetD2_2
Added Net: Name=NetD4_2
Added Net: Name=NetD5_2
Added Net: Name=NetD6_2
Added Net: Name=NetD8_2
Added Net: Name=NetD9_2
Added Net: Name=NetD10_2
Added Net: Name=NetD13_2
Added Net: Name=NetD14_2
Added Net: Name=NetD17_2
Added Net: Name=NetD18_2
Added Net: Name=NetD21_2
Added Net: Name=NetD22_2
Added Net: Name=NetD25_2
Added Net: Name=NetD26_2
Added Net: Name=NetD29_2
Added Net: Name=NetD30_2
Added Net: Name=NetD33_1
Added Net: Name=NetD33_2
Added Net: Name=NetD37_2
Added Net: Name=NetD38_2
Added Net: Name=NetD39_2
Added Net: Name=NetD40_2
Added Pin To Net: NetName=NetD46_K Pin=D46-K
Added Pin To Net: NetName=NetD46_K Pin=R238-2
Added Net: Name=NetD46_K
Added Pin To Net: NetName=NetD47_K Pin=D47-K
Added Pin To Net: NetName=NetD47_K Pin=R244-2
Added Net: Name=NetD47_K
Added Pin To Net: NetName=NetD48_K Pin=D48-K
Added Pin To Net: NetName=NetD48_K Pin=R246-2
Added Net: Name=NetD48_K
Added Pin To Net: NetName=NetD49_K Pin=D49-K
Added Pin To Net: NetName=NetD49_K Pin=R251-2
Added Net: Name=NetD49_K
Added Net: Name=NetF1_1
Added Net: Name=NetJ2_1
Added Net: Name=NetJ2_2
Added Net: Name=NetJ3_1
Added Net: Name=NetJ3_2
Added Net: Name=NetJ4_1
Added Net: Name=NetJ4_2
Added Pin To Net: NetName=NetJ5_1 Pin=U6-2
Added Pin To Net: NetName=NetJ5_1 Pin=U7-2
Added Pin To Net: NetName=NetJ5_1 Pin=U8-2
Added Pin To Net: NetName=NetJ5_1 Pin=U9-2
Added Pin To Net: NetName=NetJ5_1 Pin=U10-2
Added Pin To Net: NetName=NetJ5_1 Pin=U11-2
Added Net: Name=NetJ5_1
Added Net: Name=NetJ6_1
Added Net: Name=NetJ6_2
Added Net: Name=NetJ7_1
Added Net: Name=NetJ7_2
Added Net: Name=NetJ8_1
Added Net: Name=NetJ8_2
Added Pin To Net: NetName=NetJ9_1 Pin=U12-2
Added Pin To Net: NetName=NetJ9_1 Pin=U13-2
Added Pin To Net: NetName=NetJ9_1 Pin=U14-2
Added Pin To Net: NetName=NetJ9_1 Pin=U15-2
Added Pin To Net: NetName=NetJ9_1 Pin=U16-2
Added Pin To Net: NetName=NetJ9_1 Pin=U17-2
Added Net: Name=NetJ9_1
Added Net: Name=NetJ10_1
Added Net: Name=NetJ10_2
Added Net: Name=NetJ11_1
Added Net: Name=NetJ11_2
Added Net: Name=NetJ12_1
Added Net: Name=NetJ12_2
Added Pin To Net: NetName=NetJ13_1 Pin=U18-2
Added Pin To Net: NetName=NetJ13_1 Pin=U19-2
Added Pin To Net: NetName=NetJ13_1 Pin=U20-2
Added Pin To Net: NetName=NetJ13_1 Pin=U21-2
Added Pin To Net: NetName=NetJ13_1 Pin=U22-2
Added Pin To Net: NetName=NetJ13_1 Pin=U23-2
Added Net: Name=NetJ13_1
Added Pin To Net: NetName=NetJ27_01 Pin=J27-01
Added Net: Name=NetJ27_01
Added Pin To Net: NetName=NetJ27_02 Pin=J27-02
Added Net: Name=NetJ27_02
Added Pin To Net: NetName=NetJ28_01 Pin=J28-01
Added Net: Name=NetJ28_01
Added Pin To Net: NetName=NetJ28_02 Pin=J28-02
Added Net: Name=NetJ28_02
Added Pin To Net: NetName=NetJ29_01 Pin=J29-01
Added Net: Name=NetJ29_01
Added Pin To Net: NetName=NetJ29_02 Pin=J29-02
Added Net: Name=NetJ29_02
Added Pin To Net: NetName=NetJ30_01 Pin=J30-01
Added Net: Name=NetJ30_01
Added Pin To Net: NetName=NetJ30_02 Pin=J30-02
Added Net: Name=NetJ30_02
Added Pin To Net: NetName=NetJ37_1 Pin=J37-1
Added Pin To Net: NetName=NetJ37_1 Pin=U52-4
Added Net: Name=NetJ37_1
Added Pin To Net: NetName=NetJ37_2 Pin=J37-2
Added Pin To Net: NetName=NetJ37_2 Pin=U52-3
Added Net: Name=NetJ37_2
Added Pin To Net: NetName=NetJ37_3 Pin=J37-3
Added Pin To Net: NetName=NetJ37_3 Pin=U53-4
Added Net: Name=NetJ37_3
Added Pin To Net: NetName=NetJ37_4 Pin=J37-4
Added Pin To Net: NetName=NetJ37_4 Pin=U53-3
Added Net: Name=NetJ37_4
Added Pin To Net: NetName=NetJ37_5 Pin=J37-5
Added Pin To Net: NetName=NetJ37_5 Pin=U54-4
Added Net: Name=NetJ37_5
Added Pin To Net: NetName=NetJ37_6 Pin=J37-6
Added Pin To Net: NetName=NetJ37_6 Pin=U54-3
Added Net: Name=NetJ37_6
Added Pin To Net: NetName=NetJ37_7 Pin=J37-7
Added Pin To Net: NetName=NetJ37_7 Pin=U56-4
Added Net: Name=NetJ37_7
Added Pin To Net: NetName=NetJ37_8 Pin=J37-8
Added Pin To Net: NetName=NetJ37_8 Pin=U56-3
Added Net: Name=NetJ37_8
Added Pin To Net: NetName=NetJ-IA1_1 Pin=J-IA1-1
Added Pin To Net: NetName=NetJ-IA1_1 Pin=RR1-2
Added Net: Name=NetJ-IA1_1
Added Pin To Net: NetName=NetJ-IA1_2 Pin=J-IA1-2
Added Pin To Net: NetName=NetJ-IA1_2 Pin=RR3-2
Added Net: Name=NetJ-IA1_2
Added Pin To Net: NetName=NetJ-IB1_1 Pin=J-IB1-1
Added Pin To Net: NetName=NetJ-IB1_1 Pin=RR2-2
Added Net: Name=NetJ-IB1_1
Added Pin To Net: NetName=NetJ-IB1_2 Pin=J-IB1-2
Added Pin To Net: NetName=NetJ-IB1_2 Pin=RR4-2
Added Net: Name=NetJ-IB1_2
Added Pin To Net: NetName=NetJ-IC1_1 Pin=J-IC1-1
Added Pin To Net: NetName=NetJ-IC1_1 Pin=RR5-2
Added Net: Name=NetJ-IC1_1
Added Pin To Net: NetName=NetJ-IC1_2 Pin=J-IC1-2
Added Pin To Net: NetName=NetJ-IC1_2 Pin=RR7-2
Added Net: Name=NetJ-IC1_2
Added Pin To Net: NetName=NetJ-IN1_1 Pin=J-IN1-1
Added Pin To Net: NetName=NetJ-IN1_1 Pin=RR6-2
Added Net: Name=NetJ-IN1_1
Added Pin To Net: NetName=NetJ-IN1_2 Pin=J-IN1-2
Added Pin To Net: NetName=NetJ-IN1_2 Pin=RR8-2
Added Net: Name=NetJ-IN1_2
Added Pin To Net: NetName=NetJP2_2 Pin=JP2-2
Added Pin To Net: NetName=NetJP2_2 Pin=U52-1
Added Net: Name=NetJP2_2
Added Pin To Net: NetName=NetJP3_2 Pin=JP3-2
Added Pin To Net: NetName=NetJP3_2 Pin=U53-1
Added Net: Name=NetJP3_2
Added Pin To Net: NetName=NetJP4_2 Pin=JP4-2
Added Pin To Net: NetName=NetJP4_2 Pin=U54-1
Added Net: Name=NetJP4_2
Added Pin To Net: NetName=NetJP5_2 Pin=JP5-2
Added Pin To Net: NetName=NetJP5_2 Pin=U56-1
Added Net: Name=NetJP5_2
Added Net: Name=NetQ1_1
Added Net: Name=NetQ2_1
Added Net: Name=NetQ3_1
Added Net: Name=NetQ4_1
Added Net: Name=NetQ5_1
Added Net: Name=NetQ6_1
Added Net: Name=NetQ7_1
Added Net: Name=NetQ8_1
Added Net: Name=NetQ9_1
Added Net: Name=NetQ10_1
Added Net: Name=NetQ11_1
Added Net: Name=NetQ12_1
Added Net: Name=NetQ13_1
Added Net: Name=NetQ13_2
Added Net: Name=NetQ14_1
Added Net: Name=NetQ14_2
Added Net: Name=NetQ15_1
Added Net: Name=NetQ15_3
Added Net: Name=NetQ16_1
Added Net: Name=NetQ16_3
Added Net: Name=NetQ17_1
Added Net: Name=NetQ17_3
Added Net: Name=NetQ19_3
Added Net: Name=NetQ20_1
Added Net: Name=NetQ22_2
Added Net: Name=NetQ23_1
Added Net: Name=NetQ24_1
Added Net: Name=NetQ24_3
Added Net: Name=NetR2_1
Added Net: Name=NetR3_1
Added Net: Name=NetR7_1
Added Net: Name=NetR8_1
Added Net: Name=NetR9_1
Added Net: Name=NetR10_1
Added Net: Name=NetR15_1
Added Net: Name=NetR16_1
Added Pin To Net: NetName=NetR19_2 Pin=U6-1
Added Net: Name=NetR19_2
Added Pin To Net: NetName=NetR21_1 Pin=U6-5
Added Net: Name=NetR21_1
Added Net: Name=NetR21_2
Added Pin To Net: NetName=NetR23_2 Pin=U7-1
Added Net: Name=NetR23_2
Added Pin To Net: NetName=NetR25_1 Pin=U7-5
Added Net: Name=NetR25_1
Added Pin To Net: NetName=NetR27_2 Pin=U8-1
Added Net: Name=NetR27_2
Added Pin To Net: NetName=NetR29_1 Pin=U8-5
Added Net: Name=NetR29_1
Added Pin To Net: NetName=NetR31_2 Pin=U9-1
Added Net: Name=NetR31_2
Added Pin To Net: NetName=NetR33_1 Pin=U9-5
Added Net: Name=NetR33_1
Added Pin To Net: NetName=NetR35_2 Pin=U10-1
Added Net: Name=NetR35_2
Added Pin To Net: NetName=NetR37_1 Pin=U10-5
Added Net: Name=NetR37_1
Added Pin To Net: NetName=NetR39_2 Pin=U11-1
Added Net: Name=NetR39_2
Added Pin To Net: NetName=NetR41_1 Pin=U11-5
Added Net: Name=NetR41_1
Added Pin To Net: NetName=NetR43_2 Pin=U12-1
Added Net: Name=NetR43_2
Added Pin To Net: NetName=NetR45_1 Pin=U12-5
Added Net: Name=NetR45_1
Added Net: Name=NetR45_2
Added Pin To Net: NetName=NetR47_2 Pin=U13-1
Added Net: Name=NetR47_2
Added Pin To Net: NetName=NetR49_1 Pin=U13-5
Added Net: Name=NetR49_1
Added Pin To Net: NetName=NetR51_2 Pin=U14-1
Added Net: Name=NetR51_2
Added Pin To Net: NetName=NetR53_1 Pin=U14-5
Added Net: Name=NetR53_1
Added Pin To Net: NetName=NetR55_2 Pin=U15-1
Added Net: Name=NetR55_2
Added Pin To Net: NetName=NetR57_1 Pin=U15-5
Added Net: Name=NetR57_1
Added Pin To Net: NetName=NetR59_2 Pin=U16-1
Added Net: Name=NetR59_2
Added Pin To Net: NetName=NetR61_1 Pin=U16-5
Added Net: Name=NetR61_1
Added Pin To Net: NetName=NetR63_2 Pin=U17-1
Added Net: Name=NetR63_2
Added Pin To Net: NetName=NetR65_1 Pin=U17-5
Added Net: Name=NetR65_1
Added Pin To Net: NetName=NetR67_2 Pin=U18-1
Added Net: Name=NetR67_2
Added Pin To Net: NetName=NetR69_1 Pin=U18-5
Added Net: Name=NetR69_1
Added Net: Name=NetR69_2
Added Pin To Net: NetName=NetR71_2 Pin=U19-1
Added Net: Name=NetR71_2
Added Pin To Net: NetName=NetR73_1 Pin=U19-5
Added Net: Name=NetR73_1
Added Pin To Net: NetName=NetR75_2 Pin=U20-1
Added Net: Name=NetR75_2
Added Pin To Net: NetName=NetR77_1 Pin=U20-5
Added Net: Name=NetR77_1
Added Pin To Net: NetName=NetR79_2 Pin=U21-1
Added Net: Name=NetR79_2
Added Pin To Net: NetName=NetR81_1 Pin=U21-5
Added Net: Name=NetR81_1
Added Pin To Net: NetName=NetR83_2 Pin=U22-1
Added Net: Name=NetR83_2
Added Pin To Net: NetName=NetR85_1 Pin=U22-5
Added Net: Name=NetR85_1
Added Pin To Net: NetName=NetR87_2 Pin=U23-1
Added Net: Name=NetR87_2
Added Pin To Net: NetName=NetR89_1 Pin=U23-5
Added Net: Name=NetR89_1
Added Pin To Net: NetName=NetR93_1 Pin=U24-4
Added Net: Name=NetR93_1
Added Pin To Net: NetName=NetR94_1 Pin=U25-4
Added Net: Name=NetR94_1
Added Pin To Net: NetName=NetR95_2 Pin=U24-1
Added Net: Name=NetR95_2
Added Pin To Net: NetName=NetR97_2 Pin=U25-1
Added Net: Name=NetR97_2
Added Pin To Net: NetName=NetR102_1 Pin=U26-4
Added Net: Name=NetR102_1
Added Pin To Net: NetName=NetR104_1 Pin=U27-4
Added Net: Name=NetR104_1
Added Pin To Net: NetName=NetR105_2 Pin=U26-1
Added Net: Name=NetR105_2
Added Pin To Net: NetName=NetR107_2 Pin=U27-1
Added Net: Name=NetR107_2
Added Pin To Net: NetName=NetR113_1 Pin=U28-4
Added Net: Name=NetR113_1
Added Pin To Net: NetName=NetR114_1 Pin=U29-4
Added Net: Name=NetR114_1
Added Pin To Net: NetName=NetR115_2 Pin=U28-1
Added Net: Name=NetR115_2
Added Pin To Net: NetName=NetR117_2 Pin=U29-1
Added Net: Name=NetR117_2
Added Pin To Net: NetName=NetR122_1 Pin=U30-4
Added Net: Name=NetR122_1
Added Pin To Net: NetName=NetR124_1 Pin=U31-4
Added Net: Name=NetR124_1
Added Pin To Net: NetName=NetR125_2 Pin=U30-1
Added Net: Name=NetR125_2
Added Pin To Net: NetName=NetR127_2 Pin=U31-1
Added Net: Name=NetR127_2
Added Pin To Net: NetName=NetR132_1 Pin=U32-4
Added Net: Name=NetR132_1
Added Pin To Net: NetName=NetR134_1 Pin=U33-4
Added Net: Name=NetR134_1
Added Pin To Net: NetName=NetR135_2 Pin=U32-1
Added Net: Name=NetR135_2
Added Pin To Net: NetName=NetR137_2 Pin=U33-1
Added Net: Name=NetR137_2
Added Pin To Net: NetName=NetR142_1 Pin=U34-4
Added Net: Name=NetR142_1
Added Pin To Net: NetName=NetR144_1 Pin=U35-4
Added Net: Name=NetR144_1
Added Pin To Net: NetName=NetR145_2 Pin=U34-1
Added Net: Name=NetR145_2
Added Pin To Net: NetName=NetR147_2 Pin=U35-1
Added Net: Name=NetR147_2
Added Net: Name=NetR151_2
Added Net: Name=NetR152_2
Added Net: Name=NetR153_1
Added Net: Name=NetR154_1
Added Net: Name=NetR155_1
Added Net: Name=NetR155_2
Added Net: Name=NetR156_1
Added Net: Name=NetR156_2
Added Net: Name=NetR159_3
Added Net: Name=NetR160_3
Added Net: Name=NetR163_2
Added Net: Name=NetR164_2
Added Net: Name=NetR165_1
Added Net: Name=NetR166_1
Added Net: Name=NetR167_1
Added Net: Name=NetR167_2
Added Net: Name=NetR168_1
Added Net: Name=NetR168_2
Added Net: Name=NetR170_3
Added Net: Name=NetR172_3
Added Net: Name=NetR178_1
Added Net: Name=NetR180_1
Added Net: Name=NetR180_2
Added Net: Name=NetR181_1
Added Net: Name=NetR181_2
Added Net: Name=NetR184_1
Added Net: Name=NetR184_2
Added Net: Name=NetR185_1
Added Net: Name=NetR185_2
Added Net: Name=NetR189_1
Added Net: Name=NetR199_2
Added Net: Name=NetR200_2
Added Net: Name=NetR201_1
Added Pin To Net: NetName=NetR234_2 Pin=R234-2
Added Pin To Net: NetName=NetR234_2 Pin=U52-2
Added Net: Name=NetR234_2
Added Pin To Net: NetName=NetR235_2 Pin=R235-2
Added Pin To Net: NetName=NetR235_2 Pin=RC1-2
Added Pin To Net: NetName=NetR235_2 Pin=RR1-1
Added Net: Name=NetR235_2
Added Pin To Net: NetName=NetR236_1 Pin=R236-1
Added Pin To Net: NetName=NetR236_1 Pin=RC2-2
Added Pin To Net: NetName=NetR236_1 Pin=RR2-1
Added Net: Name=NetR236_1
Added Pin To Net: NetName=NetR239_2 Pin=R239-2
Added Pin To Net: NetName=NetR239_2 Pin=RC3-1
Added Pin To Net: NetName=NetR239_2 Pin=RR3-1
Added Net: Name=NetR239_2
Added Pin To Net: NetName=NetR240_1 Pin=R240-1
Added Pin To Net: NetName=NetR240_1 Pin=RC4-1
Added Pin To Net: NetName=NetR240_1 Pin=RR4-1
Added Net: Name=NetR240_1
Added Pin To Net: NetName=NetR241_2 Pin=R241-2
Added Pin To Net: NetName=NetR241_2 Pin=U53-2
Added Net: Name=NetR241_2
Added Pin To Net: NetName=NetR242_1 Pin=R242-1
Added Pin To Net: NetName=NetR242_1 Pin=RC5-2
Added Pin To Net: NetName=NetR242_1 Pin=RR5-1
Added Net: Name=NetR242_1
Added Pin To Net: NetName=NetR243_1 Pin=R243-1
Added Pin To Net: NetName=NetR243_1 Pin=RC6-2
Added Pin To Net: NetName=NetR243_1 Pin=RR6-1
Added Net: Name=NetR243_1
Added Pin To Net: NetName=NetR245_2 Pin=R245-2
Added Pin To Net: NetName=NetR245_2 Pin=U54-2
Added Net: Name=NetR245_2
Added Pin To Net: NetName=NetR247_1 Pin=R247-1
Added Pin To Net: NetName=NetR247_1 Pin=RC7-1
Added Pin To Net: NetName=NetR247_1 Pin=RR7-1
Added Net: Name=NetR247_1
Added Pin To Net: NetName=NetR248_1 Pin=R248-1
Added Pin To Net: NetName=NetR248_1 Pin=RC8-1
Added Pin To Net: NetName=NetR248_1 Pin=RR8-1
Added Net: Name=NetR248_1
Added Pin To Net: NetName=NetR249_2 Pin=R249-2
Added Pin To Net: NetName=NetR249_2 Pin=U56-2
Added Net: Name=NetR249_2
Added Pin To Net: NetName=NetR250_1 Pin=R250-1
Added Pin To Net: NetName=NetR250_1 Pin=R257-1
Added Net: Name=NetR250_1
Added Pin To Net: NetName=NetR252_2 Pin=R252-2
Added Pin To Net: NetName=NetR252_2 Pin=R253-2
Added Net: Name=NetR252_2
Added Pin To Net: NetName=NetR253_1 Pin=R253-1
Added Pin To Net: NetName=NetR253_1 Pin=R254-1
Added Net: Name=NetR253_1
Added Pin To Net: NetName=NetR254_2 Pin=R254-2
Added Pin To Net: NetName=NetR254_2 Pin=R255-2
Added Net: Name=NetR254_2
Added Pin To Net: NetName=NetR255_1 Pin=R255-1
Added Pin To Net: NetName=NetR255_1 Pin=R256-1
Added Net: Name=NetR255_1
Added Pin To Net: NetName=NetR256_2 Pin=R256-2
Added Pin To Net: NetName=NetR256_2 Pin=R257-2
Added Net: Name=NetR256_2
Added Pin To Net: NetName=NetR260_2 Pin=R260-2
Added Pin To Net: NetName=NetR260_2 Pin=R266-2
Added Net: Name=NetR260_2
Added Pin To Net: NetName=NetR261_1 Pin=R261-1
Added Pin To Net: NetName=NetR261_1 Pin=R262-1
Added Net: Name=NetR261_1
Added Pin To Net: NetName=NetR262_2 Pin=R262-2
Added Pin To Net: NetName=NetR262_2 Pin=R263-2
Added Net: Name=NetR262_2
Added Pin To Net: NetName=NetR263_1 Pin=R263-1
Added Pin To Net: NetName=NetR263_1 Pin=R264-1
Added Net: Name=NetR263_1
Added Pin To Net: NetName=NetR264_2 Pin=R264-2
Added Pin To Net: NetName=NetR264_2 Pin=R265-2
Added Net: Name=NetR264_2
Added Pin To Net: NetName=NetR265_1 Pin=R265-1
Added Pin To Net: NetName=NetR265_1 Pin=R266-1
Added Net: Name=NetR265_1
Added Pin To Net: NetName=NetR269_2 Pin=R269-2
Added Pin To Net: NetName=NetR269_2 Pin=R275-2
Added Net: Name=NetR269_2
Added Pin To Net: NetName=NetR270_1 Pin=R270-1
Added Pin To Net: NetName=NetR270_1 Pin=R271-1
Added Net: Name=NetR270_1
Added Pin To Net: NetName=NetR271_2 Pin=R271-2
Added Pin To Net: NetName=NetR271_2 Pin=R272-2
Added Net: Name=NetR271_2
Added Pin To Net: NetName=NetR272_1 Pin=R272-1
Added Pin To Net: NetName=NetR272_1 Pin=R273-1
Added Net: Name=NetR272_1
Added Pin To Net: NetName=NetR273_2 Pin=R273-2
Added Pin To Net: NetName=NetR273_2 Pin=R274-2
Added Net: Name=NetR273_2
Added Pin To Net: NetName=NetR274_1 Pin=R274-1
Added Pin To Net: NetName=NetR274_1 Pin=R275-1
Added Net: Name=NetR274_1
Added Net: Name=NetR278_2
Added Pin To Net: NetName=NetU55_20 Pin=U55-20
Added Pin To Net: NetName=NetU55_20 Pin=X1-2
Added Pin To Net: NetName=NetU55_20 Pin=X1-2
Added Net: Name=NetU55_20
Added Pin To Net: NetName=NetU55_21 Pin=U55-21
Added Pin To Net: NetName=NetU55_21 Pin=X1-1
Added Pin To Net: NetName=NetU55_21 Pin=X1-1
Added Net: Name=NetU55_21
Added Pin To Net: NetName=N Pin=J-U1-4
Added Net: Name=N
Added Pin To Net: NetName=PM0 Pin=J36-12
Added Pin To Net: NetName=PM0 Pin=U55-33
Added Net: Name=PM0
Added Pin To Net: NetName=PM1 Pin=J36-13
Added Pin To Net: NetName=PM1 Pin=U55-34
Added Net: Name=PM1
Added Net: Name=POWER_KEY
Added Net: Name=RESET_KEY
Added Net: Name=RESET
Added Pin To Net: NetName=RST Pin=J36-20
Added Pin To Net: NetName=RST Pin=JP1-2
Added Net: Name=RST
Added Pin To Net: NetName=RX Pin=P6-2
Added Net: Name=RX
Added Pin To Net: NetName=SCLK Pin=J36-17
Added Pin To Net: NetName=SCLK Pin=U55-38
Added Net: Name=SCLK
Added Net: Name=SCL
Added Pin To Net: NetName=SDI Pin=J36-15
Added Pin To Net: NetName=SDI Pin=U55-40
Added Net: Name=SDI
Added Pin To Net: NetName=SDO Pin=J36-18
Added Pin To Net: NetName=SDO Pin=U55-39
Added Net: Name=SDO
Added Pin To Net: NetName=SGND Pin=J27-03
Added Pin To Net: NetName=SGND Pin=J28-03
Added Pin To Net: NetName=SGND Pin=J29-03
Added Pin To Net: NetName=SGND Pin=J30-03
Added Net: Name=SGND
Added Net: Name=STATUS
Added Net: Name=TEMP1_FAULT
Added Net: Name=TEMP1
Added Net: Name=TEMP2_FAULT
Added Net: Name=TEMP2
Added Pin To Net: NetName=TX Pin=P6-1
Added Net: Name=TX
Added Pin To Net: NetName=Ua Pin=J-U1-1
Added Pin To Net: NetName=Ua Pin=R252-1
Added Net: Name=Ua
Added Pin To Net: NetName=Ub Pin=J-U1-2
Added Pin To Net: NetName=Ub Pin=R261-2
Added Net: Name=Ub
Added Pin To Net: NetName=Uc Pin=J-U1-3
Added Pin To Net: NetName=Uc Pin=R270-2
Added Net: Name=Uc
Added Net: Name=USIM_CLK
Added Net: Name=USIM_DATA
Added Net: Name=USIM_DET
Added Pin To Net: NetName=USIM_GND Pin=C85-1
Added Pin To Net: NetName=USIM_GND Pin=C86-2
Added Pin To Net: NetName=USIM_GND Pin=C87-1
Added Pin To Net: NetName=USIM_GND Pin=C88-1
Added Pin To Net: NetName=USIM_GND Pin=C89-2
Added Pin To Net: NetName=USIM_GND Pin=C90-1
Added Pin To Net: NetName=USIM_GND Pin=C91-1
Added Pin To Net: NetName=USIM_GND Pin=C92-2
Added Pin To Net: NetName=USIM_GND Pin=C93-2
Added Pin To Net: NetName=USIM_GND Pin=C94-1
Added Pin To Net: NetName=USIM_GND Pin=C95-2
Added Pin To Net: NetName=USIM_GND Pin=C96-2
Added Pin To Net: NetName=USIM_GND Pin=C97-1
Added Pin To Net: NetName=USIM_GND Pin=C98-1
Added Pin To Net: NetName=USIM_GND Pin=C99-1
Added Pin To Net: NetName=USIM_GND Pin=C100-1
Added Pin To Net: NetName=USIM_GND Pin=C101-1
Added Pin To Net: NetName=USIM_GND Pin=C102-1
Added Pin To Net: NetName=USIM_GND Pin=C103-1
Added Pin To Net: NetName=USIM_GND Pin=C104-1
Added Pin To Net: NetName=USIM_GND Pin=C105-1
Added Pin To Net: NetName=USIM_GND Pin=C106-1
Added Pin To Net: NetName=USIM_GND Pin=J31-01
Added Pin To Net: NetName=USIM_GND Pin=J32-01
Added Pin To Net: NetName=USIM_GND Pin=J36-1
Added Pin To Net: NetName=USIM_GND Pin=P6-3
Added Pin To Net: NetName=USIM_GND Pin=R234-1
Added Pin To Net: NetName=USIM_GND Pin=R238-1
Added Pin To Net: NetName=USIM_GND Pin=R241-1
Added Pin To Net: NetName=USIM_GND Pin=R244-1
Added Pin To Net: NetName=USIM_GND Pin=R245-1
Added Pin To Net: NetName=USIM_GND Pin=R249-1
Added Pin To Net: NetName=USIM_GND Pin=R251-1
Added Pin To Net: NetName=USIM_GND Pin=R258-1
Added Pin To Net: NetName=USIM_GND Pin=R259-1
Added Pin To Net: NetName=USIM_GND Pin=R267-1
Added Pin To Net: NetName=USIM_GND Pin=R268-1
Added Pin To Net: NetName=USIM_GND Pin=R276-1
Added Pin To Net: NetName=USIM_GND Pin=R277-1
Added Pin To Net: NetName=USIM_GND Pin=RC1-1
Added Pin To Net: NetName=USIM_GND Pin=RC2-1
Added Pin To Net: NetName=USIM_GND Pin=RC3-2
Added Pin To Net: NetName=USIM_GND Pin=RC4-2
Added Pin To Net: NetName=USIM_GND Pin=RC5-1
Added Pin To Net: NetName=USIM_GND Pin=RC6-1
Added Pin To Net: NetName=USIM_GND Pin=RC7-2
Added Pin To Net: NetName=USIM_GND Pin=RC8-2
Added Pin To Net: NetName=USIM_GND Pin=U6-4
Added Pin To Net: NetName=USIM_GND Pin=U7-4
Added Pin To Net: NetName=USIM_GND Pin=U8-4
Added Pin To Net: NetName=USIM_GND Pin=U9-4
Added Pin To Net: NetName=USIM_GND Pin=U10-4
Added Pin To Net: NetName=USIM_GND Pin=U11-4
Added Pin To Net: NetName=USIM_GND Pin=U12-4
Added Pin To Net: NetName=USIM_GND Pin=U13-4
Added Pin To Net: NetName=USIM_GND Pin=U14-4
Added Pin To Net: NetName=USIM_GND Pin=U15-4
Added Pin To Net: NetName=USIM_GND Pin=U16-4
Added Pin To Net: NetName=USIM_GND Pin=U17-4
Added Pin To Net: NetName=USIM_GND Pin=U18-4
Added Pin To Net: NetName=USIM_GND Pin=U19-4
Added Pin To Net: NetName=USIM_GND Pin=U20-4
Added Pin To Net: NetName=USIM_GND Pin=U21-4
Added Pin To Net: NetName=USIM_GND Pin=U22-4
Added Pin To Net: NetName=USIM_GND Pin=U23-4
Added Pin To Net: NetName=USIM_GND Pin=U24-2
Added Pin To Net: NetName=USIM_GND Pin=U24-3
Added Pin To Net: NetName=USIM_GND Pin=U25-2
Added Pin To Net: NetName=USIM_GND Pin=U25-3
Added Pin To Net: NetName=USIM_GND Pin=U26-2
Added Pin To Net: NetName=USIM_GND Pin=U26-3
Added Pin To Net: NetName=USIM_GND Pin=U27-2
Added Pin To Net: NetName=USIM_GND Pin=U27-3
Added Pin To Net: NetName=USIM_GND Pin=U28-2
Added Pin To Net: NetName=USIM_GND Pin=U28-3
Added Pin To Net: NetName=USIM_GND Pin=U29-2
Added Pin To Net: NetName=USIM_GND Pin=U29-3
Added Pin To Net: NetName=USIM_GND Pin=U30-2
Added Pin To Net: NetName=USIM_GND Pin=U30-3
Added Pin To Net: NetName=USIM_GND Pin=U31-2
Added Pin To Net: NetName=USIM_GND Pin=U31-3
Added Pin To Net: NetName=USIM_GND Pin=U32-2
Added Pin To Net: NetName=USIM_GND Pin=U32-3
Added Pin To Net: NetName=USIM_GND Pin=U33-2
Added Pin To Net: NetName=USIM_GND Pin=U33-3
Added Pin To Net: NetName=USIM_GND Pin=U34-2
Added Pin To Net: NetName=USIM_GND Pin=U34-3
Added Pin To Net: NetName=USIM_GND Pin=U35-2
Added Pin To Net: NetName=USIM_GND Pin=U35-3
Added Pin To Net: NetName=USIM_GND Pin=U55-2
Added Pin To Net: NetName=USIM_GND Pin=U55-12
Added Pin To Net: NetName=USIM_GND Pin=U55-19
Added Pin To Net: NetName=USIM_GND Pin=U55-32
Added Pin To Net: NetName=USIM_GND Pin=U55-35
Added Pin To Net: NetName=USIM_GND Pin=U55-44
Added Pin To Net: NetName=USIM_GND Pin=U55-45
Added Pin To Net: NetName=USIM_GND Pin=U55-46
Added Pin To Net: NetName=USIM_GND Pin=U55-47
Added Net: Name=USIM_GND
Added Net: Name=USIM_RST
Added Net: Name=USIM_VDD
Added Pin To Net: NetName=VAN Pin=C102-2
Added Pin To Net: NetName=VAN Pin=R259-2
Added Pin To Net: NetName=VAN Pin=U55-14
Added Net: Name=VAN
Added Pin To Net: NetName=VAP Pin=C101-2
Added Pin To Net: NetName=VAP Pin=R250-2
Added Pin To Net: NetName=VAP Pin=R258-2
Added Pin To Net: NetName=VAP Pin=U55-13
Added Net: Name=VAP
Added Net: Name=VBAT_BB
Added Net: Name=VBAT
Added Pin To Net: NetName=VBN Pin=C104-2
Added Pin To Net: NetName=VBN Pin=R268-2
Added Pin To Net: NetName=VBN Pin=U55-16
Added Net: Name=VBN
Added Pin To Net: NetName=VBP Pin=C103-2
Added Pin To Net: NetName=VBP Pin=R260-1
Added Pin To Net: NetName=VBP Pin=R267-2
Added Pin To Net: NetName=VBP Pin=U55-15
Added Net: Name=VBP
Added Pin To Net: NetName=VCC Pin=C87-2
Added Pin To Net: NetName=VCC Pin=C89-1
Added Pin To Net: NetName=VCC Pin=R233-2
Added Pin To Net: NetName=VCC Pin=R237-1
Added Pin To Net: NetName=VCC Pin=U55-48
Added Net: Name=VCC
Added Pin To Net: NetName=VCN Pin=C106-2
Added Pin To Net: NetName=VCN Pin=R277-2
Added Pin To Net: NetName=VCN Pin=U55-18
Added Net: Name=VCN
Added Pin To Net: NetName=VCP Pin=C105-2
Added Pin To Net: NetName=VCP Pin=R269-1
Added Pin To Net: NetName=VCP Pin=R276-2
Added Pin To Net: NetName=VCP Pin=U55-17
Added Net: Name=VCP
Added Net: Name=VDD_AUX
Added Pin To Net: NetName=VDD_EXT Pin=J36-19
Added Net: Name=VDD_EXT
Add Net: Net with name "VDD_EXT" already exists
Added Net: Name=VREF1
Added Net: Name=VREF2
Added Net: Name=VREF
Added Pin To Net: NetName=WarnOut Pin=J36-9
Added Pin To Net: NetName=WarnOut Pin=U55-29
Added Net: Name=WarnOut
Added Pin To Net: NetName=ZX0 Pin=J36-2
Added Pin To Net: NetName=ZX0 Pin=U55-22
Added Net: Name=ZX0
Added Pin To Net: NetName=ZX1 Pin=J36-3
Added Pin To Net: NetName=ZX1 Pin=U55-23
Added Net: Name=ZX1
Added Pin To Net: NetName=ZX2 Pin=J36-4
Added Pin To Net: NetName=ZX2 Pin=U55-24
Added Net: Name=ZX2
Added Class: Name=A7672S
Added Class: Name=ANALOG_INPUT
Added Class: Name=ANALOG_IOUTPUT
Added Class: Name=ANALOG_VOUTPUT
Added Class: Name=ANT
Added Class: Name=ATM90E3x-DB
Added Class: Name=Digital_Input2
Added Class: Name=Digital_Input3
Added Class: Name=Digital_Input
Added Class: Name=DIGITAL_OUTPUT1
Added Class: Name=DIGITAL_OUTPUT
Added Class: Name=GSM_INDICATION
Added Class: Name=MCU
Added Class: Name=Peripherals
Added Class: Name=Power_supply
Added Class: Name=SIM CARD
Added Class: Name=Temp_sensors Input
Added Room: Name=A7672S
Added Room: Name=ANALOG_INPUT
Added Room: Name=ANALOG_IOUTPUT
Added Room: Name=ANALOG_VOUTPUT
Added Room: Name=ANT
Added Room: Name=ATM90E3x-DB
Added Room: Name=Digital_Input2
Added Room: Name=Digital_Input3
Added Room: Name=Digital_Input
Added Room: Name=DIGITAL_OUTPUT1
Added Room: Name=DIGITAL_OUTPUT
Added Room: Name=GSM_INDICATION
Added Room: Name=MCU
Added Room: Name=Peripherals
Added Room: Name=Power_supply
Added Room: Name=SIM CARD
Added Room: Name=Temp_sensors Input
