Removed Pin From Net: NetName=+5 Pin=P5-2
Removed Pin From Net: NetName=-5 Pin=P5-4
Removed Pin From Net: NetName=ANALOG_INPUT4 Pin=P5-6
Removed Pin From Net: NetName=ANALOG_INPUT3 Pin=P5-8
Removed Pin From Net: NetName=ANALOG_INPUT2 Pin=P5-10
Removed Pin From Net: NetName=ANALOG_INPUT1 Pin=P5-12
Add Component: Footprint Not Found W5500
Added Pin To Net: NetName=ANALOG_INPUT1 Pin=P5-2
Added Pin To Net: NetName=ANALOG_INPUT2 Pin=P5-4
Added Pin To Net: NetName=ANALOG_INPUT3 Pin=P5-6
Added Pin To Net: NetName=ANALOG_INPUT4 Pin=P5-8
Added Pin To Net: NetName=+5 Pin=P5-10
Added Pin To Net: NetName=-5 Pin=P5-12
Add Pin To Net: Unknown Pin: Pin U48-1
Add Pin To Net: Unknown Pin: Pin U48-2
Add Pin To Net: Unknown Pin: Pin U48-3
Add Pin To Net: Unknown Pin: Pin U48-4
Add Pin To Net: Unknown Pin: Pin U48-5
Add Pin To Net: Unknown Pin: Pin U48-6
Add Pin To Net: Unknown Pin: Pin U48-7
Add Pin To Net: Unknown Pin: Pin U48-8
Add Pin To Net: Unknown Pin: Pin U48-10
Add Pin To Net: Unknown Pin: Pin U48-11
Add Pin To Net: Unknown Pin: Pin U48-12
Add Class Member: Failed to add class member : Component U48 W5500_LITE
