Change Physical Footprint: Cannot match pads with new footprint in component :U1 Footprint:FP-C04-012-MFG
Change Physical Footprint: Cannot match pads with new footprint in component :U2 Footprint:FP-DBV0005A-IPC_C
Change Physical Footprint: Cannot match pads with new footprint in component :U3 Footprint:FP-DDC0006A-MFG
Change Physical Footprint: Cannot match pads with new footprint in component :U4 Footprint:FP-DDC0006A-MFG
Change Physical Footprint: Cannot match pads with new footprint in component :U5 Footprint:FP-DDC0006A-MFG
Change Physical Footprint: Designator=U6 Old Footprint=SOIC254P1030X460-6N New Footprint=SOIC254P1030X460-6N
Change Physical Footprint: Designator=U7 Old Footprint=SOIC254P1030X460-6N New Footprint=SOIC254P1030X460-6N
Change Physical Footprint: Designator=U8 Old Footprint=SOIC254P1030X460-6N New Footprint=SOIC254P1030X460-6N
Change Physical Footprint: Designator=U9 Old Footprint=SOIC254P1030X460-6N New Footprint=SOIC254P1030X460-6N
Change Physical Footprint: Designator=U10 Old Footprint=SOIC254P1030X460-6N New Footprint=SOIC254P1030X460-6N
Change Physical Footprint: Designator=U11 Old Footprint=SOIC254P1030X460-6N New Footprint=SOIC254P1030X460-6N
Change Physical Footprint: Designator=U12 Old Footprint=SOIC254P1030X460-6N New Footprint=SOIC254P1030X460-6N
Change Physical Footprint: Designator=U13 Old Footprint=SOIC254P1030X460-6N New Footprint=SOIC254P1030X460-6N
Change Physical Footprint: Designator=U14 Old Footprint=SOIC254P1030X460-6N New Footprint=SOIC254P1030X460-6N
Change Physical Footprint: Designator=U15 Old Footprint=SOIC254P1030X460-6N New Footprint=SOIC254P1030X460-6N
Change Physical Footprint: Designator=U16 Old Footprint=SOIC254P1030X460-6N New Footprint=SOIC254P1030X460-6N
Change Physical Footprint: Designator=U17 Old Footprint=SOIC254P1030X460-6N New Footprint=SOIC254P1030X460-6N
Change Physical Footprint: Designator=U18 Old Footprint=SOIC254P1030X460-6N New Footprint=SOIC254P1030X460-6N
Change Physical Footprint: Designator=U19 Old Footprint=SOIC254P1030X460-6N New Footprint=SOIC254P1030X460-6N
Change Physical Footprint: Designator=U20 Old Footprint=SOIC254P1030X460-6N New Footprint=SOIC254P1030X460-6N
Change Physical Footprint: Designator=U21 Old Footprint=SOIC254P1030X460-6N New Footprint=SOIC254P1030X460-6N
Change Physical Footprint: Designator=U22 Old Footprint=SOIC254P1030X460-6N New Footprint=SOIC254P1030X460-6N
Change Physical Footprint: Designator=U23 Old Footprint=SOIC254P1030X460-6N New Footprint=SOIC254P1030X460-6N
Change Physical Footprint: Designator=U24 Old Footprint=SOIC254P960X420-4N New Footprint=SOIC254P960X420-4N
Change Physical Footprint: Designator=U25 Old Footprint=SOIC254P960X420-4N New Footprint=SOIC254P960X420-4N
Change Physical Footprint: Designator=U26 Old Footprint=SOIC254P960X420-4N New Footprint=SOIC254P960X420-4N
Change Physical Footprint: Designator=U27 Old Footprint=SOIC254P960X420-4N New Footprint=SOIC254P960X420-4N
Change Physical Footprint: Designator=U28 Old Footprint=SOIC254P960X420-4N New Footprint=SOIC254P960X420-4N
Change Physical Footprint: Designator=U29 Old Footprint=SOIC254P960X420-4N New Footprint=SOIC254P960X420-4N
Change Physical Footprint: Designator=U30 Old Footprint=SOIC254P960X420-4N New Footprint=SOIC254P960X420-4N
Change Physical Footprint: Designator=U31 Old Footprint=SOIC254P960X420-4N New Footprint=SOIC254P960X420-4N
Change Physical Footprint: Designator=U32 Old Footprint=SOIC254P960X420-4N New Footprint=SOIC254P960X420-4N
Change Physical Footprint: Designator=U33 Old Footprint=SOIC254P960X420-4N New Footprint=SOIC254P960X420-4N
Change Physical Footprint: Designator=U34 Old Footprint=SOIC254P960X420-4N New Footprint=SOIC254P960X420-4N
Change Physical Footprint: Designator=U35 Old Footprint=SOIC254P960X420-4N New Footprint=SOIC254P960X420-4N
Change Physical Footprint: Cannot match pads with new footprint in component :U36 Footprint:FP-D0008A-MFG
Change Physical Footprint: Cannot match pads with new footprint in component :U37 Footprint:FP-D0008A-MFG
Change Physical Footprint: Cannot match pads with new footprint in component :U38 Footprint:FP-D0008A-MFG
Change Physical Footprint: Cannot match pads with new footprint in component :U39 Footprint:FP-D0008A-MFG
Change Physical Footprint: Cannot match pads with new footprint in component :U40 Footprint:FP-D0008A-MFG
Change Physical Footprint: Cannot match pads with new footprint in component :U41 Footprint:SOIC-SL14_M
Change Physical Footprint: Cannot match pads with new footprint in component :U42 Footprint:FP-DBZ0003A-IPC_B
Change Physical Footprint: Cannot match pads with new footprint in component :U43 Footprint:FP-D0008A-MFG
Change Physical Footprint: Cannot match pads with new footprint in component :U44 Footprint:SOIC-SL14_M
Change Physical Footprint: Cannot match pads with new footprint in component :U45 Footprint:FP-D0008A-MFG
Change Physical Footprint: Cannot match pads with new footprint in component :U46 Footprint:FP-DBZ0003A-IPC_B
Change Physical Footprint: Cannot match pads with new footprint in component :U47 Footprint:MAXM-T1033+1_V
Change Physical Footprint: Cannot match pads with new footprint in component :U49 Footprint:DW0016B_N
Change Physical Footprint: Cannot match pads with new footprint in component :U50 Footprint:FP-D0008A-MFG
Change Physical Footprint: Designator=U51 Old Footprint=XCVR_A7672SA_(LASE) New Footprint=XCVR_A7672SA_(LASE)
Change Physical Footprint: Cannot match pads with new footprint in component :U57 Footprint:FP-LQFP100-1L-IPC_A
