Change Physical Footprint: Cannot match pads with new footprint in component :BT1 Footprint:FP-BU2032SM-BT-GTR-MFG
Change Physical Footprint: Cannot match pads with new footprint in component :C1 Footprint:FP-C0805C-DG-MFG
Change Physical Footprint: Cannot match pads with new footprint in component :C2 Footprint:FP-0805-L_2_01_0_2-W_1_25-IPC_B
Change Physical Footprint: Cannot match pads with new footprint in component :C3 Footprint:FP-0805-L_2_01_0_2-W_1_25-IPC_B
Change Physical Footprint: Cannot match pads with new footprint in component :C4 Footprint:FP-C0805C-DG-MFG
Change Physical Footprint: Cannot match pads with new footprint in component :C5 Footprint:FP-C0805C-DG-MFG
Change Physical Footprint: Cannot match pads with new footprint in component :C6 Footprint:FP-0805-L_2_01_0_2-W_1_25-IPC_B
Change Physical Footprint: Cannot match pads with new footprint in component :C7 Footprint:FP-HAD-MFG
Change Physical Footprint: Cannot match pads with new footprint in component :C8 Footprint:FP-C1206C-EH-MFG
Change Physical Footprint: Cannot match pads with new footprint in component :C9 Footprint:FP-C1206C-EH-MFG
Change Physical Footprint: Cannot match pads with new footprint in component :C10 Footprint:FP-C1206C-EB-MFG
Change Physical Footprint: Cannot match pads with new footprint in component :C11 Footprint:CAPC1206(3216)190_L
Change Physical Footprint: Cannot match pads with new footprint in component :C12 Footprint:CAPC1206(3216)190_L
Change Physical Footprint: Cannot match pads with new footprint in component :C13 Footprint:CAPC1206(3216)190_L
Change Physical Footprint: Cannot match pads with new footprint in component :C14 Footprint:FP-C1206C-EB-MFG
Change Physical Footprint: Cannot match pads with new footprint in component :C15 Footprint:FP-C1206C-EH-MFG
Change Physical Footprint: Cannot match pads with new footprint in component :C16 Footprint:FP-C1206C-EH-MFG
Change Physical Footprint: Cannot match pads with new footprint in component :C17 Footprint:FP-C1206C-EB-MFG
Change Physical Footprint: Cannot match pads with new footprint in component :C18 Footprint:CAPC1206(3216)190_L
Change Physical Footprint: Cannot match pads with new footprint in component :C19 Footprint:CAPC1206(3216)190_L
Change Physical Footprint: Cannot match pads with new footprint in component :C20 Footprint:CAPC1206(3216)190_L
Change Physical Footprint: Cannot match pads with new footprint in component :C21 Footprint:FP-C1206C-EB-MFG
Change Physical Footprint: Cannot match pads with new footprint in component :C22 Footprint:FP-C1206C-EH-MFG
Change Physical Footprint: Cannot match pads with new footprint in component :C23 Footprint:FP-C1206C-EH-MFG
Change Physical Footprint: Cannot match pads with new footprint in component :C24 Footprint:FP-C1206C-EB-MFG
Change Physical Footprint: Cannot match pads with new footprint in component :C25 Footprint:CAPC1206(3216)190_L
Change Physical Footprint: Cannot match pads with new footprint in component :C26 Footprint:CAPC1206(3216)190_L
Change Physical Footprint: Cannot match pads with new footprint in component :C27 Footprint:CAPC1206(3216)190_L
Change Physical Footprint: Cannot match pads with new footprint in component :C28 Footprint:FP-C1206C-EB-MFG
Change Physical Footprint: Cannot match pads with new footprint in component :C29 Footprint:CAPC1206(3216)170_L
Change Physical Footprint: Cannot match pads with new footprint in component :C30 Footprint:FP-C1206C-EB-MFG
Change Physical Footprint: Cannot match pads with new footprint in component :C31 Footprint:CAPC1206(3216)100_N
Change Physical Footprint: Cannot match pads with new footprint in component :C32 Footprint:CAPC1206(3216)170_L
Change Physical Footprint: Cannot match pads with new footprint in component :C33 Footprint:FP-C1206C-EB-MFG
Change Physical Footprint: Cannot match pads with new footprint in component :C34 Footprint:CAPC1206(3216)100_N
Change Physical Footprint: Cannot match pads with new footprint in component :C35 Footprint:PNSC-EEEFK1C101P_L
Change Physical Footprint: Cannot match pads with new footprint in component :C36 Footprint:PNSC-EEEFK1C101P_L
Change Physical Footprint: Cannot match pads with new footprint in component :C37 Footprint:CAPC1608X87X35NL15T15
Change Physical Footprint: Cannot match pads with new footprint in component :C38 Footprint:CAPC1608X87X35NL15T15
Change Physical Footprint: Cannot match pads with new footprint in component :C39 Footprint:CAPC1608X87X35NL15T15
Change Physical Footprint: Cannot match pads with new footprint in component :C40 Footprint:CAPC1608X87X35NL15T15
Change Physical Footprint: Cannot match pads with new footprint in component :C41 Footprint:CAPC1608X87X35NL15T15
Change Physical Footprint: Cannot match pads with new footprint in component :C42 Footprint:CAPC1608X87X35NL15T15
Change Physical Footprint: Cannot match pads with new footprint in component :C43 Footprint:CAPC1608X87X35NL15T15
Change Physical Footprint: Cannot match pads with new footprint in component :C44 Footprint:CAPC1608X87X35NL15T15
Change Physical Footprint: Cannot match pads with new footprint in component :C45 Footprint:CAPC1608X87X35NL15T15
Change Physical Footprint: Cannot match pads with new footprint in component :C46 Footprint:CAPC1608X87X35NL15T15
Change Physical Footprint: Cannot match pads with new footprint in component :C47 Footprint:CAPC1608X87X35NL15T15
Change Physical Footprint: Cannot match pads with new footprint in component :C48 Footprint:CAPC1608X87X35NL15T15
Change Physical Footprint: Cannot match pads with new footprint in component :C49 Footprint:CAPC1608X87X35NL15T15
Change Physical Footprint: Cannot match pads with new footprint in component :C50 Footprint:CAPC1608X87X35NL15T15
Change Physical Footprint: Cannot match pads with new footprint in component :C51 Footprint:CAPC1608X87X35NL15T15
Change Physical Footprint: Cannot match pads with new footprint in component :C52 Footprint:CAPC1608X87X35NL15T15
Change Physical Footprint: Cannot match pads with new footprint in component :C53 Footprint:CAPC1608X87X35NL15T15
Change Physical Footprint: Cannot match pads with new footprint in component :C54 Footprint:CAPC1608X87X35NL15T15
Change Physical Footprint: Cannot match pads with new footprint in component :C55 Footprint:CAPC1608X90X35ML10T15
Change Physical Footprint: Cannot match pads with new footprint in component :C56 Footprint:CAPC1608X90X35ML10T15
Change Physical Footprint: Cannot match pads with new footprint in component :C57 Footprint:CAPC1608X90X35ML10T15
Change Physical Footprint: Cannot match pads with new footprint in component :C58 Footprint:CAPC1608X90X35ML10T15
Change Physical Footprint: Cannot match pads with new footprint in component :C59 Footprint:CAPC1608X90X35ML10T15
Change Physical Footprint: Cannot match pads with new footprint in component :C60 Footprint:CAPC1608X90X35ML10T15
Change Physical Footprint: Cannot match pads with new footprint in component :C61 Footprint:CAPC1608X90X35ML10T15
Change Physical Footprint: Cannot match pads with new footprint in component :C62 Footprint:CAPC1608X90X35ML10T15
Change Physical Footprint: Cannot match pads with new footprint in component :C63 Footprint:CAPC2013X135X45ML10T25
Change Physical Footprint: Cannot match pads with new footprint in component :C64 Footprint:CAPC2013X135X45ML10T25
Change Physical Footprint: Cannot match pads with new footprint in component :C65 Footprint:CAPC1608X92X38ML15T08
Change Physical Footprint: Cannot match pads with new footprint in component :C66 Footprint:CAPC1608X92X38ML15T08
Change Physical Footprint: Cannot match pads with new footprint in component :C67 Footprint:CAPC1608X92X38ML15T08
Change Physical Footprint: Cannot match pads with new footprint in component :C68 Footprint:FP-0805-L_2_01_0_2-W_1_25-IPC_B
Change Physical Footprint: Cannot match pads with new footprint in component :C69 Footprint:CAPC1608X92X38ML15T08
Change Physical Footprint: Cannot match pads with new footprint in component :C70 Footprint:CAPC1608X92X38ML15T08
Change Physical Footprint: Cannot match pads with new footprint in component :C71 Footprint:CAPC1608X92X38ML15T08
Change Physical Footprint: Cannot match pads with new footprint in component :C72 Footprint:CAPC2013X145X50ML20T25
Change Physical Footprint: Cannot match pads with new footprint in component :C73 Footprint:CAPC2013X145X50ML20T25
Change Physical Footprint: Cannot match pads with new footprint in component :C74 Footprint:CAPC2013X135X45ML10T25
Change Physical Footprint: Cannot match pads with new footprint in component :C75 Footprint:FP-C0805C-DN-MFG
Change Physical Footprint: Cannot match pads with new footprint in component :C76 Footprint:FP-C0805C-DN-MFG
Change Physical Footprint: Cannot match pads with new footprint in component :C77 Footprint:CAPC2013X94X50NL20T25
Change Physical Footprint: Cannot match pads with new footprint in component :C78 Footprint:CAPC2013X94X50NL20T25
Change Physical Footprint: Cannot match pads with new footprint in component :C79 Footprint:CAPC2013X94X50NL20T25
Change Physical Footprint: Cannot match pads with new footprint in component :C80 Footprint:CAPC2013X94X50NL20T25
Change Physical Footprint: Cannot match pads with new footprint in component :C81 Footprint:FP-C0805C-DN-MFG
Change Physical Footprint: Cannot match pads with new footprint in component :C82 Footprint:FP-C1206C-EB-MFG
Change Physical Footprint: Cannot match pads with new footprint in component :C83 Footprint:FP-C1206C-EB-MFG
Change Physical Footprint: Cannot match pads with new footprint in component :C84 Footprint:FP-C1206C-EB-MFG
Change Physical Footprint: Cannot match pads with new footprint in component :C107 Footprint:FP-CC0603-DA-MFG
Change Physical Footprint: Cannot match pads with new footprint in component :C108 Footprint:FP-CC0603-DA-MFG
Change Physical Footprint: Cannot match pads with new footprint in component :C109 Footprint:FP-CC0603-DA-MFG
Change Physical Footprint: Cannot match pads with new footprint in component :C110 Footprint:FP-C0603C-CF-MFG
Change Physical Footprint: Cannot match pads with new footprint in component :C111 Footprint:FP-C0603C-CF-MFG
Change Physical Footprint: Cannot match pads with new footprint in component :C112 Footprint:FP-C0603C-CF-MFG
Change Physical Footprint: Cannot match pads with new footprint in component :C113 Footprint:FP-CC0603-DA-MFG
Change Physical Footprint: Cannot match pads with new footprint in component :C114 Footprint:FP-CC0603-DA-MFG
Change Physical Footprint: Cannot match pads with new footprint in component :C115 Footprint:FP-C0603C-CF-MFG
Change Physical Footprint: Cannot match pads with new footprint in component :C116 Footprint:FP-CC0603-DA-MFG
Change Physical Footprint: Cannot match pads with new footprint in component :C117 Footprint:FP-CC0603-DA-MFG
Change Physical Footprint: Cannot match pads with new footprint in component :C118 Footprint:FP-C0603C-CF-MFG
Change Physical Footprint: Cannot match pads with new footprint in component :D1 Footprint:FP-SMC-MFG
Change Physical Footprint: Cannot match pads with new footprint in component :D2 Footprint:FP-SML-LX0805SRC-TR-MFG
Change Physical Footprint: Cannot match pads with new footprint in component :D3 Footprint:FP-SMBJ-MFG
Change Physical Footprint: Cannot match pads with new footprint in component :D4 Footprint:FP-SML-LX0805SRC-TR-MFG
Change Physical Footprint: Cannot match pads with new footprint in component :D5 Footprint:FP-SML-LX0805SRC-TR-MFG
Change Physical Footprint: Cannot match pads with new footprint in component :D6 Footprint:FP-SML-LX0805SRC-TR-MFG
Change Physical Footprint: Cannot match pads with new footprint in component :D7 Footprint:ONSC-SOD-123-2-425-04_V
Change Physical Footprint: Cannot match pads with new footprint in component :D8 Footprint:FP-SML-LX0805SRC-TR-MFG
Change Physical Footprint: Cannot match pads with new footprint in component :D9 Footprint:FP-SOD123-IPC_A
Change Physical Footprint: Cannot match pads with new footprint in component :D10 Footprint:FP-SOD123-IPC_A
Change Physical Footprint: Cannot match pads with new footprint in component :D11 Footprint:FP-SMBJ-MFG
Change Physical Footprint: Cannot match pads with new footprint in component :D12 Footprint:FP-SMBJ-MFG
Change Physical Footprint: Cannot match pads with new footprint in component :D13 Footprint:FP-SOD123-IPC_A
Change Physical Footprint: Cannot match pads with new footprint in component :D14 Footprint:FP-SOD123-IPC_A
Change Physical Footprint: Cannot match pads with new footprint in component :D15 Footprint:FP-SMBJ-MFG
Change Physical Footprint: Cannot match pads with new footprint in component :D16 Footprint:FP-SMBJ-MFG
Change Physical Footprint: Cannot match pads with new footprint in component :D17 Footprint:FP-SOD123-IPC_A
Change Physical Footprint: Cannot match pads with new footprint in component :D18 Footprint:FP-SOD123-IPC_A
Change Physical Footprint: Cannot match pads with new footprint in component :D19 Footprint:FP-SMBJ-MFG
Change Physical Footprint: Cannot match pads with new footprint in component :D20 Footprint:FP-SMBJ-MFG
Change Physical Footprint: Cannot match pads with new footprint in component :D21 Footprint:FP-SOD123-IPC_A
Change Physical Footprint: Cannot match pads with new footprint in component :D22 Footprint:FP-SOD123-IPC_A
Change Physical Footprint: Cannot match pads with new footprint in component :D23 Footprint:FP-SMBJ-MFG
Change Physical Footprint: Cannot match pads with new footprint in component :D24 Footprint:FP-SMBJ-MFG
Change Physical Footprint: Cannot match pads with new footprint in component :D25 Footprint:FP-SOD123-IPC_A
Change Physical Footprint: Cannot match pads with new footprint in component :D26 Footprint:FP-SOD123-IPC_A
Change Physical Footprint: Cannot match pads with new footprint in component :D27 Footprint:FP-SMBJ-MFG
Change Physical Footprint: Cannot match pads with new footprint in component :D28 Footprint:FP-SMBJ-MFG
Change Physical Footprint: Cannot match pads with new footprint in component :D29 Footprint:FP-SOD123-IPC_A
Change Physical Footprint: Cannot match pads with new footprint in component :D30 Footprint:FP-SOD123-IPC_A
Change Physical Footprint: Cannot match pads with new footprint in component :D31 Footprint:FP-SMBJ-MFG
Change Physical Footprint: Cannot match pads with new footprint in component :D32 Footprint:FP-SMBJ-MFG
Change Physical Footprint: Cannot match pads with new footprint in component :D33 Footprint:FP-SM712-MFG
Change Physical Footprint: Cannot match pads with new footprint in component :D34 Footprint:ONSC-SOD-523-2-502-01_V
Change Physical Footprint: Cannot match pads with new footprint in component :D35 Footprint:ONSC-SOD-523-2-502-01_V
Change Physical Footprint: Cannot match pads with new footprint in component :D36 Footprint:ONSC-SOD-523-2-502-01_V
Change Physical Footprint: Cannot match pads with new footprint in component :D37 Footprint:FP-KP-3216PBC-A-MFG
Change Physical Footprint: Cannot match pads with new footprint in component :D38 Footprint:FP-KP-3216PBC-A-MFG
Change Physical Footprint: Cannot match pads with new footprint in component :D39 Footprint:FP-KP-3216PBC-A-MFG
Change Physical Footprint: Cannot match pads with new footprint in component :D40 Footprint:FP-KP-3216PBC-A-MFG
Change Physical Footprint: Cannot match pads with new footprint in component :D41 Footprint:ONSC-SOD-523-2-502-01_V
Change Physical Footprint: Cannot match pads with new footprint in component :D42 Footprint:ONSC-SOD-523-2-502-01_V
Change Physical Footprint: Cannot match pads with new footprint in component :D43 Footprint:ONSC-SOD-523-2-502-01_V
Change Physical Footprint: Cannot match pads with new footprint in component :D44 Footprint:ONSC-SOD-523-2-502-01_V
Change Physical Footprint: Cannot match pads with new footprint in component :D45 Footprint:ONSC-SOD-523-2-502-01_V
Change Physical Footprint: Cannot match pads with new footprint in component :F1 Footprint:FP-1812L-MFG
Change Physical Footprint: Cannot match pads with new footprint in component :F2 Footprint:FP-473-0
Change Physical Footprint: Cannot match pads with new footprint in component :FB1 Footprint:FP-BLM21-0_2-t0_85-e0_5-IPC_A
Change Physical Footprint: Cannot match pads with new footprint in component :J1 Footprint:PHOE-1729128-2_V
Change Physical Footprint: Cannot match pads with new footprint in component :J2 Footprint:PHOE-1729128-2_V
Change Physical Footprint: Cannot match pads with new footprint in component :J3 Footprint:PHOE-1729128-2_V
Change Physical Footprint: Cannot match pads with new footprint in component :J4 Footprint:PHOE-1729128-2_V
Change Physical Footprint: Cannot match pads with new footprint in component :J5 Footprint:PHOE-1729128-2_V
Change Physical Footprint: Cannot match pads with new footprint in component :J6 Footprint:PHOE-1729128-2_V
Change Physical Footprint: Cannot match pads with new footprint in component :J7 Footprint:PHOE-1729128-2_V
Change Physical Footprint: Cannot match pads with new footprint in component :J8 Footprint:PHOE-1729128-2_V
Change Physical Footprint: Cannot match pads with new footprint in component :J9 Footprint:PHOE-1729128-2_V
Change Physical Footprint: Cannot match pads with new footprint in component :J10 Footprint:PHOE-1729128-2_V
Change Physical Footprint: Cannot match pads with new footprint in component :J11 Footprint:PHOE-1729128-2_V
Change Physical Footprint: Cannot match pads with new footprint in component :J12 Footprint:PHOE-1729128-2_V
Change Physical Footprint: Cannot match pads with new footprint in component :J13 Footprint:PHOE-1729128-2_V
Change Physical Footprint: Cannot match pads with new footprint in component :J14 Footprint:PHOE-1729128-2_V
Change Physical Footprint: Cannot match pads with new footprint in component :J15 Footprint:PHOE-1729128-2_V
Change Physical Footprint: Cannot match pads with new footprint in component :J16 Footprint:PHOE-1729128-2_V
Change Physical Footprint: Cannot match pads with new footprint in component :J17 Footprint:PHOE-1729128-2_V
Change Physical Footprint: Cannot match pads with new footprint in component :J18 Footprint:PHOE-1729128-2_V
Change Physical Footprint: Cannot match pads with new footprint in component :J19 Footprint:PHOE-1729128-2_V
Change Physical Footprint: Cannot match pads with new footprint in component :J20 Footprint:PHOE-1729128-2_V
Change Physical Footprint: Cannot match pads with new footprint in component :J21 Footprint:PHOE-1729128-2_V
Change Physical Footprint: Cannot match pads with new footprint in component :J22 Footprint:PHOE-1729128-2_V
Change Physical Footprint: Cannot match pads with new footprint in component :J23 Footprint:PHOE-1729128-2_V
Change Physical Footprint: Cannot match pads with new footprint in component :J24 Footprint:PHOE-1729128-2_V
Change Physical Footprint: Cannot match pads with new footprint in component :J25 Footprint:PHOE-1729128-2_V
Change Physical Footprint: Cannot match pads with new footprint in component :J26 Footprint:PHOE-1729128-2_V
Change Physical Footprint: Designator=J27 Old Footprint=PHOENIX_1727023 New Footprint=PHOENIX_1727023
Change Physical Footprint: Designator=J28 Old Footprint=PHOENIX_1727023 New Footprint=PHOENIX_1727023
Change Physical Footprint: Designator=J29 Old Footprint=PHOENIX_1727023 New Footprint=PHOENIX_1727023
Change Physical Footprint: Designator=J30 Old Footprint=PHOENIX_1727023 New Footprint=PHOENIX_1727023
Change Physical Footprint: Designator=J31 Old Footprint=PHOENIX_1727023 New Footprint=PHOENIX_1727023
Change Physical Footprint: Designator=J32 Old Footprint=PHOENIX_1727023 New Footprint=PHOENIX_1727023
Change Physical Footprint: Cannot match pads with new footprint in component :J33 Footprint:FP-U_FL-R-SMT_10-MFG
Change Physical Footprint: Cannot match pads with new footprint in component :J34 Footprint:FP-U_FL-R-SMT_10-MFG
Change Physical Footprint: Cannot match pads with new footprint in component :J35 Footprint:FP-SIM8066-6-1-14-01-A-MFG
Change Physical Footprint: Cannot match pads with new footprint in component :L1 Footprint:FP-IFSC1515AH-MFG
Change Physical Footprint: Cannot match pads with new footprint in component :L2 Footprint:FP-IFSC1515AH-MFG
Change Physical Footprint: Cannot match pads with new footprint in component :L3 Footprint:FP-IFSC1515AH-MFG
Change Physical Footprint: Cannot match pads with new footprint in component :L4 Footprint:FP-LQW18AN_00-MFG
Change Physical Footprint: Cannot match pads with new footprint in component :P1 Footprint:691701340002B
Change Physical Footprint: Cannot match pads with new footprint in component :P2 Footprint:691701340002B
Change Physical Footprint: Cannot match pads with new footprint in component :P3 Footprint:61900411121
Change Physical Footprint: Cannot match pads with new footprint in component :P4 Footprint:61900411121
Change Physical Footprint: Designator=P6 Old Footprint=HDR1X3 New Footprint=HDR1X3
Change Physical Footprint: Cannot match pads with new footprint in component :Q1 Footprint:FP-SOT23-MFG
Change Physical Footprint: Cannot match pads with new footprint in component :Q2 Footprint:FP-SOT23-MFG
Change Physical Footprint: Cannot match pads with new footprint in component :Q3 Footprint:FP-SOT23-MFG
Change Physical Footprint: Cannot match pads with new footprint in component :Q4 Footprint:FP-SOT23-MFG
Change Physical Footprint: Cannot match pads with new footprint in component :Q5 Footprint:FP-SOT23-MFG
Change Physical Footprint: Cannot match pads with new footprint in component :Q6 Footprint:FP-SOT23-MFG
Change Physical Footprint: Cannot match pads with new footprint in component :Q7 Footprint:FP-SOT23-MFG
Change Physical Footprint: Cannot match pads with new footprint in component :Q8 Footprint:FP-SOT23-MFG
Change Physical Footprint: Cannot match pads with new footprint in component :Q9 Footprint:FP-SOT23-MFG
Change Physical Footprint: Cannot match pads with new footprint in component :Q10 Footprint:FP-SOT23-MFG
Change Physical Footprint: Cannot match pads with new footprint in component :Q11 Footprint:FP-SOT23-MFG
Change Physical Footprint: Cannot match pads with new footprint in component :Q12 Footprint:FP-SOT23-MFG
Change Physical Footprint: Cannot match pads with new footprint in component :Q13 Footprint:ONSC-SOT-23-3-318-08_V
Change Physical Footprint: Cannot match pads with new footprint in component :Q14 Footprint:ONSC-SOT-23-3-318-08_V
Change Physical Footprint: Cannot match pads with new footprint in component :Q15 Footprint:FAIR-SOT23-3_V
Change Physical Footprint: Cannot match pads with new footprint in component :Q16 Footprint:FAIR-SOT23-3_V
Change Physical Footprint: Cannot match pads with new footprint in component :Q17 Footprint:FAIR-SOT23-3_V
Change Physical Footprint: Cannot match pads with new footprint in component :Q18 Footprint:FAIR-SOT23-3_V
Change Physical Footprint: Cannot match pads with new footprint in component :Q19 Footprint:FAIR-SOT23-3_V
Change Physical Footprint: Cannot match pads with new footprint in component :Q20 Footprint:FAIR-SOT23-3_V
Change Physical Footprint: Cannot match pads with new footprint in component :Q21 Footprint:FAIR-SOT23-3_V
Change Physical Footprint: Cannot match pads with new footprint in component :Q22 Footprint:FAIR-SOT23-3_V
Change Physical Footprint: Cannot match pads with new footprint in component :Q23 Footprint:FAIR-SOT23-3_V
Change Physical Footprint: Cannot match pads with new footprint in component :Q24 Footprint:FAIR-SOT23-3_V
Change Physical Footprint: Cannot match pads with new footprint in component :R1 Footprint:FP-CRGCQ0603-IPC_C
Change Physical Footprint: Cannot match pads with new footprint in component :R2 Footprint:RESC2013X50X30NL20T20
Change Physical Footprint: Cannot match pads with new footprint in component :R3 Footprint:FP-RC0805-0_6-IPC_C
Change Physical Footprint: Cannot match pads with new footprint in component :R4 Footprint:FP-CRCW0805-HPe3-MFG
Change Physical Footprint: Cannot match pads with new footprint in component :R5 Footprint:FP-CR0805-IPC_C
Change Physical Footprint: Cannot match pads with new footprint in component :R6 Footprint:FP-CRGCQ0603-IPC_C
Change Physical Footprint: Cannot match pads with new footprint in component :R7 Footprint:FP-CRCW0603-e3-IPC_A
Change Physical Footprint: Cannot match pads with new footprint in component :R8 Footprint:FP-CRCW0603-Pe3-IPC_B
Change Physical Footprint: Cannot match pads with new footprint in component :R9 Footprint:FP-CRCW0603-e3-IPC_A
Change Physical Footprint: Cannot match pads with new footprint in component :R10 Footprint:FP-CRCW0603-Pe3-IPC_B
Change Physical Footprint: Cannot match pads with new footprint in component :R11 Footprint:FP-CRCW0603-e3-IPC_A
Change Physical Footprint: Cannot match pads with new footprint in component :R12 Footprint:FP-CRGCQ0603-IPC_C
Change Physical Footprint: Cannot match pads with new footprint in component :R13 Footprint:FP-CRCW0603-e3-IPC_A
Change Physical Footprint: Cannot match pads with new footprint in component :R14 Footprint:FP-CRGCQ0603-IPC_C
Change Physical Footprint: Cannot match pads with new footprint in component :R15 Footprint:FP-CRCW0603-e3-IPC_A
Change Physical Footprint: Cannot match pads with new footprint in component :R16 Footprint:FP-CRCW0603-Pe3-IPC_B
Change Physical Footprint: Cannot match pads with new footprint in component :R17 Footprint:FP-CRCW0603-e3-IPC_A
Change Physical Footprint: Cannot match pads with new footprint in component :R18 Footprint:FP-CRGCQ0603-IPC_C
Change Physical Footprint: Cannot match pads with new footprint in component :R19 Footprint:FP-CRCW0603-e3-IPC_A
Change Physical Footprint: Cannot match pads with new footprint in component :R20 Footprint:RESC1608X55X25LL10T15
Change Physical Footprint: Cannot match pads with new footprint in component :R21 Footprint:FP-CRCW0603-e3-IPC_A
Change Physical Footprint: Cannot match pads with new footprint in component :R22 Footprint:FP-RC0603-0_55-IPC_C
Change Physical Footprint: Cannot match pads with new footprint in component :R23 Footprint:FP-CRCW0603-e3-IPC_A
Change Physical Footprint: Cannot match pads with new footprint in component :R24 Footprint:RESC1608X55X25LL10T15
Change Physical Footprint: Cannot match pads with new footprint in component :R25 Footprint:FP-CRCW0603-e3-IPC_A
Change Physical Footprint: Cannot match pads with new footprint in component :R26 Footprint:FP-RC0603-0_55-IPC_C
Change Physical Footprint: Cannot match pads with new footprint in component :R27 Footprint:FP-CRCW0603-e3-IPC_A
Change Physical Footprint: Cannot match pads with new footprint in component :R28 Footprint:RESC1608X55X25LL10T15
Change Physical Footprint: Cannot match pads with new footprint in component :R29 Footprint:FP-CRCW0603-e3-IPC_A
Change Physical Footprint: Cannot match pads with new footprint in component :R30 Footprint:FP-RC0603-0_55-IPC_C
Change Physical Footprint: Cannot match pads with new footprint in component :R31 Footprint:FP-CRCW0603-e3-IPC_A
Change Physical Footprint: Cannot match pads with new footprint in component :R32 Footprint:RESC1608X55X25LL10T15
Change Physical Footprint: Cannot match pads with new footprint in component :R33 Footprint:FP-CRCW0603-e3-IPC_A
Change Physical Footprint: Cannot match pads with new footprint in component :R34 Footprint:FP-RC0603-0_55-IPC_C
Change Physical Footprint: Cannot match pads with new footprint in component :R35 Footprint:FP-CRCW0603-e3-IPC_A
Change Physical Footprint: Cannot match pads with new footprint in component :R36 Footprint:RESC1608X55X25LL10T15
Change Physical Footprint: Cannot match pads with new footprint in component :R37 Footprint:FP-CRCW0603-e3-IPC_A
Change Physical Footprint: Cannot match pads with new footprint in component :R38 Footprint:FP-RC0603-0_55-IPC_C
Change Physical Footprint: Cannot match pads with new footprint in component :R39 Footprint:FP-CRCW0603-e3-IPC_A
Change Physical Footprint: Cannot match pads with new footprint in component :R40 Footprint:RESC1608X55X25LL10T15
Change Physical Footprint: Cannot match pads with new footprint in component :R41 Footprint:FP-CRCW0603-e3-IPC_A
Change Physical Footprint: Cannot match pads with new footprint in component :R42 Footprint:FP-RC0603-0_55-IPC_C
Change Physical Footprint: Cannot match pads with new footprint in component :R43 Footprint:FP-CRCW0603-e3-IPC_A
Change Physical Footprint: Cannot match pads with new footprint in component :R44 Footprint:RESC1608X55X25LL10T15
Change Physical Footprint: Cannot match pads with new footprint in component :R45 Footprint:FP-CRCW0603-e3-IPC_A
Change Physical Footprint: Cannot match pads with new footprint in component :R46 Footprint:FP-RC0603-0_55-IPC_C
Change Physical Footprint: Cannot match pads with new footprint in component :R47 Footprint:FP-CRCW0603-e3-IPC_A
Change Physical Footprint: Cannot match pads with new footprint in component :R48 Footprint:RESC1608X55X25LL10T15
Change Physical Footprint: Cannot match pads with new footprint in component :R49 Footprint:FP-CRCW0603-e3-IPC_A
Change Physical Footprint: Cannot match pads with new footprint in component :R50 Footprint:FP-RC0603-0_55-IPC_C
Change Physical Footprint: Cannot match pads with new footprint in component :R51 Footprint:FP-CRCW0603-e3-IPC_A
Change Physical Footprint: Cannot match pads with new footprint in component :R52 Footprint:RESC1608X55X25LL10T15
Change Physical Footprint: Cannot match pads with new footprint in component :R53 Footprint:FP-CRCW0603-e3-IPC_A
Change Physical Footprint: Cannot match pads with new footprint in component :R54 Footprint:FP-RC0603-0_55-IPC_C
Change Physical Footprint: Cannot match pads with new footprint in component :R55 Footprint:FP-CRCW0603-e3-IPC_A
Change Physical Footprint: Cannot match pads with new footprint in component :R56 Footprint:RESC1608X55X25LL10T15
Change Physical Footprint: Cannot match pads with new footprint in component :R57 Footprint:FP-CRCW0603-e3-IPC_A
Change Physical Footprint: Cannot match pads with new footprint in component :R58 Footprint:FP-RC0603-0_55-IPC_C
Change Physical Footprint: Cannot match pads with new footprint in component :R59 Footprint:FP-CRCW0603-e3-IPC_A
Change Physical Footprint: Cannot match pads with new footprint in component :R60 Footprint:RESC1608X55X25LL10T15
Change Physical Footprint: Cannot match pads with new footprint in component :R61 Footprint:FP-CRCW0603-e3-IPC_A
Change Physical Footprint: Cannot match pads with new footprint in component :R62 Footprint:FP-RC0603-0_55-IPC_C
Change Physical Footprint: Cannot match pads with new footprint in component :R63 Footprint:FP-CRCW0603-e3-IPC_A
Change Physical Footprint: Cannot match pads with new footprint in component :R64 Footprint:RESC1608X55X25LL10T15
Change Physical Footprint: Cannot match pads with new footprint in component :R65 Footprint:FP-CRCW0603-e3-IPC_A
Change Physical Footprint: Cannot match pads with new footprint in component :R66 Footprint:FP-RC0603-0_55-IPC_C
Change Physical Footprint: Cannot match pads with new footprint in component :R67 Footprint:FP-CRCW0603-e3-IPC_A
Change Physical Footprint: Cannot match pads with new footprint in component :R68 Footprint:RESC1608X55X25LL10T15
Change Physical Footprint: Cannot match pads with new footprint in component :R69 Footprint:FP-CRCW0603-e3-IPC_A
Change Physical Footprint: Cannot match pads with new footprint in component :R70 Footprint:FP-RC0603-0_55-IPC_C
Change Physical Footprint: Cannot match pads with new footprint in component :R71 Footprint:FP-CRCW0603-e3-IPC_A
Change Physical Footprint: Cannot match pads with new footprint in component :R72 Footprint:RESC1608X55X25LL10T15
Change Physical Footprint: Cannot match pads with new footprint in component :R73 Footprint:FP-CRCW0603-e3-IPC_A
Change Physical Footprint: Cannot match pads with new footprint in component :R74 Footprint:FP-RC0603-0_55-IPC_C
Change Physical Footprint: Cannot match pads with new footprint in component :R75 Footprint:FP-CRCW0603-e3-IPC_A
Change Physical Footprint: Cannot match pads with new footprint in component :R76 Footprint:RESC1608X55X25LL10T15
Change Physical Footprint: Cannot match pads with new footprint in component :R77 Footprint:FP-CRCW0603-e3-IPC_A
Change Physical Footprint: Cannot match pads with new footprint in component :R78 Footprint:FP-RC0603-0_55-IPC_C
Change Physical Footprint: Cannot match pads with new footprint in component :R79 Footprint:FP-CRCW0603-e3-IPC_A
Change Physical Footprint: Cannot match pads with new footprint in component :R80 Footprint:RESC1608X55X25LL10T15
Change Physical Footprint: Cannot match pads with new footprint in component :R81 Footprint:FP-CRCW0603-e3-IPC_A
Change Physical Footprint: Cannot match pads with new footprint in component :R82 Footprint:FP-RC0603-0_55-IPC_C
Change Physical Footprint: Cannot match pads with new footprint in component :R83 Footprint:FP-CRCW0603-e3-IPC_A
Change Physical Footprint: Cannot match pads with new footprint in component :R84 Footprint:RESC1608X55X25LL10T15
Change Physical Footprint: Cannot match pads with new footprint in component :R85 Footprint:FP-CRCW0603-e3-IPC_A
Change Physical Footprint: Cannot match pads with new footprint in component :R86 Footprint:FP-RC0603-0_55-IPC_C
Change Physical Footprint: Cannot match pads with new footprint in component :R87 Footprint:FP-CRCW0603-e3-IPC_A
Change Physical Footprint: Cannot match pads with new footprint in component :R88 Footprint:RESC1608X55X25LL10T15
Change Physical Footprint: Cannot match pads with new footprint in component :R89 Footprint:FP-CRCW0603-e3-IPC_A
Change Physical Footprint: Cannot match pads with new footprint in component :R90 Footprint:FP-RC0603-0_55-IPC_C
Change Physical Footprint: Cannot match pads with new footprint in component :R91 Footprint:FP-CRCW0603-e3-IPC_C
Change Physical Footprint: Cannot match pads with new footprint in component :R92 Footprint:FP-CRCW0603-e3-IPC_C
Change Physical Footprint: Cannot match pads with new footprint in component :R93 Footprint:FP-CRCW0603-e3-IPC_C
Change Physical Footprint: Cannot match pads with new footprint in component :R94 Footprint:FP-CRCW0603-e3-IPC_C
Change Physical Footprint: Cannot match pads with new footprint in component :R95 Footprint:RESC1608X55X30LL15T15
Change Physical Footprint: Cannot match pads with new footprint in component :R96 Footprint:RESC2013X60X35LL10T20
Change Physical Footprint: Cannot match pads with new footprint in component :R97 Footprint:RESC1608X55X30LL15T15
Change Physical Footprint: Cannot match pads with new footprint in component :R98 Footprint:RESC2013X60X35LL10T20
Change Physical Footprint: Cannot match pads with new footprint in component :R99 Footprint:RESC2013X50X30ML20T20
Change Physical Footprint: Cannot match pads with new footprint in component :R100 Footprint:RESC2013X50X30ML20T20
Change Physical Footprint: Cannot match pads with new footprint in component :R101 Footprint:FP-CRCW0603-e3-IPC_C
Change Physical Footprint: Cannot match pads with new footprint in component :R102 Footprint:FP-CRCW0603-e3-IPC_C
Change Physical Footprint: Cannot match pads with new footprint in component :R103 Footprint:FP-CRCW0603-e3-IPC_C
Change Physical Footprint: Cannot match pads with new footprint in component :R104 Footprint:FP-CRCW0603-e3-IPC_C
Change Physical Footprint: Cannot match pads with new footprint in component :R105 Footprint:RESC1608X55X30LL15T15
Change Physical Footprint: Cannot match pads with new footprint in component :R106 Footprint:RESC2013X60X35LL10T20
Change Physical Footprint: Cannot match pads with new footprint in component :R107 Footprint:RESC1608X55X30LL15T15
Change Physical Footprint: Cannot match pads with new footprint in component :R108 Footprint:RESC2013X60X35LL10T20
Change Physical Footprint: Cannot match pads with new footprint in component :R109 Footprint:RESC2013X50X30ML20T20
Change Physical Footprint: Cannot match pads with new footprint in component :R110 Footprint:RESC2013X50X30ML20T20
Change Physical Footprint: Cannot match pads with new footprint in component :R111 Footprint:FP-CRCW0603-e3-IPC_C
Change Physical Footprint: Cannot match pads with new footprint in component :R112 Footprint:FP-CRCW0603-e3-IPC_C
Change Physical Footprint: Cannot match pads with new footprint in component :R113 Footprint:FP-CRCW0603-e3-IPC_C
Change Physical Footprint: Cannot match pads with new footprint in component :R114 Footprint:FP-CRCW0603-e3-IPC_C
Change Physical Footprint: Cannot match pads with new footprint in component :R115 Footprint:RESC1608X55X30LL15T15
Change Physical Footprint: Cannot match pads with new footprint in component :R116 Footprint:RESC2013X60X35LL10T20
Change Physical Footprint: Cannot match pads with new footprint in component :R117 Footprint:RESC1608X55X30LL15T15
Change Physical Footprint: Cannot match pads with new footprint in component :R118 Footprint:RESC2013X60X35LL10T20
Change Physical Footprint: Cannot match pads with new footprint in component :R119 Footprint:RESC2013X50X30ML20T20
Change Physical Footprint: Cannot match pads with new footprint in component :R120 Footprint:RESC2013X50X30ML20T20
Change Physical Footprint: Cannot match pads with new footprint in component :R121 Footprint:FP-CRCW0603-e3-IPC_C
Change Physical Footprint: Cannot match pads with new footprint in component :R122 Footprint:FP-CRCW0603-e3-IPC_C
Change Physical Footprint: Cannot match pads with new footprint in component :R123 Footprint:FP-CRCW0603-e3-IPC_C
Change Physical Footprint: Cannot match pads with new footprint in component :R124 Footprint:FP-CRCW0603-e3-IPC_C
Change Physical Footprint: Cannot match pads with new footprint in component :R125 Footprint:RESC1608X55X30LL15T15
Change Physical Footprint: Cannot match pads with new footprint in component :R126 Footprint:RESC2013X60X35LL10T20
Change Physical Footprint: Cannot match pads with new footprint in component :R127 Footprint:RESC1608X55X30LL15T15
Change Physical Footprint: Cannot match pads with new footprint in component :R128 Footprint:RESC2013X60X35LL10T20
Change Physical Footprint: Cannot match pads with new footprint in component :R129 Footprint:RESC2013X50X30ML20T20
Change Physical Footprint: Cannot match pads with new footprint in component :R130 Footprint:RESC2013X50X30ML20T20
Change Physical Footprint: Cannot match pads with new footprint in component :R131 Footprint:FP-CRCW0603-e3-IPC_C
Change Physical Footprint: Cannot match pads with new footprint in component :R132 Footprint:FP-CRCW0603-e3-IPC_C
Change Physical Footprint: Cannot match pads with new footprint in component :R133 Footprint:FP-CRCW0603-e3-IPC_C
Change Physical Footprint: Cannot match pads with new footprint in component :R134 Footprint:FP-CRCW0603-e3-IPC_C
Change Physical Footprint: Cannot match pads with new footprint in component :R135 Footprint:RESC1608X55X30LL15T15
Change Physical Footprint: Cannot match pads with new footprint in component :R136 Footprint:RESC2013X60X35LL10T20
Change Physical Footprint: Cannot match pads with new footprint in component :R137 Footprint:RESC1608X55X30LL15T15
Change Physical Footprint: Cannot match pads with new footprint in component :R138 Footprint:RESC2013X60X35LL10T20
Change Physical Footprint: Cannot match pads with new footprint in component :R139 Footprint:RESC2013X50X30ML20T20
Change Physical Footprint: Cannot match pads with new footprint in component :R140 Footprint:RESC2013X50X30ML20T20
Change Physical Footprint: Cannot match pads with new footprint in component :R141 Footprint:FP-CRCW0603-e3-IPC_C
Change Physical Footprint: Cannot match pads with new footprint in component :R142 Footprint:FP-CRCW0603-e3-IPC_C
Change Physical Footprint: Cannot match pads with new footprint in component :R143 Footprint:FP-CRCW0603-e3-IPC_C
Change Physical Footprint: Cannot match pads with new footprint in component :R144 Footprint:FP-CRCW0603-e3-IPC_C
Change Physical Footprint: Cannot match pads with new footprint in component :R145 Footprint:RESC1608X55X30LL15T15
Change Physical Footprint: Cannot match pads with new footprint in component :R146 Footprint:RESC2013X60X35LL10T20
Change Physical Footprint: Cannot match pads with new footprint in component :R147 Footprint:RESC1608X55X30LL15T15
Change Physical Footprint: Cannot match pads with new footprint in component :R148 Footprint:RESC2013X60X35LL10T20
Change Physical Footprint: Cannot match pads with new footprint in component :R149 Footprint:RESC2013X50X30ML20T20
Change Physical Footprint: Cannot match pads with new footprint in component :R150 Footprint:RESC2013X50X30ML20T20
Change Physical Footprint: Cannot match pads with new footprint in component :R151 Footprint:FP-RC0603-0_55-MFG
Change Physical Footprint: Cannot match pads with new footprint in component :R152 Footprint:FP-RC0603-0_55-MFG
Change Physical Footprint: Cannot match pads with new footprint in component :R153 Footprint:FP-CRCW0603-e3-IPC_A
Change Physical Footprint: Cannot match pads with new footprint in component :R154 Footprint:FP-CRCW0603-e3-IPC_A
Change Physical Footprint: Cannot match pads with new footprint in component :R155 Footprint:FP-RT0603-MFG
Change Physical Footprint: Cannot match pads with new footprint in component :R156 Footprint:FP-RT0603-MFG
Change Physical Footprint: Cannot match pads with new footprint in component :R157 Footprint:FP-CRCW0603-e3-IPC_B
Change Physical Footprint: Cannot match pads with new footprint in component :R158 Footprint:FP-CRCW0603-e3-IPC_B
Change Physical Footprint: Cannot match pads with new footprint in component :R159 Footprint:FP-3296Y-MFG
Change Physical Footprint: Cannot match pads with new footprint in component :R160 Footprint:FP-3296Y-MFG
Change Physical Footprint: Cannot match pads with new footprint in component :R161 Footprint:FP-CRCW0603-HPe3-IPC_B
Change Physical Footprint: Cannot match pads with new footprint in component :R162 Footprint:FP-CRCW0603-HPe3-IPC_B
Change Physical Footprint: Cannot match pads with new footprint in component :R163 Footprint:FP-RC0603-0_55-MFG
Change Physical Footprint: Cannot match pads with new footprint in component :R164 Footprint:FP-RC0603-0_55-MFG
Change Physical Footprint: Cannot match pads with new footprint in component :R165 Footprint:FP-CRCW0603-e3-IPC_A
Change Physical Footprint: Cannot match pads with new footprint in component :R166 Footprint:FP-CRCW0603-e3-IPC_A
Change Physical Footprint: Cannot match pads with new footprint in component :R167 Footprint:FP-RT0603-MFG
Change Physical Footprint: Cannot match pads with new footprint in component :R168 Footprint:FP-RT0603-MFG
Change Physical Footprint: Cannot match pads with new footprint in component :R169 Footprint:FP-CRCW0603-e3-IPC_B
Change Physical Footprint: Cannot match pads with new footprint in component :R170 Footprint:FP-3296Y-MFG
Change Physical Footprint: Cannot match pads with new footprint in component :R171 Footprint:FP-CRCW0603-e3-IPC_B
Change Physical Footprint: Cannot match pads with new footprint in component :R172 Footprint:FP-3296Y-MFG
Change Physical Footprint: Cannot match pads with new footprint in component :R173 Footprint:FP-CRCW0603-HPe3-IPC_B
Change Physical Footprint: Cannot match pads with new footprint in component :R174 Footprint:FP-CRCW0603-HPe3-IPC_B
Change Physical Footprint: Cannot match pads with new footprint in component :R175 Footprint:FP-TNPW1206-e3-MFG
Change Physical Footprint: Cannot match pads with new footprint in component :R176 Footprint:FP-TNPW1206-e3-MFG
Change Physical Footprint: Cannot match pads with new footprint in component :R177 Footprint:RESC2013X50X30NL20T20
Change Physical Footprint: Cannot match pads with new footprint in component :R178 Footprint:RESC2013X50X30NL20T20
Change Physical Footprint: Cannot match pads with new footprint in component :R179 Footprint:RESC2013X50X30NL20T20
Change Physical Footprint: Cannot match pads with new footprint in component :R180 Footprint:RESC1609X50X30NL8T20
Change Physical Footprint: Cannot match pads with new footprint in component :R181 Footprint:RESC1609X50X30NL8T20
Change Physical Footprint: Cannot match pads with new footprint in component :R182 Footprint:RESC1609X50X30NL8T20
Change Physical Footprint: Cannot match pads with new footprint in component :R183 Footprint:RESC1609X50X30NL8T20
Change Physical Footprint: Cannot match pads with new footprint in component :R184 Footprint:RESC1609X50X30NL8T20
Change Physical Footprint: Cannot match pads with new footprint in component :R185 Footprint:RESC1609X50X30NL8T20
Change Physical Footprint: Cannot match pads with new footprint in component :R186 Footprint:RESC1609X50X30NL8T20
Change Physical Footprint: Cannot match pads with new footprint in component :R187 Footprint:RESC1609X50X30NL8T20
Change Physical Footprint: Cannot match pads with new footprint in component :R188 Footprint:RESC2013X50X30NL20T20
Change Physical Footprint: Cannot match pads with new footprint in component :R189 Footprint:RESC2013X50X30NL20T20
Change Physical Footprint: Cannot match pads with new footprint in component :R190 Footprint:RESC2013X50X30NL20T20
Change Physical Footprint: Cannot match pads with new footprint in component :R191 Footprint:RESC2013X60X35ML10T20
Change Physical Footprint: Cannot match pads with new footprint in component :R192 Footprint:FP-CRCW0805-e3-MFG
Change Physical Footprint: Cannot match pads with new footprint in component :R193 Footprint:RESC2013X60X35ML10T20
Change Physical Footprint: Cannot match pads with new footprint in component :R194 Footprint:YAGO-RC0805_M
Change Physical Footprint: Cannot match pads with new footprint in component :R195 Footprint:YAGO-RC0805_M
Change Physical Footprint: Cannot match pads with new footprint in component :R196 Footprint:YAGO-RC0805_M
Change Physical Footprint: Cannot match pads with new footprint in component :R197 Footprint:YAGO-RC0805_M
Change Physical Footprint: Cannot match pads with new footprint in component :R199 Footprint:FP-CRG0805-IPC_A
Change Physical Footprint: Cannot match pads with new footprint in component :R200 Footprint:FP-CRG0805-IPC_A
Change Physical Footprint: Cannot match pads with new footprint in component :R201 Footprint:RESC2013X60X35NL10T20
Change Physical Footprint: Cannot match pads with new footprint in component :R202 Footprint:FP-CRCW0805-e3-IPC_B
Change Physical Footprint: Cannot match pads with new footprint in component :R203 Footprint:FP-CRCW0805-e3-IPC_B
Change Physical Footprint: Cannot match pads with new footprint in component :R204 Footprint:FP-CRCW0805-e3-IPC_B
Change Physical Footprint: Cannot match pads with new footprint in component :R205 Footprint:FP-CRCW0805-e3-IPC_B
Change Physical Footprint: Cannot match pads with new footprint in component :R206 Footprint:FP-CRG0805-IPC_A
Change Physical Footprint: Cannot match pads with new footprint in component :R207 Footprint:FP-CRG0805-IPC_A
Change Physical Footprint: Cannot match pads with new footprint in component :R208 Footprint:RESC2013X60X35NL10T20
Change Physical Footprint: Cannot match pads with new footprint in component :R209 Footprint:RESC2013X60X35NL10T20
Change Physical Footprint: Cannot match pads with new footprint in component :R210 Footprint:FP-CRCW0805-e3-IPC_B
Change Physical Footprint: Cannot match pads with new footprint in component :R211 Footprint:FP-CRCW0805-e3-IPC_B
Change Physical Footprint: Cannot match pads with new footprint in component :R212 Footprint:FP-CRG0805-IPC_A
Change Physical Footprint: Cannot match pads with new footprint in component :R213 Footprint:RESC2013X60X35NL10T20
Change Physical Footprint: Cannot match pads with new footprint in component :R214 Footprint:FP-CRG0805-IPC_A
Change Physical Footprint: Cannot match pads with new footprint in component :R215 Footprint:RESC2013X60X35NL10T20
Change Physical Footprint: Cannot match pads with new footprint in component :R216 Footprint:RESC2013X60X35NL10T20
Change Physical Footprint: Cannot match pads with new footprint in component :R217 Footprint:FP-CRG0805-IPC_A
Change Physical Footprint: Cannot match pads with new footprint in component :R218 Footprint:FP-CRG0805-IPC_A
Change Physical Footprint: Cannot match pads with new footprint in component :R219 Footprint:FP-CRG0805-IPC_A
Change Physical Footprint: Cannot match pads with new footprint in component :R220 Footprint:RESC2013X60X35NL10T20
Change Physical Footprint: Cannot match pads with new footprint in component :R221 Footprint:RESC2013X60X35NL10T20
Change Physical Footprint: Cannot match pads with new footprint in component :R222 Footprint:RESC2013X60X35NL10T20
Change Physical Footprint: Cannot match pads with new footprint in component :R223 Footprint:FP-CRG0805-IPC_A
Change Physical Footprint: Cannot match pads with new footprint in component :R224 Footprint:FP-CRG0805-IPC_A
Change Physical Footprint: Cannot match pads with new footprint in component :R225 Footprint:FP-CRG0805-IPC_A
Change Physical Footprint: Cannot match pads with new footprint in component :R226 Footprint:FP-CRG0805-IPC_A
Change Physical Footprint: Cannot match pads with new footprint in component :R227 Footprint:RESC2013X60X35NL10T20
Change Physical Footprint: Cannot match pads with new footprint in component :R228 Footprint:RESC2013X60X35NL10T20
Change Physical Footprint: Cannot match pads with new footprint in component :R229 Footprint:RESC2013X60X35NL10T20
Change Physical Footprint: Cannot match pads with new footprint in component :R230 Footprint:FP-CRG0805-IPC_A
Change Physical Footprint: Cannot match pads with new footprint in component :R231 Footprint:RESC2013X60X35NL10T20
Change Physical Footprint: Cannot match pads with new footprint in component :R232 Footprint:RESC2013X50X30NL20T20
Change Physical Footprint: Cannot match pads with new footprint in component :R278 Footprint:FP-CRCW0603-e3-IPC_A
Change Physical Footprint: Cannot match pads with new footprint in component :R279 Footprint:FP-CRCW0603-e3-IPC_A
Change Physical Footprint: Cannot match pads with new footprint in component :R280 Footprint:FP-CRCW0603-e3-IPC_A
Change Physical Footprint: Cannot match pads with new footprint in component :SW4 Footprint:FP-EVP-BB2A9B000-MFG
Change Physical Footprint: Cannot match pads with new footprint in component :U1 Footprint:FP-C04-012-MFG
Change Physical Footprint: Cannot match pads with new footprint in component :U2 Footprint:FP-DBV0005A-IPC_C
Change Physical Footprint: Cannot match pads with new footprint in component :U3 Footprint:FP-DDC0006A-MFG
Change Physical Footprint: Cannot match pads with new footprint in component :U4 Footprint:FP-DDC0006A-MFG
Change Physical Footprint: Cannot match pads with new footprint in component :U5 Footprint:FP-DDC0006A-MFG
Change Physical Footprint: Designator=U6 Old Footprint=SOIC254P1030X460-6N New Footprint=SOIC254P1030X460-6N
Change Physical Footprint: Designator=U7 Old Footprint=SOIC254P1030X460-6N New Footprint=SOIC254P1030X460-6N
Change Physical Footprint: Designator=U8 Old Footprint=SOIC254P1030X460-6N New Footprint=SOIC254P1030X460-6N
Change Physical Footprint: Designator=U9 Old Footprint=SOIC254P1030X460-6N New Footprint=SOIC254P1030X460-6N
Change Physical Footprint: Designator=U10 Old Footprint=SOIC254P1030X460-6N New Footprint=SOIC254P1030X460-6N
Change Physical Footprint: Designator=U11 Old Footprint=SOIC254P1030X460-6N New Footprint=SOIC254P1030X460-6N
Change Physical Footprint: Designator=U12 Old Footprint=SOIC254P1030X460-6N New Footprint=SOIC254P1030X460-6N
Change Physical Footprint: Designator=U13 Old Footprint=SOIC254P1030X460-6N New Footprint=SOIC254P1030X460-6N
Change Physical Footprint: Designator=U14 Old Footprint=SOIC254P1030X460-6N New Footprint=SOIC254P1030X460-6N
Change Physical Footprint: Designator=U15 Old Footprint=SOIC254P1030X460-6N New Footprint=SOIC254P1030X460-6N
Change Physical Footprint: Designator=U16 Old Footprint=SOIC254P1030X460-6N New Footprint=SOIC254P1030X460-6N
Change Physical Footprint: Designator=U17 Old Footprint=SOIC254P1030X460-6N New Footprint=SOIC254P1030X460-6N
Change Physical Footprint: Designator=U18 Old Footprint=SOIC254P1030X460-6N New Footprint=SOIC254P1030X460-6N
Change Physical Footprint: Designator=U19 Old Footprint=SOIC254P1030X460-6N New Footprint=SOIC254P1030X460-6N
Change Physical Footprint: Designator=U20 Old Footprint=SOIC254P1030X460-6N New Footprint=SOIC254P1030X460-6N
Change Physical Footprint: Designator=U21 Old Footprint=SOIC254P1030X460-6N New Footprint=SOIC254P1030X460-6N
Change Physical Footprint: Designator=U22 Old Footprint=SOIC254P1030X460-6N New Footprint=SOIC254P1030X460-6N
Change Physical Footprint: Designator=U23 Old Footprint=SOIC254P1030X460-6N New Footprint=SOIC254P1030X460-6N
Change Physical Footprint: Designator=U24 Old Footprint=SOIC254P960X420-4N New Footprint=SOIC254P960X420-4N
Change Physical Footprint: Designator=U25 Old Footprint=SOIC254P960X420-4N New Footprint=SOIC254P960X420-4N
Change Physical Footprint: Designator=U26 Old Footprint=SOIC254P960X420-4N New Footprint=SOIC254P960X420-4N
Change Physical Footprint: Designator=U27 Old Footprint=SOIC254P960X420-4N New Footprint=SOIC254P960X420-4N
Change Physical Footprint: Designator=U28 Old Footprint=SOIC254P960X420-4N New Footprint=SOIC254P960X420-4N
Change Physical Footprint: Designator=U29 Old Footprint=SOIC254P960X420-4N New Footprint=SOIC254P960X420-4N
Change Physical Footprint: Designator=U30 Old Footprint=SOIC254P960X420-4N New Footprint=SOIC254P960X420-4N
Change Physical Footprint: Designator=U31 Old Footprint=SOIC254P960X420-4N New Footprint=SOIC254P960X420-4N
Change Physical Footprint: Designator=U32 Old Footprint=SOIC254P960X420-4N New Footprint=SOIC254P960X420-4N
Change Physical Footprint: Designator=U33 Old Footprint=SOIC254P960X420-4N New Footprint=SOIC254P960X420-4N
Change Physical Footprint: Designator=U34 Old Footprint=SOIC254P960X420-4N New Footprint=SOIC254P960X420-4N
Change Physical Footprint: Designator=U35 Old Footprint=SOIC254P960X420-4N New Footprint=SOIC254P960X420-4N
Change Physical Footprint: Cannot match pads with new footprint in component :U36 Footprint:FP-D0008A-MFG
Change Physical Footprint: Cannot match pads with new footprint in component :U37 Footprint:FP-D0008A-MFG
Change Physical Footprint: Cannot match pads with new footprint in component :U38 Footprint:FP-D0008A-MFG
Change Physical Footprint: Cannot match pads with new footprint in component :U39 Footprint:FP-D0008A-MFG
Change Physical Footprint: Cannot match pads with new footprint in component :U40 Footprint:FP-D0008A-MFG
Change Physical Footprint: Cannot match pads with new footprint in component :U41 Footprint:SOIC-SL14_M
Change Physical Footprint: Cannot match pads with new footprint in component :U42 Footprint:FP-DBZ0003A-IPC_B
Change Physical Footprint: Cannot match pads with new footprint in component :U43 Footprint:FP-D0008A-MFG
Change Physical Footprint: Cannot match pads with new footprint in component :U44 Footprint:SOIC-SL14_M
Change Physical Footprint: Cannot match pads with new footprint in component :U45 Footprint:FP-D0008A-MFG
Change Physical Footprint: Cannot match pads with new footprint in component :U46 Footprint:FP-DBZ0003A-IPC_B
Change Physical Footprint: Cannot match pads with new footprint in component :U47 Footprint:MAXM-T1033+1_V
Change Physical Footprint: Cannot match pads with new footprint in component :U49 Footprint:DW0016B_N
Change Physical Footprint: Cannot match pads with new footprint in component :U50 Footprint:FP-D0008A-MFG
Change Physical Footprint: Designator=U51 Old Footprint=XCVR_A7672SA_(LASE) New Footprint=XCVR_A7672SA_(LASE)
Change Physical Footprint: Cannot match pads with new footprint in component :U57 Footprint:FP-LQFP100-1L-IPC_A
