Change Physical Footprint: Designator=C37 Old Footprint=CAPC1608X87X35NL15T15 New Footprint=CAPC1608X87X35NL15T15
Change Physical Footprint: Designator=C38 Old Footprint=CAPC1608X87X35NL15T15 New Footprint=CAPC1608X87X35NL15T15
Change Physical Footprint: Designator=C39 Old Footprint=CAPC1608X87X35NL15T15 New Footprint=CAPC1608X87X35NL15T15
Change Physical Footprint: Designator=C40 Old Footprint=CAPC1608X87X35NL15T15 New Footprint=CAPC1608X87X35NL15T15
Change Physical Footprint: Designator=C41 Old Footprint=CAPC1608X87X35NL15T15 New Footprint=CAPC1608X87X35NL15T15
Change Physical Footprint: Designator=C42 Old Footprint=CAPC1608X87X35NL15T15 New Footprint=CAPC1608X87X35NL15T15
Change Physical Footprint: Designator=C43 Old Footprint=CAPC1608X87X35NL15T15 New Footprint=CAPC1608X87X35NL15T15
Change Physical Footprint: Designator=C44 Old Footprint=CAPC1608X87X35NL15T15 New Footprint=CAPC1608X87X35NL15T15
Change Physical Footprint: Designator=C45 Old Footprint=CAPC1608X87X35NL15T15 New Footprint=CAPC1608X87X35NL15T15
Change Physical Footprint: Designator=C46 Old Footprint=CAPC1608X87X35NL15T15 New Footprint=CAPC1608X87X35NL15T15
Change Physical Footprint: Designator=C47 Old Footprint=CAPC1608X87X35NL15T15 New Footprint=CAPC1608X87X35NL15T15
Change Physical Footprint: Designator=C48 Old Footprint=CAPC1608X87X35NL15T15 New Footprint=CAPC1608X87X35NL15T15
Change Physical Footprint: Designator=C49 Old Footprint=CAPC1608X87X35NL15T15 New Footprint=CAPC1608X87X35NL15T15
Change Physical Footprint: Designator=C50 Old Footprint=CAPC1608X87X35NL15T15 New Footprint=CAPC1608X87X35NL15T15
Change Physical Footprint: Designator=C51 Old Footprint=CAPC1608X87X35NL15T15 New Footprint=CAPC1608X87X35NL15T15
Change Physical Footprint: Designator=C52 Old Footprint=CAPC1608X87X35NL15T15 New Footprint=CAPC1608X87X35NL15T15
Change Physical Footprint: Designator=C53 Old Footprint=CAPC1608X87X35NL15T15 New Footprint=CAPC1608X87X35NL15T15
Change Physical Footprint: Designator=C54 Old Footprint=CAPC1608X87X35NL15T15 New Footprint=CAPC1608X87X35NL15T15
Change Physical Footprint: Designator=C55 Old Footprint=CAPC1608X90X35ML10T15 New Footprint=CAPC1608X90X35ML10T15
Change Physical Footprint: Designator=C56 Old Footprint=CAPC1608X90X35ML10T15 New Footprint=CAPC1608X90X35ML10T15
Change Physical Footprint: Designator=C57 Old Footprint=CAPC1608X90X35ML10T15 New Footprint=CAPC1608X90X35ML10T15
Change Physical Footprint: Designator=C58 Old Footprint=CAPC1608X90X35ML10T15 New Footprint=CAPC1608X90X35ML10T15
Change Physical Footprint: Designator=C59 Old Footprint=CAPC1608X90X35ML10T15 New Footprint=CAPC1608X90X35ML10T15
Change Physical Footprint: Designator=C60 Old Footprint=CAPC1608X90X35ML10T15 New Footprint=CAPC1608X90X35ML10T15
Change Physical Footprint: Designator=C61 Old Footprint=CAPC1608X90X35ML10T15 New Footprint=CAPC1608X90X35ML10T15
Change Physical Footprint: Designator=C62 Old Footprint=CAPC1608X90X35ML10T15 New Footprint=CAPC1608X90X35ML10T15
Change Physical Footprint: Designator=C63 Old Footprint=CAPC2013X135X45ML10T25 New Footprint=CAPC2013X135X45ML10T25
Change Physical Footprint: Designator=C64 Old Footprint=CAPC2013X135X45ML10T25 New Footprint=CAPC2013X135X45ML10T25
Change Physical Footprint: Designator=C65 Old Footprint=CAPC1608X92X38ML15T08 New Footprint=CAPC1608X92X38ML15T08
Change Physical Footprint: Designator=C66 Old Footprint=CAPC1608X92X38ML15T08 New Footprint=CAPC1608X92X38ML15T08
Change Physical Footprint: Designator=C67 Old Footprint=CAPC1608X92X38ML15T08 New Footprint=CAPC1608X92X38ML15T08
Change Physical Footprint: Designator=C68 Old Footprint=FP-0805-L_2_01_0_2-W_1_25-IPC_B New Footprint=FP-0805-L_2_01_0_2-W_1_25-IPC_B
Change Physical Footprint: Designator=C69 Old Footprint=CAPC1608X92X38ML15T08 New Footprint=CAPC1608X92X38ML15T08
Change Physical Footprint: Designator=C70 Old Footprint=CAPC1608X92X38ML15T08 New Footprint=CAPC1608X92X38ML15T08
Change Physical Footprint: Designator=C71 Old Footprint=CAPC1608X92X38ML15T08 New Footprint=CAPC1608X92X38ML15T08
Change Physical Footprint: Designator=D9 Old Footprint=FP-SOD123-IPC_A New Footprint=FP-SOD123-IPC_A
Change Physical Footprint: Designator=D10 Old Footprint=FP-SOD123-IPC_A New Footprint=FP-SOD123-IPC_A
Change Physical Footprint: Designator=D11 Old Footprint=FP-SMBJ-MFG New Footprint=FP-SMBJ-MFG
Change Physical Footprint: Designator=D12 Old Footprint=FP-SMBJ-MFG New Footprint=FP-SMBJ-MFG
Change Physical Footprint: Designator=D13 Old Footprint=FP-SOD123-IPC_A New Footprint=FP-SOD123-IPC_A
Change Physical Footprint: Designator=D14 Old Footprint=FP-SOD123-IPC_A New Footprint=FP-SOD123-IPC_A
Change Physical Footprint: Designator=D15 Old Footprint=FP-SMBJ-MFG New Footprint=FP-SMBJ-MFG
Change Physical Footprint: Designator=D16 Old Footprint=FP-SMBJ-MFG New Footprint=FP-SMBJ-MFG
Change Physical Footprint: Designator=D17 Old Footprint=FP-SOD123-IPC_A New Footprint=FP-SOD123-IPC_A
Change Physical Footprint: Designator=D18 Old Footprint=FP-SOD123-IPC_A New Footprint=FP-SOD123-IPC_A
Change Physical Footprint: Designator=D19 Old Footprint=FP-SMBJ-MFG New Footprint=FP-SMBJ-MFG
Change Physical Footprint: Designator=D20 Old Footprint=FP-SMBJ-MFG New Footprint=FP-SMBJ-MFG
Change Physical Footprint: Designator=D21 Old Footprint=FP-SOD123-IPC_A New Footprint=FP-SOD123-IPC_A
Change Physical Footprint: Designator=D22 Old Footprint=FP-SOD123-IPC_A New Footprint=FP-SOD123-IPC_A
Change Physical Footprint: Designator=D23 Old Footprint=FP-SMBJ-MFG New Footprint=FP-SMBJ-MFG
Change Physical Footprint: Designator=D24 Old Footprint=FP-SMBJ-MFG New Footprint=FP-SMBJ-MFG
Change Physical Footprint: Designator=D25 Old Footprint=FP-SOD123-IPC_A New Footprint=FP-SOD123-IPC_A
Change Physical Footprint: Designator=D26 Old Footprint=FP-SOD123-IPC_A New Footprint=FP-SOD123-IPC_A
Change Physical Footprint: Designator=D27 Old Footprint=FP-SMBJ-MFG New Footprint=FP-SMBJ-MFG
Change Physical Footprint: Designator=D28 Old Footprint=FP-SMBJ-MFG New Footprint=FP-SMBJ-MFG
Change Physical Footprint: Designator=D29 Old Footprint=FP-SOD123-IPC_A New Footprint=FP-SOD123-IPC_A
Change Physical Footprint: Designator=D30 Old Footprint=FP-SOD123-IPC_A New Footprint=FP-SOD123-IPC_A
Change Physical Footprint: Designator=D31 Old Footprint=FP-SMBJ-MFG New Footprint=FP-SMBJ-MFG
Change Physical Footprint: Designator=D32 Old Footprint=FP-SMBJ-MFG New Footprint=FP-SMBJ-MFG
Change Physical Footprint: Designator=J2 Old Footprint=PHOE-1729128-2_V New Footprint=PHOE-1729128-2_V
Change Physical Footprint: Designator=J3 Old Footprint=PHOE-1729128-2_V New Footprint=PHOE-1729128-2_V
Change Physical Footprint: Designator=J4 Old Footprint=PHOE-1729128-2_V New Footprint=PHOE-1729128-2_V
Change Physical Footprint: Designator=J5 Old Footprint=PHOE-1729128-2_V New Footprint=PHOE-1729128-2_V
Change Physical Footprint: Designator=J6 Old Footprint=PHOE-1729128-2_V New Footprint=PHOE-1729128-2_V
Change Physical Footprint: Designator=J7 Old Footprint=PHOE-1729128-2_V New Footprint=PHOE-1729128-2_V
Change Physical Footprint: Designator=J8 Old Footprint=PHOE-1729128-2_V New Footprint=PHOE-1729128-2_V
Change Physical Footprint: Designator=J9 Old Footprint=PHOE-1729128-2_V New Footprint=PHOE-1729128-2_V
Change Physical Footprint: Designator=J10 Old Footprint=PHOE-1729128-2_V New Footprint=PHOE-1729128-2_V
Change Physical Footprint: Designator=J11 Old Footprint=PHOE-1729128-2_V New Footprint=PHOE-1729128-2_V
Change Physical Footprint: Designator=J12 Old Footprint=PHOE-1729128-2_V New Footprint=PHOE-1729128-2_V
Change Physical Footprint: Designator=J13 Old Footprint=PHOE-1729128-2_V New Footprint=PHOE-1729128-2_V
Change Physical Footprint: Designator=J14 Old Footprint=PHOE-1729128-2_V New Footprint=PHOE-1729128-2_V
Change Physical Footprint: Designator=J15 Old Footprint=PHOE-1729128-2_V New Footprint=PHOE-1729128-2_V
Change Physical Footprint: Designator=J16 Old Footprint=PHOE-1729128-2_V New Footprint=PHOE-1729128-2_V
Change Physical Footprint: Designator=J17 Old Footprint=PHOE-1729128-2_V New Footprint=PHOE-1729128-2_V
Change Physical Footprint: Designator=J18 Old Footprint=PHOE-1729128-2_V New Footprint=PHOE-1729128-2_V
Change Physical Footprint: Designator=J19 Old Footprint=PHOE-1729128-2_V New Footprint=PHOE-1729128-2_V
Change Physical Footprint: Designator=J20 Old Footprint=PHOE-1729128-2_V New Footprint=PHOE-1729128-2_V
Change Physical Footprint: Designator=J21 Old Footprint=PHOE-1729128-2_V New Footprint=PHOE-1729128-2_V
Change Physical Footprint: Designator=J22 Old Footprint=PHOE-1729128-2_V New Footprint=PHOE-1729128-2_V
Change Physical Footprint: Designator=J23 Old Footprint=PHOE-1729128-2_V New Footprint=PHOE-1729128-2_V
Change Physical Footprint: Designator=J24 Old Footprint=PHOE-1729128-2_V New Footprint=PHOE-1729128-2_V
Change Physical Footprint: Designator=J25 Old Footprint=PHOE-1729128-2_V New Footprint=PHOE-1729128-2_V
Change Physical Footprint: Designator=J26 Old Footprint=PHOE-1729128-2_V New Footprint=PHOE-1729128-2_V
Change Physical Footprint: Designator=J27 Old Footprint=PHOENIX_1727023 New Footprint=PHOENIX_1727023
Change Physical Footprint: Designator=J28 Old Footprint=PHOENIX_1727023 New Footprint=PHOENIX_1727023
Change Physical Footprint: Designator=J29 Old Footprint=PHOENIX_1727023 New Footprint=PHOENIX_1727023
Change Physical Footprint: Designator=J30 Old Footprint=PHOENIX_1727023 New Footprint=PHOENIX_1727023
Change Physical Footprint: Designator=J31 Old Footprint=PHOENIX_1727023 New Footprint=PHOENIX_1727023
Change Physical Footprint: Designator=J32 Old Footprint=PHOENIX_1727023 New Footprint=PHOENIX_1727023
Change Physical Footprint: Designator=P1 Old Footprint=691701340002B New Footprint=691701340002B
Change Physical Footprint: Designator=P2 Old Footprint=691701340002B New Footprint=691701340002B
Change Physical Footprint: Designator=P5 Old Footprint=HDR2X10 New Footprint=HDR2X10
Change Physical Footprint: Designator=P7 Old Footprint=HDR1X20 New Footprint=HDR1X20
Change Physical Footprint: Designator=P8 Old Footprint=HDR1X14 New Footprint=HDR1X14
Change Physical Footprint: Designator=Q1 Old Footprint=FP-SOT23-MFG New Footprint=FP-SOT23-MFG
Change Physical Footprint: Designator=Q2 Old Footprint=FP-SOT23-MFG New Footprint=FP-SOT23-MFG
Change Physical Footprint: Designator=Q3 Old Footprint=FP-SOT23-MFG New Footprint=FP-SOT23-MFG
Change Physical Footprint: Designator=Q4 Old Footprint=FP-SOT23-MFG New Footprint=FP-SOT23-MFG
Change Physical Footprint: Designator=Q5 Old Footprint=FP-SOT23-MFG New Footprint=FP-SOT23-MFG
Change Physical Footprint: Designator=Q6 Old Footprint=FP-SOT23-MFG New Footprint=FP-SOT23-MFG
Change Physical Footprint: Designator=Q7 Old Footprint=FP-SOT23-MFG New Footprint=FP-SOT23-MFG
Change Physical Footprint: Designator=Q8 Old Footprint=FP-SOT23-MFG New Footprint=FP-SOT23-MFG
Change Physical Footprint: Designator=Q9 Old Footprint=FP-SOT23-MFG New Footprint=FP-SOT23-MFG
Change Physical Footprint: Designator=Q10 Old Footprint=FP-SOT23-MFG New Footprint=FP-SOT23-MFG
Change Physical Footprint: Designator=Q11 Old Footprint=FP-SOT23-MFG New Footprint=FP-SOT23-MFG
Change Physical Footprint: Designator=Q12 Old Footprint=FP-SOT23-MFG New Footprint=FP-SOT23-MFG
Change Physical Footprint: Designator=Q13 Old Footprint=ONSC-SOT-23-3-318-08_V New Footprint=ONSC-SOT-23-3-318-08_V
Change Physical Footprint: Designator=Q14 Old Footprint=ONSC-SOT-23-3-318-08_V New Footprint=ONSC-SOT-23-3-318-08_V
Change Physical Footprint: Designator=R19 Old Footprint=FP-CRCW0603-e3-IPC_A New Footprint=FP-CRCW0603-e3-IPC_A
Change Physical Footprint: Designator=R20 Old Footprint=RESC1608X55X25LL10T15 New Footprint=RESC1608X55X25LL10T15
Change Physical Footprint: Designator=R21 Old Footprint=FP-CRCW0603-e3-IPC_A New Footprint=FP-CRCW0603-e3-IPC_A
Change Physical Footprint: Designator=R22 Old Footprint=FP-RC0603-0_55-IPC_C New Footprint=FP-RC0603-0_55-IPC_C
Change Physical Footprint: Designator=R23 Old Footprint=FP-CRCW0603-e3-IPC_A New Footprint=FP-CRCW0603-e3-IPC_A
Change Physical Footprint: Designator=R24 Old Footprint=RESC1608X55X25LL10T15 New Footprint=RESC1608X55X25LL10T15
Change Physical Footprint: Designator=R25 Old Footprint=FP-CRCW0603-e3-IPC_A New Footprint=FP-CRCW0603-e3-IPC_A
Change Physical Footprint: Designator=R26 Old Footprint=FP-RC0603-0_55-IPC_C New Footprint=FP-RC0603-0_55-IPC_C
Change Physical Footprint: Designator=R27 Old Footprint=FP-CRCW0603-e3-IPC_A New Footprint=FP-CRCW0603-e3-IPC_A
Change Physical Footprint: Designator=R28 Old Footprint=RESC1608X55X25LL10T15 New Footprint=RESC1608X55X25LL10T15
Change Physical Footprint: Designator=R29 Old Footprint=FP-CRCW0603-e3-IPC_A New Footprint=FP-CRCW0603-e3-IPC_A
Change Physical Footprint: Designator=R30 Old Footprint=FP-RC0603-0_55-IPC_C New Footprint=FP-RC0603-0_55-IPC_C
Change Physical Footprint: Designator=R31 Old Footprint=FP-CRCW0603-e3-IPC_A New Footprint=FP-CRCW0603-e3-IPC_A
Change Physical Footprint: Designator=R32 Old Footprint=RESC1608X55X25LL10T15 New Footprint=RESC1608X55X25LL10T15
Change Physical Footprint: Designator=R33 Old Footprint=FP-CRCW0603-e3-IPC_A New Footprint=FP-CRCW0603-e3-IPC_A
Change Physical Footprint: Designator=R34 Old Footprint=FP-RC0603-0_55-IPC_C New Footprint=FP-RC0603-0_55-IPC_C
Change Physical Footprint: Designator=R35 Old Footprint=FP-CRCW0603-e3-IPC_A New Footprint=FP-CRCW0603-e3-IPC_A
Change Physical Footprint: Designator=R36 Old Footprint=RESC1608X55X25LL10T15 New Footprint=RESC1608X55X25LL10T15
Change Physical Footprint: Designator=R37 Old Footprint=FP-CRCW0603-e3-IPC_A New Footprint=FP-CRCW0603-e3-IPC_A
Change Physical Footprint: Designator=R38 Old Footprint=FP-RC0603-0_55-IPC_C New Footprint=FP-RC0603-0_55-IPC_C
Change Physical Footprint: Designator=R39 Old Footprint=FP-CRCW0603-e3-IPC_A New Footprint=FP-CRCW0603-e3-IPC_A
Change Physical Footprint: Designator=R40 Old Footprint=RESC1608X55X25LL10T15 New Footprint=RESC1608X55X25LL10T15
Change Physical Footprint: Designator=R41 Old Footprint=FP-CRCW0603-e3-IPC_A New Footprint=FP-CRCW0603-e3-IPC_A
Change Physical Footprint: Designator=R42 Old Footprint=FP-RC0603-0_55-IPC_C New Footprint=FP-RC0603-0_55-IPC_C
Change Physical Footprint: Designator=R43 Old Footprint=FP-CRCW0603-e3-IPC_A New Footprint=FP-CRCW0603-e3-IPC_A
Change Physical Footprint: Designator=R44 Old Footprint=RESC1608X55X25LL10T15 New Footprint=RESC1608X55X25LL10T15
Change Physical Footprint: Designator=R45 Old Footprint=FP-CRCW0603-e3-IPC_A New Footprint=FP-CRCW0603-e3-IPC_A
Change Physical Footprint: Designator=R46 Old Footprint=FP-RC0603-0_55-IPC_C New Footprint=FP-RC0603-0_55-IPC_C
Change Physical Footprint: Designator=R47 Old Footprint=FP-CRCW0603-e3-IPC_A New Footprint=FP-CRCW0603-e3-IPC_A
Change Physical Footprint: Designator=R48 Old Footprint=RESC1608X55X25LL10T15 New Footprint=RESC1608X55X25LL10T15
Change Physical Footprint: Designator=R49 Old Footprint=FP-CRCW0603-e3-IPC_A New Footprint=FP-CRCW0603-e3-IPC_A
Change Physical Footprint: Designator=R50 Old Footprint=FP-RC0603-0_55-IPC_C New Footprint=FP-RC0603-0_55-IPC_C
Change Physical Footprint: Designator=R51 Old Footprint=FP-CRCW0603-e3-IPC_A New Footprint=FP-CRCW0603-e3-IPC_A
Change Physical Footprint: Designator=R52 Old Footprint=RESC1608X55X25LL10T15 New Footprint=RESC1608X55X25LL10T15
Change Physical Footprint: Designator=R53 Old Footprint=FP-CRCW0603-e3-IPC_A New Footprint=FP-CRCW0603-e3-IPC_A
Change Physical Footprint: Designator=R54 Old Footprint=FP-RC0603-0_55-IPC_C New Footprint=FP-RC0603-0_55-IPC_C
Change Physical Footprint: Designator=R55 Old Footprint=FP-CRCW0603-e3-IPC_A New Footprint=FP-CRCW0603-e3-IPC_A
Change Physical Footprint: Designator=R56 Old Footprint=RESC1608X55X25LL10T15 New Footprint=RESC1608X55X25LL10T15
Change Physical Footprint: Designator=R57 Old Footprint=FP-CRCW0603-e3-IPC_A New Footprint=FP-CRCW0603-e3-IPC_A
Change Physical Footprint: Designator=R58 Old Footprint=FP-RC0603-0_55-IPC_C New Footprint=FP-RC0603-0_55-IPC_C
Change Physical Footprint: Designator=R59 Old Footprint=FP-CRCW0603-e3-IPC_A New Footprint=FP-CRCW0603-e3-IPC_A
Change Physical Footprint: Designator=R60 Old Footprint=RESC1608X55X25LL10T15 New Footprint=RESC1608X55X25LL10T15
Change Physical Footprint: Designator=R61 Old Footprint=FP-CRCW0603-e3-IPC_A New Footprint=FP-CRCW0603-e3-IPC_A
Change Physical Footprint: Designator=R62 Old Footprint=FP-RC0603-0_55-IPC_C New Footprint=FP-RC0603-0_55-IPC_C
Change Physical Footprint: Designator=R63 Old Footprint=FP-CRCW0603-e3-IPC_A New Footprint=FP-CRCW0603-e3-IPC_A
Change Physical Footprint: Designator=R64 Old Footprint=RESC1608X55X25LL10T15 New Footprint=RESC1608X55X25LL10T15
Change Physical Footprint: Designator=R65 Old Footprint=FP-CRCW0603-e3-IPC_A New Footprint=FP-CRCW0603-e3-IPC_A
Change Physical Footprint: Designator=R66 Old Footprint=FP-RC0603-0_55-IPC_C New Footprint=FP-RC0603-0_55-IPC_C
Change Physical Footprint: Designator=R67 Old Footprint=FP-CRCW0603-e3-IPC_A New Footprint=FP-CRCW0603-e3-IPC_A
Change Physical Footprint: Designator=R68 Old Footprint=RESC1608X55X25LL10T15 New Footprint=RESC1608X55X25LL10T15
Change Physical Footprint: Designator=R69 Old Footprint=FP-CRCW0603-e3-IPC_A New Footprint=FP-CRCW0603-e3-IPC_A
Change Physical Footprint: Designator=R70 Old Footprint=FP-RC0603-0_55-IPC_C New Footprint=FP-RC0603-0_55-IPC_C
Change Physical Footprint: Designator=R71 Old Footprint=FP-CRCW0603-e3-IPC_A New Footprint=FP-CRCW0603-e3-IPC_A
Change Physical Footprint: Designator=R72 Old Footprint=RESC1608X55X25LL10T15 New Footprint=RESC1608X55X25LL10T15
Change Physical Footprint: Designator=R73 Old Footprint=FP-CRCW0603-e3-IPC_A New Footprint=FP-CRCW0603-e3-IPC_A
Change Physical Footprint: Designator=R74 Old Footprint=FP-RC0603-0_55-IPC_C New Footprint=FP-RC0603-0_55-IPC_C
Change Physical Footprint: Designator=R75 Old Footprint=FP-CRCW0603-e3-IPC_A New Footprint=FP-CRCW0603-e3-IPC_A
Change Physical Footprint: Designator=R76 Old Footprint=RESC1608X55X25LL10T15 New Footprint=RESC1608X55X25LL10T15
Change Physical Footprint: Designator=R77 Old Footprint=FP-CRCW0603-e3-IPC_A New Footprint=FP-CRCW0603-e3-IPC_A
Change Physical Footprint: Designator=R78 Old Footprint=FP-RC0603-0_55-IPC_C New Footprint=FP-RC0603-0_55-IPC_C
Change Physical Footprint: Designator=R79 Old Footprint=FP-CRCW0603-e3-IPC_A New Footprint=FP-CRCW0603-e3-IPC_A
Change Physical Footprint: Designator=R80 Old Footprint=RESC1608X55X25LL10T15 New Footprint=RESC1608X55X25LL10T15
Change Physical Footprint: Designator=R81 Old Footprint=FP-CRCW0603-e3-IPC_A New Footprint=FP-CRCW0603-e3-IPC_A
Change Physical Footprint: Designator=R82 Old Footprint=FP-RC0603-0_55-IPC_C New Footprint=FP-RC0603-0_55-IPC_C
Change Physical Footprint: Designator=R83 Old Footprint=FP-CRCW0603-e3-IPC_A New Footprint=FP-CRCW0603-e3-IPC_A
Change Physical Footprint: Designator=R84 Old Footprint=RESC1608X55X25LL10T15 New Footprint=RESC1608X55X25LL10T15
Change Physical Footprint: Designator=R85 Old Footprint=FP-CRCW0603-e3-IPC_A New Footprint=FP-CRCW0603-e3-IPC_A
Change Physical Footprint: Designator=R86 Old Footprint=FP-RC0603-0_55-IPC_C New Footprint=FP-RC0603-0_55-IPC_C
Change Physical Footprint: Designator=R87 Old Footprint=FP-CRCW0603-e3-IPC_A New Footprint=FP-CRCW0603-e3-IPC_A
Change Physical Footprint: Designator=R88 Old Footprint=RESC1608X55X25LL10T15 New Footprint=RESC1608X55X25LL10T15
Change Physical Footprint: Designator=R89 Old Footprint=FP-CRCW0603-e3-IPC_A New Footprint=FP-CRCW0603-e3-IPC_A
Change Physical Footprint: Designator=R90 Old Footprint=FP-RC0603-0_55-IPC_C New Footprint=FP-RC0603-0_55-IPC_C
Change Physical Footprint: Designator=R91 Old Footprint=FP-CRCW0603-e3-IPC_C New Footprint=FP-CRCW0603-e3-IPC_C
Change Physical Footprint: Designator=R92 Old Footprint=FP-CRCW0603-e3-IPC_C New Footprint=FP-CRCW0603-e3-IPC_C
Change Physical Footprint: Designator=R93 Old Footprint=FP-CRCW0603-e3-IPC_C New Footprint=FP-CRCW0603-e3-IPC_C
Change Physical Footprint: Designator=R94 Old Footprint=FP-CRCW0603-e3-IPC_C New Footprint=FP-CRCW0603-e3-IPC_C
Change Physical Footprint: Designator=R95 Old Footprint=RESC1608X55X30LL15T15 New Footprint=RESC1608X55X30LL15T15
Change Physical Footprint: Designator=R96 Old Footprint=RESC2013X60X35LL10T20 New Footprint=RESC2013X60X35LL10T20
Change Physical Footprint: Designator=R97 Old Footprint=RESC1608X55X30LL15T15 New Footprint=RESC1608X55X30LL15T15
Change Physical Footprint: Designator=R98 Old Footprint=RESC2013X60X35LL10T20 New Footprint=RESC2013X60X35LL10T20
Change Physical Footprint: Designator=R99 Old Footprint=RESC2013X50X30ML20T20 New Footprint=RESC2013X50X30ML20T20
Change Physical Footprint: Designator=R100 Old Footprint=RESC2013X50X30ML20T20 New Footprint=RESC2013X50X30ML20T20
Change Physical Footprint: Designator=R101 Old Footprint=FP-CRCW0603-e3-IPC_C New Footprint=FP-CRCW0603-e3-IPC_C
Change Physical Footprint: Designator=R102 Old Footprint=FP-CRCW0603-e3-IPC_C New Footprint=FP-CRCW0603-e3-IPC_C
Change Physical Footprint: Designator=R103 Old Footprint=FP-CRCW0603-e3-IPC_C New Footprint=FP-CRCW0603-e3-IPC_C
Change Physical Footprint: Designator=R104 Old Footprint=FP-CRCW0603-e3-IPC_C New Footprint=FP-CRCW0603-e3-IPC_C
Change Physical Footprint: Designator=R105 Old Footprint=RESC1608X55X30LL15T15 New Footprint=RESC1608X55X30LL15T15
Change Physical Footprint: Designator=R106 Old Footprint=RESC2013X60X35LL10T20 New Footprint=RESC2013X60X35LL10T20
Change Physical Footprint: Designator=R107 Old Footprint=RESC1608X55X30LL15T15 New Footprint=RESC1608X55X30LL15T15
Change Physical Footprint: Designator=R108 Old Footprint=RESC2013X60X35LL10T20 New Footprint=RESC2013X60X35LL10T20
Change Physical Footprint: Designator=R109 Old Footprint=RESC2013X50X30ML20T20 New Footprint=RESC2013X50X30ML20T20
Change Physical Footprint: Designator=R110 Old Footprint=RESC2013X50X30ML20T20 New Footprint=RESC2013X50X30ML20T20
Change Physical Footprint: Designator=R111 Old Footprint=FP-CRCW0603-e3-IPC_C New Footprint=FP-CRCW0603-e3-IPC_C
Change Physical Footprint: Designator=R112 Old Footprint=FP-CRCW0603-e3-IPC_C New Footprint=FP-CRCW0603-e3-IPC_C
Change Physical Footprint: Designator=R113 Old Footprint=FP-CRCW0603-e3-IPC_C New Footprint=FP-CRCW0603-e3-IPC_C
Change Physical Footprint: Designator=R114 Old Footprint=FP-CRCW0603-e3-IPC_C New Footprint=FP-CRCW0603-e3-IPC_C
Change Physical Footprint: Designator=R115 Old Footprint=RESC1608X55X30LL15T15 New Footprint=RESC1608X55X30LL15T15
Change Physical Footprint: Designator=R116 Old Footprint=RESC2013X60X35LL10T20 New Footprint=RESC2013X60X35LL10T20
Change Physical Footprint: Designator=R117 Old Footprint=RESC1608X55X30LL15T15 New Footprint=RESC1608X55X30LL15T15
Change Physical Footprint: Designator=R118 Old Footprint=RESC2013X60X35LL10T20 New Footprint=RESC2013X60X35LL10T20
Change Physical Footprint: Designator=R119 Old Footprint=RESC2013X50X30ML20T20 New Footprint=RESC2013X50X30ML20T20
Change Physical Footprint: Designator=R120 Old Footprint=RESC2013X50X30ML20T20 New Footprint=RESC2013X50X30ML20T20
Change Physical Footprint: Designator=R121 Old Footprint=FP-CRCW0603-e3-IPC_C New Footprint=FP-CRCW0603-e3-IPC_C
Change Physical Footprint: Designator=R122 Old Footprint=FP-CRCW0603-e3-IPC_C New Footprint=FP-CRCW0603-e3-IPC_C
Change Physical Footprint: Designator=R123 Old Footprint=FP-CRCW0603-e3-IPC_C New Footprint=FP-CRCW0603-e3-IPC_C
Change Physical Footprint: Designator=R124 Old Footprint=FP-CRCW0603-e3-IPC_C New Footprint=FP-CRCW0603-e3-IPC_C
Change Physical Footprint: Designator=R125 Old Footprint=RESC1608X55X30LL15T15 New Footprint=RESC1608X55X30LL15T15
Change Physical Footprint: Designator=R126 Old Footprint=RESC2013X60X35LL10T20 New Footprint=RESC2013X60X35LL10T20
Change Physical Footprint: Designator=R127 Old Footprint=RESC1608X55X30LL15T15 New Footprint=RESC1608X55X30LL15T15
Change Physical Footprint: Designator=R128 Old Footprint=RESC2013X60X35LL10T20 New Footprint=RESC2013X60X35LL10T20
Change Physical Footprint: Designator=R129 Old Footprint=RESC2013X50X30ML20T20 New Footprint=RESC2013X50X30ML20T20
Change Physical Footprint: Designator=R130 Old Footprint=RESC2013X50X30ML20T20 New Footprint=RESC2013X50X30ML20T20
Change Physical Footprint: Designator=R131 Old Footprint=FP-CRCW0603-e3-IPC_C New Footprint=FP-CRCW0603-e3-IPC_C
Change Physical Footprint: Designator=R132 Old Footprint=FP-CRCW0603-e3-IPC_C New Footprint=FP-CRCW0603-e3-IPC_C
Change Physical Footprint: Designator=R133 Old Footprint=FP-CRCW0603-e3-IPC_C New Footprint=FP-CRCW0603-e3-IPC_C
Change Physical Footprint: Designator=R134 Old Footprint=FP-CRCW0603-e3-IPC_C New Footprint=FP-CRCW0603-e3-IPC_C
Change Physical Footprint: Designator=R135 Old Footprint=RESC1608X55X30LL15T15 New Footprint=RESC1608X55X30LL15T15
Change Physical Footprint: Designator=R136 Old Footprint=RESC2013X60X35LL10T20 New Footprint=RESC2013X60X35LL10T20
Change Physical Footprint: Designator=R137 Old Footprint=RESC1608X55X30LL15T15 New Footprint=RESC1608X55X30LL15T15
Change Physical Footprint: Designator=R138 Old Footprint=RESC2013X60X35LL10T20 New Footprint=RESC2013X60X35LL10T20
Change Physical Footprint: Designator=R139 Old Footprint=RESC2013X50X30ML20T20 New Footprint=RESC2013X50X30ML20T20
Change Physical Footprint: Designator=R140 Old Footprint=RESC2013X50X30ML20T20 New Footprint=RESC2013X50X30ML20T20
Change Physical Footprint: Designator=R141 Old Footprint=FP-CRCW0603-e3-IPC_C New Footprint=FP-CRCW0603-e3-IPC_C
Change Physical Footprint: Designator=R142 Old Footprint=FP-CRCW0603-e3-IPC_C New Footprint=FP-CRCW0603-e3-IPC_C
Change Physical Footprint: Designator=R143 Old Footprint=FP-CRCW0603-e3-IPC_C New Footprint=FP-CRCW0603-e3-IPC_C
Change Physical Footprint: Designator=R144 Old Footprint=FP-CRCW0603-e3-IPC_C New Footprint=FP-CRCW0603-e3-IPC_C
Change Physical Footprint: Designator=R145 Old Footprint=RESC1608X55X30LL15T15 New Footprint=RESC1608X55X30LL15T15
Change Physical Footprint: Designator=R146 Old Footprint=RESC2013X60X35LL10T20 New Footprint=RESC2013X60X35LL10T20
Change Physical Footprint: Designator=R147 Old Footprint=RESC1608X55X30LL15T15 New Footprint=RESC1608X55X30LL15T15
Change Physical Footprint: Designator=R148 Old Footprint=RESC2013X60X35LL10T20 New Footprint=RESC2013X60X35LL10T20
Change Physical Footprint: Designator=R149 Old Footprint=RESC2013X50X30ML20T20 New Footprint=RESC2013X50X30ML20T20
Change Physical Footprint: Designator=R150 Old Footprint=RESC2013X50X30ML20T20 New Footprint=RESC2013X50X30ML20T20
Change Physical Footprint: Designator=R151 Old Footprint=FP-RC0603-0_55-MFG New Footprint=FP-RC0603-0_55-MFG
Change Physical Footprint: Designator=R152 Old Footprint=FP-RC0603-0_55-MFG New Footprint=FP-RC0603-0_55-MFG
Change Physical Footprint: Designator=R153 Old Footprint=FP-CRCW0603-e3-IPC_A New Footprint=FP-CRCW0603-e3-IPC_A
Change Physical Footprint: Designator=R154 Old Footprint=FP-CRCW0603-e3-IPC_A New Footprint=FP-CRCW0603-e3-IPC_A
Change Physical Footprint: Designator=R155 Old Footprint=FP-RT0603-MFG New Footprint=FP-RT0603-MFG
Change Physical Footprint: Designator=R156 Old Footprint=FP-RT0603-MFG New Footprint=FP-RT0603-MFG
Change Physical Footprint: Designator=R157 Old Footprint=FP-CRCW0603-e3-IPC_B New Footprint=FP-CRCW0603-e3-IPC_B
Change Physical Footprint: Designator=R158 Old Footprint=FP-CRCW0603-e3-IPC_B New Footprint=FP-CRCW0603-e3-IPC_B
Change Physical Footprint: Designator=R159 Old Footprint=FP-3296Y-MFG New Footprint=FP-3296Y-MFG
Change Physical Footprint: Designator=R160 Old Footprint=FP-3296Y-MFG New Footprint=FP-3296Y-MFG
Change Physical Footprint: Designator=R161 Old Footprint=FP-CRCW0603-HPe3-IPC_B New Footprint=FP-CRCW0603-HPe3-IPC_B
Change Physical Footprint: Designator=R162 Old Footprint=FP-CRCW0603-HPe3-IPC_B New Footprint=FP-CRCW0603-HPe3-IPC_B
Change Physical Footprint: Designator=R163 Old Footprint=FP-RC0603-0_55-MFG New Footprint=FP-RC0603-0_55-MFG
Change Physical Footprint: Designator=R164 Old Footprint=FP-RC0603-0_55-MFG New Footprint=FP-RC0603-0_55-MFG
Change Physical Footprint: Designator=R165 Old Footprint=FP-CRCW0603-e3-IPC_A New Footprint=FP-CRCW0603-e3-IPC_A
Change Physical Footprint: Designator=R166 Old Footprint=FP-CRCW0603-e3-IPC_A New Footprint=FP-CRCW0603-e3-IPC_A
Change Physical Footprint: Designator=R167 Old Footprint=FP-RT0603-MFG New Footprint=FP-RT0603-MFG
Change Physical Footprint: Designator=R168 Old Footprint=FP-RT0603-MFG New Footprint=FP-RT0603-MFG
Change Physical Footprint: Designator=R169 Old Footprint=FP-CRCW0603-e3-IPC_B New Footprint=FP-CRCW0603-e3-IPC_B
Change Physical Footprint: Designator=R170 Old Footprint=FP-3296Y-MFG New Footprint=FP-3296Y-MFG
Change Physical Footprint: Designator=R171 Old Footprint=FP-CRCW0603-e3-IPC_B New Footprint=FP-CRCW0603-e3-IPC_B
Change Physical Footprint: Designator=R172 Old Footprint=FP-3296Y-MFG New Footprint=FP-3296Y-MFG
Change Physical Footprint: Designator=R173 Old Footprint=FP-CRCW0603-HPe3-IPC_B New Footprint=FP-CRCW0603-HPe3-IPC_B
Change Physical Footprint: Designator=R174 Old Footprint=FP-CRCW0603-HPe3-IPC_B New Footprint=FP-CRCW0603-HPe3-IPC_B
Change Physical Footprint: Designator=R175 Old Footprint=FP-TNPW1206-e3-MFG New Footprint=FP-TNPW1206-e3-MFG
Change Physical Footprint: Designator=R176 Old Footprint=FP-TNPW1206-e3-MFG New Footprint=FP-TNPW1206-e3-MFG
Change Physical Footprint: Designator=R177 Old Footprint=RESC2013X50X30NL20T20 New Footprint=RESC2013X50X30NL20T20
Change Physical Footprint: Designator=R178 Old Footprint=RESC2013X50X30NL20T20 New Footprint=RESC2013X50X30NL20T20
Change Physical Footprint: Designator=R179 Old Footprint=RESC2013X50X30NL20T20 New Footprint=RESC2013X50X30NL20T20
Change Physical Footprint: Designator=R180 Old Footprint=RESC1609X50X30NL8T20 New Footprint=RESC1609X50X30NL8T20
Change Physical Footprint: Designator=R181 Old Footprint=RESC1609X50X30NL8T20 New Footprint=RESC1609X50X30NL8T20
Change Physical Footprint: Designator=R182 Old Footprint=RESC1609X50X30NL8T20 New Footprint=RESC1609X50X30NL8T20
Change Physical Footprint: Designator=R183 Old Footprint=RESC1609X50X30NL8T20 New Footprint=RESC1609X50X30NL8T20
Change Physical Footprint: Designator=R184 Old Footprint=RESC1609X50X30NL8T20 New Footprint=RESC1609X50X30NL8T20
Change Physical Footprint: Designator=R185 Old Footprint=RESC1609X50X30NL8T20 New Footprint=RESC1609X50X30NL8T20
Change Physical Footprint: Designator=R186 Old Footprint=RESC1609X50X30NL8T20 New Footprint=RESC1609X50X30NL8T20
Change Physical Footprint: Designator=R187 Old Footprint=RESC1609X50X30NL8T20 New Footprint=RESC1609X50X30NL8T20
Change Physical Footprint: Designator=R188 Old Footprint=RESC2013X50X30NL20T20 New Footprint=RESC2013X50X30NL20T20
Change Physical Footprint: Designator=R189 Old Footprint=RESC2013X50X30NL20T20 New Footprint=RESC2013X50X30NL20T20
Change Physical Footprint: Designator=R190 Old Footprint=RESC2013X50X30NL20T20 New Footprint=RESC2013X50X30NL20T20
Change Physical Footprint: Designator=U6 Old Footprint=SOIC254P1030X460-6N New Footprint=SOIC254P1030X460-6N
Change Physical Footprint: Designator=U7 Old Footprint=SOIC254P1030X460-6N New Footprint=SOIC254P1030X460-6N
Change Physical Footprint: Designator=U8 Old Footprint=SOIC254P1030X460-6N New Footprint=SOIC254P1030X460-6N
Change Physical Footprint: Designator=U9 Old Footprint=SOIC254P1030X460-6N New Footprint=SOIC254P1030X460-6N
Change Physical Footprint: Designator=U10 Old Footprint=SOIC254P1030X460-6N New Footprint=SOIC254P1030X460-6N
Change Physical Footprint: Designator=U11 Old Footprint=SOIC254P1030X460-6N New Footprint=SOIC254P1030X460-6N
Change Physical Footprint: Designator=U12 Old Footprint=SOIC254P1030X460-6N New Footprint=SOIC254P1030X460-6N
Change Physical Footprint: Designator=U13 Old Footprint=SOIC254P1030X460-6N New Footprint=SOIC254P1030X460-6N
Change Physical Footprint: Designator=U14 Old Footprint=SOIC254P1030X460-6N New Footprint=SOIC254P1030X460-6N
Change Physical Footprint: Designator=U15 Old Footprint=SOIC254P1030X460-6N New Footprint=SOIC254P1030X460-6N
Change Physical Footprint: Designator=U16 Old Footprint=SOIC254P1030X460-6N New Footprint=SOIC254P1030X460-6N
Change Physical Footprint: Designator=U17 Old Footprint=SOIC254P1030X460-6N New Footprint=SOIC254P1030X460-6N
Change Physical Footprint: Designator=U18 Old Footprint=SOIC254P1030X460-6N New Footprint=SOIC254P1030X460-6N
Change Physical Footprint: Designator=U19 Old Footprint=SOIC254P1030X460-6N New Footprint=SOIC254P1030X460-6N
Change Physical Footprint: Designator=U20 Old Footprint=SOIC254P1030X460-6N New Footprint=SOIC254P1030X460-6N
Change Physical Footprint: Designator=U21 Old Footprint=SOIC254P1030X460-6N New Footprint=SOIC254P1030X460-6N
Change Physical Footprint: Designator=U22 Old Footprint=SOIC254P1030X460-6N New Footprint=SOIC254P1030X460-6N
Change Physical Footprint: Designator=U23 Old Footprint=SOIC254P1030X460-6N New Footprint=SOIC254P1030X460-6N
Change Physical Footprint: Designator=U24 Old Footprint=SOIC254P960X420-4N New Footprint=SOIC254P960X420-4N
Change Physical Footprint: Designator=U25 Old Footprint=SOIC254P960X420-4N New Footprint=SOIC254P960X420-4N
Change Physical Footprint: Designator=U26 Old Footprint=SOIC254P960X420-4N New Footprint=SOIC254P960X420-4N
Change Physical Footprint: Designator=U27 Old Footprint=SOIC254P960X420-4N New Footprint=SOIC254P960X420-4N
Change Physical Footprint: Designator=U28 Old Footprint=SOIC254P960X420-4N New Footprint=SOIC254P960X420-4N
Change Physical Footprint: Designator=U29 Old Footprint=SOIC254P960X420-4N New Footprint=SOIC254P960X420-4N
Change Physical Footprint: Designator=U30 Old Footprint=SOIC254P960X420-4N New Footprint=SOIC254P960X420-4N
Change Physical Footprint: Designator=U31 Old Footprint=SOIC254P960X420-4N New Footprint=SOIC254P960X420-4N
Change Physical Footprint: Designator=U32 Old Footprint=SOIC254P960X420-4N New Footprint=SOIC254P960X420-4N
Change Physical Footprint: Designator=U33 Old Footprint=SOIC254P960X420-4N New Footprint=SOIC254P960X420-4N
Change Physical Footprint: Designator=U34 Old Footprint=SOIC254P960X420-4N New Footprint=SOIC254P960X420-4N
Change Physical Footprint: Designator=U35 Old Footprint=SOIC254P960X420-4N New Footprint=SOIC254P960X420-4N
Change Physical Footprint: Designator=U36 Old Footprint=FP-D0008A-MFG New Footprint=FP-D0008A-MFG
Change Physical Footprint: Designator=U37 Old Footprint=FP-D0008A-MFG New Footprint=FP-D0008A-MFG
Change Physical Footprint: Designator=U38 Old Footprint=FP-D0008A-MFG New Footprint=FP-D0008A-MFG
Change Physical Footprint: Designator=U39 Old Footprint=FP-D0008A-MFG New Footprint=FP-D0008A-MFG
Change Physical Footprint: Designator=U40 Old Footprint=FP-D0008A-MFG New Footprint=FP-D0008A-MFG
Change Physical Footprint: Designator=U41 Old Footprint=SOIC-SL14_M New Footprint=SOIC-SL14_M
Change Physical Footprint: Designator=U42 Old Footprint=FP-DBZ0003A-IPC_B New Footprint=FP-DBZ0003A-IPC_B
Change Physical Footprint: Designator=U43 Old Footprint=FP-D0008A-MFG New Footprint=FP-D0008A-MFG
Change Physical Footprint: Designator=U44 Old Footprint=SOIC-SL14_M New Footprint=SOIC-SL14_M
Change Physical Footprint: Designator=U45 Old Footprint=FP-D0008A-MFG New Footprint=FP-D0008A-MFG
Change Physical Footprint: Designator=U46 Old Footprint=FP-DBZ0003A-IPC_B New Footprint=FP-DBZ0003A-IPC_B
Change Physical Footprint: Designator=U47 Old Footprint=MAXM-T1033+1_V New Footprint=MAXM-T1033+1_V
