Removed Pin From Net: NetName=VCC Pin=SW1-2
Removed Pin From Net: NetName=USIM_GND Pin=SW1-3
Removed Pin From Net: NetName=VCC Pin=SW2-2
Removed Pin From Net: NetName=USIM_GND Pin=SW2-3
Removed Pin From Net: NetName=VCC Pin=SW3-2
Removed Pin From Net: NetName=USIM_GND Pin=SW3-3
Removed Member From Class: ClassName=Digital_Input Member=SW1
Removed Member From Class: ClassName=Digital_Input2 Member=SW2
Removed Member From Class: ClassName=Digital_Input3 Member=SW3
Add Component: Footprint Not Found W5500
Added Pin To Net: NetName=VCC Pin=R21-2
Added Pin To Net: NetName=VCC Pin=R25-2
Added Pin To Net: NetName=VCC Pin=R29-2
Added Pin To Net: NetName=VCC Pin=R33-2
Added Pin To Net: NetName=VCC Pin=R37-2
Added Pin To Net: NetName=VCC Pin=R41-2
Added Pin To Net: NetName=VCC Pin=R45-2
Added Pin To Net: NetName=VCC Pin=R49-2
Added Pin To Net: NetName=VCC Pin=R53-2
Added Pin To Net: NetName=VCC Pin=R57-2
Added Pin To Net: NetName=VCC Pin=R61-2
Added Pin To Net: NetName=VCC Pin=R65-2
Added Pin To Net: NetName=VCC Pin=R69-2
Added Pin To Net: NetName=VCC Pin=R73-2
Added Pin To Net: NetName=VCC Pin=R77-2
Added Pin To Net: NetName=VCC Pin=R81-2
Added Pin To Net: NetName=VCC Pin=R85-2
Added Pin To Net: NetName=VCC Pin=R89-2
Add Pin To Net: Unknown Pin: Pin U48-1
Add Pin To Net: Unknown Pin: Pin U48-2
Add Pin To Net: Unknown Pin: Pin U48-3
Add Pin To Net: Unknown Pin: Pin U48-4
Add Pin To Net: Unknown Pin: Pin U48-5
Add Pin To Net: Unknown Pin: Pin U48-6
Add Pin To Net: Unknown Pin: Pin U48-7
Add Pin To Net: Unknown Pin: Pin U48-8
Add Pin To Net: Unknown Pin: Pin U48-10
Add Pin To Net: Unknown Pin: Pin U48-11
Add Pin To Net: Unknown Pin: Pin U48-12
Add Class Member: Failed to add class member : Component U48 W5500_LITE
